 --------------------------------------------------------------------------------------------------------------------------------------------- 
| Snapshot                | WNS                  | TNS                  | Density (%) | Hotspot         | Resource               | DRVs       |
|                         | HEPG (ns) | ALL (ns) | HEPG (ns) | ALL (ns) |             | Max    | Total  | Real (s) | Memory (MB) | Tran | Cap |
|-------------------------+-----------+----------+-----------+----------+-------------+--------+--------+----------+-------------+------+-----|
| initial_summary         |    -0.346 |   -0.346 |           |       -4 |        3.13 |        |        | 0:00:02  |        2849 |    1 |   0 |
| route_type_refinement   |           |          |           |          |             |        |        | 0:00:00  |        2849 |      |     |
| simplify_netlist        |           |          |           |          |             |        |        | 0:00:01  |        2851 |      |     |
| excluded_clk_net_fixing |           |          |           |          |             |        |        | 0:00:01  |        2851 |      |     |
| drv_fixing              |    -0.345 |   -0.345 |        -4 |       -4 |        3.28 |        |        | 0:00:02  |        2873 |    1 |   0 |
| global_opt              |           |   -0.290 |           |       -4 |        3.28 |        |        | 0:00:03  |        2887 |      |     |
| area_reclaiming         |    -0.290 |   -0.290 |        -4 |       -4 |        3.05 |        |        | 0:00:04  |        2890 |      |     |
| drv_fixing_2            |    -0.290 |   -0.290 |        -4 |       -4 |        3.12 |        |        | 0:00:02  |        2890 |    0 |   0 |
| wns_fixing              |    -0.150 |   -0.150 |        -3 |       -3 |        3.20 |        |        | 0:01:11  |        2937 |      |     |
| tns_fixing              |    -0.150 |   -0.150 |        -3 |       -3 |        3.21 |        |        | 0:00:22  |        2924 |      |     |
| area_reclaiming_2       |    -0.150 |   -0.150 |        -3 |       -3 |        3.12 |        |        | 0:00:03  |        2904 |      |     |
| area_reclaiming_3       |    -0.146 |   -0.146 |        -2 |       -2 |        3.03 |        |        | 0:00:04  |        2904 |      |     |
| local_wire_reclaim      |           |          |           |          |             |        |        | 0:00:02  |        2911 |      |     |
| global_route            |           |          |           |          |             |  12.20 |  13.77 | 0:00:01  |        2845 |      |     |
| route_type_refinement_2 |           |          |           |          |             |        |        | 0:00:00  |        2845 |      |     |
| drv_eco_fixing          |    -0.158 |   -0.158 |        -2 |       -2 |        3.22 |        |        | 0:00:02  |        2907 |    0 |   0 |
| tns_eco_fixing          |    -0.145 |   -0.145 |        -2 |       -2 |        3.23 |        |        | 0:00:03  |        2923 |      |     |
| tns_eco_fixing_2        |    -0.142 |   -0.142 |        -2 |       -2 |        3.24 |        |        | 0:00:18  |        2933 |      |     |
| tns_eco_fixing_3        |    -0.142 |   -0.142 |        -2 |       -2 |        3.24 |        |        | 0:00:01  |        2915 |      |     |
| final_summary           |    -0.143 |   -0.143 |           |       -2 |        3.23 | 118.36 | 151.15 | 0:00:04  |        2905 |    0 |   0 |
 --------------------------------------------------------------------------------------------------------------------------------------------- 
