 -------------------------------------------------------------------------------------------------------------------------------------------------------- 
| Snapshot                | WNS                  | TNS                  | Density (%) | Hotspot        | Resource               | DRVs       | Layer-OPT |
|                         | HEPG (ns) | ALL (ns) | HEPG (ns) | ALL (ns) |             | Max   | Total  | Real (s) | Memory (MB) | Tran | Cap | met4      |
|-------------------------+-----------+----------+-----------+----------+-------------+-------+--------+----------+-------------+------+-----+-----------|
| initial_summary         |           |   -1.621 |           |      -63 |        2.30 |       |        | 0:00:01  |        2780 |  146 | 174 |           |
| simplify_netlist        |           |          |           |          |             |       |        | 0:00:01  |        2789 |      |     |           |
| drv_fixing              |           |          |           |          |             |       |        | 0:00:00  |        2790 |      |     |           |
| drv_fixing_2            |     0.000 |   -0.695 |         0 |      -33 |        2.92 |       |        | 0:00:03  |        2821 |   34 |   0 |         3 |
| global_opt              |           |   -0.469 |           |      -11 |        3.08 |       |        | 0:00:05  |        2837 |      |     |         3 |
| area_reclaiming         |     0.000 |   -0.459 |         0 |      -11 |        2.98 |       |        | 0:00:04  |        2840 |      |     |           |
| incremental_replacement |    -0.604 |   -0.604 |           |       -5 |             | 81.70 | 133.18 | 0:00:39  |        2856 |      |     |           |
| drv_fixing_3            |    -0.568 |   -0.568 |        -5 |       -5 |        3.31 |       |        | 0:00:02  |        2848 |    0 |   0 |           |
| tns_fixing              |    -0.213 |   -0.213 |        -3 |       -3 |        3.34 |       |        | 0:00:04  |        2876 |      |     |           |
| wns_fixing              |    -0.104 |   -0.104 |        -2 |       -2 |        3.47 |       |        | 0:01:40  |        2920 |      |     |           |
| tns_fixing_2            |    -0.104 |   -0.104 |        -1 |       -1 |        3.50 |       |        | 0:00:18  |        2896 |      |     |           |
| area_reclaiming_2       |    -0.104 |   -0.104 |        -1 |       -1 |        3.26 |       |        | 0:00:04  |        2876 |      |     |           |
| area_reclaiming_3       |    -0.101 |   -0.101 |        -1 |       -1 |        2.96 |       |        | 0:00:05  |        2877 |      |     |           |
| drv_eco_fixing          |    -0.101 |   -0.101 |        -1 |       -1 |        3.11 |       |        | 0:00:02  |        2878 |    1 |   0 |           |
| tns_eco_fixing          |    -0.101 |   -0.101 |        -1 |       -1 |        3.11 |       |        | 0:00:14  |        2898 |      |     |           |
| final_summary           |    -0.103 |   -0.103 |           |       -1 |        3.11 |       |        | 0:00:03  |        2863 |    0 |   0 |           |
 -------------------------------------------------------------------------------------------------------------------------------------------------------- 
