============================================================
  Generated by:           Genus(TM) Synthesis Solution 25.11-s095_1
  Generated on:           Feb 09 2026  01:52:21 pm
  Operating conditions:   tt_1.8_25 
  Interconnect mode:      global
  Area mode:              physical library
============================================================

                                Leakage    Internal                    Library 
   Gate    Instances   Area   Power (nW)  Power (nW)       Library      Domain 
-------------------------------------------------------------------------------
AND2X2             2   19.044      1.344     6880.584 sky130_tt_1.8_25       0 
AND3X1             2   26.662      0.951     3403.351 sky130_tt_1.8_25       0 
AOI21X1            1    9.522      0.035     1396.903 sky130_tt_1.8_25       0 
BUFX2             11  104.742      5.482    23867.681 sky130_tt_1.8_25       0 
BUFX4              7   79.985      3.831    32154.066 sky130_tt_1.8_25       0 
BUFX8              2   41.897      2.237    24620.172 sky130_tt_1.8_25       0 
CLKAND2X2         13  123.786      6.644    21781.281 sky130_tt_1.8_25       0 
CLKBUFX2           2   19.044      0.972     7104.833 sky130_tt_1.8_25       0 
CLKBUFX8           2   41.897      2.237    20369.256 sky130_tt_1.8_25       0 
CLKINVX2           7   39.992      1.530     6315.245 sky130_tt_1.8_25       0 
CLKINVX4           1    9.522      0.852      594.651 sky130_tt_1.8_25       0 
CLKINVX8           1   17.140      1.757      198.342 sky130_tt_1.8_25       0 
DFFRX1             1   38.088      2.274    42806.182 sky130_tt_1.8_25       0 
DFFRX4            15  771.282     54.631   784754.752 sky130_tt_1.8_25       0 
INVX1              2   11.426      0.224     1216.885 sky130_tt_1.8_25       0 
INVX2              3   17.140      0.768     2807.317 sky130_tt_1.8_25       0 
INVX4              7   66.654      4.977     9960.667 sky130_tt_1.8_25       0 
NAND2X1            1    7.618      0.250     1393.487 sky130_tt_1.8_25       0 
NAND2X2           17  161.874      3.741    11404.169 sky130_tt_1.8_25       0 
NAND2X4           15  257.094      8.747    40446.989 sky130_tt_1.8_25       0 
NAND3X2            4   60.941      0.039        7.536 sky130_tt_1.8_25       0 
NAND3X4            4  106.646      0.866     8170.848 sky130_tt_1.8_25       0 
NAND4X2            4   76.176      0.056      408.934 sky130_tt_1.8_25       0 
NAND4X4            1   34.279      0.246     1760.556 sky130_tt_1.8_25       0 
NOR2X2             2   22.853      0.276     1766.089 sky130_tt_1.8_25       0 
NOR2X4             3   51.419      0.780     4788.425 sky130_tt_1.8_25       0 
OAI21X1            1    9.522      0.226      876.244 sky130_tt_1.8_25       0 
OAI21X2            1   15.235      0.338     2142.484 sky130_tt_1.8_25       0 
OR2X2              1    9.522      0.404     3927.326 sky130_tt_1.8_25       0 
XOR2X1             5   76.176      6.946    20266.626 sky130_tt_1.8_25       0 
XOR2X2             1   15.235      1.683     3181.160 sky130_tt_1.8_25       0 
-------------------------------------------------------------------------------
total            139 2342.412    115.343  1090773.040                          
                                           Leakage  Leakage   Internal  Internal 
     Type      Instances   Area   Area % Power (nW) Power %  Power (nW)  Power % 
---------------------------------------------------------------------------------
sequential            16  809.370   34.6     56.906    49.3  827560.934     75.9 
inverter              21  161.874    6.9     10.108     8.8   21093.107      1.9 
buffer                24  287.564   12.3     14.758    12.8  108116.008      9.9 
logic                 78 1083.604   46.3     33.571    29.1  134002.991     12.3 
physical_cells         0    0.000    0.0      0.000     0.0       0.000      0.0 
---------------------------------------------------------------------------------
total                139 2342.412  100.0    115.343   100.0 1090773.040    100.0 
