============================================================
  Generated by:           Genus(TM) Synthesis Solution 25.11-s095_1
  Generated on:           Feb 09 2026  01:52:09 pm
  Module:                 counter_16bit
  Library domain:         tt_v1.8_25C
    Domain index:         0
    Technology libraries: sky130_tt_1.8_25 1.0
                          sky130_sram_2kbyte_1rw1r_32x512_8_TT_1p8V_25C_lib 
  Operating conditions:   tt_1.8_25 
  Interconnect mode:      global
  Area mode:              physical library
============================================================

Timing
--------

       Analysis view           Clock   Period 
----------------------------------------------
tt_v1.8_25C_Nominal_25_func core_clock 1000.0 


          Analysis             Cost     Critical           Violating 
            View               Group   Path Slack   TNS      Paths   
---------------------------------------------------------------------
tt_v1.8_25C_Nominal_25_func core_clock     -233.3 -2923.2         15 
                               default   No paths     0.0          0 
---------------------------------------------------------------------
Total                                             -2923.2         15 
                                                                     

Instance Count
--------------
Leaf Instance Count             139 
Physical Instance count           0 
Sequential Instance Count        16 
Combinational Instance Count    123 
Hierarchical Instance Count       0 

Area
----
Cell Area                          2342.412
Physical Cell Area                 0.000
Total Cell Area (Cell+Physical)    2342.412
Net Area                           2605.440
Total Area (Cell+Physical+Net)     4947.852

Max Fanout                         16 (clk)
Min Fanout                         0 (rst_n)
Average Fanout                     1.8
Terms to net ratio                 2.8851
Terms to instance ratio            3.0719
Runtime                            56.999173 seconds
Elapsed Runtime                    62 seconds
Genus peak memory usage            1956.97 
Innovus peak memory usage          no_value 
Hostname                           ece-rschsrv.ece.gatech.edu
