============================================================
  Generated by:           Genus(TM) Synthesis Solution 25.11-s095_1
  Generated on:           Feb 09 2026  01:50:07 pm
  Operating conditions:   tt_1.8_25 
  Interconnect mode:      global
  Area mode:              physical library
============================================================

                                Leakage    Internal                    Library 
   Gate    Instances   Area   Power (nW)  Power (nW)       Library      Domain 
-------------------------------------------------------------------------------
AND2X1             1    9.522      0.328     1379.504 sky130_tt_1.8_25       0 
AND2X2             1    9.522      0.599     3260.380 sky130_tt_1.8_25       0 
BUFX2             11  104.742      5.377    29055.617 sky130_tt_1.8_25       0 
BUFX4             11  125.690      7.005    46178.871 sky130_tt_1.8_25       0 
BUFX8              5  104.742      5.592    41280.303 sky130_tt_1.8_25       0 
CLKAND2X2          8   76.176      4.286    13610.469 sky130_tt_1.8_25       0 
CLKBUFX8           1   20.948      1.118    10313.062 sky130_tt_1.8_25       0 
CLKINVX2          12   68.558      2.901     8252.209 sky130_tt_1.8_25       0 
CLKINVX4           1    9.522      0.773     1142.290 sky130_tt_1.8_25       0 
CLKINVX8           2   34.279      3.087     4427.580 sky130_tt_1.8_25       0 
CLKXOR2X1          2   26.662      2.531    10959.722 sky130_tt_1.8_25       0 
DFFRX4            16  822.701     57.271   850479.726 sky130_tt_1.8_25       0 
INVX1              2   11.426      0.224     1018.808 sky130_tt_1.8_25       0 
INVX4              8   76.176      4.907    11500.010 sky130_tt_1.8_25       0 
NAND2X1            1    7.618      0.114      571.128 sky130_tt_1.8_25       0 
NAND2X2           15  142.830      2.764     7355.647 sky130_tt_1.8_25       0 
NAND2X4           12  205.675      6.798    31409.723 sky130_tt_1.8_25       0 
NAND3X2            6   91.411      0.210     1628.465 sky130_tt_1.8_25       0 
NAND3X4            2   53.323      0.125     1823.269 sky130_tt_1.8_25       0 
NAND4X2            1   19.044      0.008       28.376 sky130_tt_1.8_25       0 
NAND4X4            1   34.279      0.018      100.614 sky130_tt_1.8_25       0 
NOR2X1             1    7.618      0.100      413.694 sky130_tt_1.8_25       0 
NOR2X4             2   34.279      0.532     3028.382 sky130_tt_1.8_25       0 
XOR2X1             3   45.706      3.918    14316.388 sky130_tt_1.8_25       0 
XOR2X2             6   91.411      9.941    23284.322 sky130_tt_1.8_25       0 
-------------------------------------------------------------------------------
total            131 2233.861    120.529  1116818.559                          
                                           Leakage  Leakage   Internal  Internal 
     Type      Instances   Area   Area % Power (nW) Power %  Power (nW)  Power % 
---------------------------------------------------------------------------------
sequential            16  822.701   36.8     57.271    47.5  850479.726     76.2 
inverter              25  199.962    9.0     11.892     9.9   26340.897      2.4 
buffer                28  356.123   15.9     19.093    15.8  126827.852     11.4 
logic                 62  855.076   38.3     32.273    26.8  113170.083     10.1 
physical_cells         0    0.000    0.0      0.000     0.0       0.000      0.0 
---------------------------------------------------------------------------------
total                131 2233.861  100.0    120.529   100.0 1116818.559    100.0 
