###############################################################
#  Generated by:      Cadence Innovus 25.11-s102_1
#  OS:                Linux x86_64(Host ID ece-rschsrv.ece.gatech.edu)
#  Generated on:      Sat Feb 14 12:52:04 2026
#  Design:            counter_16bit
#  Command:           report_constraint -early -all_violators -drv_violation_type {min_capacitance min_transition min_fanout} > reports/postcts/hold.all_violators.rpt
###############################################################
# format : frame 0 : split 0

min_delay/hold
---------------------------
No paths found

Check type : min_capacitance
---------------------------
     ----------------------------------------------------------------------------------------------  
      Pin Name               Required          Actual            Slack             View              
     ----------------------------------------------------------------------------------------------  
     count_reg[3]/QN       0.001             0.000             -0.001            tt_v1.8_25C_Nominal_25_func
     count_reg[2]/QN       0.001             0.000             -0.001            tt_v1.8_25C_Nominal_25_func
     count_reg[9]/QN       0.001             0.000             -0.001            tt_v1.8_25C_Nominal_25_func
     count_reg[6]/QN       0.001             0.000             -0.001            tt_v1.8_25C_Nominal_25_func
     count_reg[5]/QN       0.001             0.000             -0.001            tt_v1.8_25C_Nominal_25_func
     count_reg[0]/QN       0.001             0.000             -0.001            tt_v1.8_25C_Nominal_25_func
     count_reg[1]/QN       0.001             0.000             -0.001            tt_v1.8_25C_Nominal_25_func
     count_reg[7]/QN       0.001             0.000             -0.001            tt_v1.8_25C_Nominal_25_func
     count_reg[4]/QN       0.001             0.000             -0.001            tt_v1.8_25C_Nominal_25_func
     count_reg[13]/QN      0.001             0.000             -0.001            tt_v1.8_25C_Nominal_25_func

Check type : min_transition
---------------------------
 No Violations found

Check type : min_fanout
---------------------------
 No Violations found
