 ------------------------------------------------------------------------------------------------------------------------------------------ 
| Snapshot                | WNS                  | TNS                  | Density (%) | Hotspot      | Resource               | DRVs       |
|                         | HEPG (ns) | ALL (ns) | HEPG (ns) | ALL (ns) |             | Max  | Total | Real (s) | Memory (MB) | Tran | Cap |
|-------------------------+-----------+----------+-----------+----------+-------------+------+-------+----------+-------------+------+-----|
| initial_summary         |    -0.153 |   -0.153 |           |       -1 |        0.20 |      |       | 0:00:00  |        2999 |    0 |   0 |
| route_type_refinement   |           |          |           |          |             |      |       | 0:00:01  |        3000 |      |     |
| simplify_netlist        |           |          |           |          |             |      |       | 0:00:00  |        2998 |      |     |
| excluded_clk_net_fixing |           |          |           |          |             |      |       | 0:00:01  |        2998 |      |     |
| global_opt              |           |   -0.153 |           |       -1 |        0.20 |      |       | 0:00:02  |        2999 |      |     |
| area_reclaiming         |    -0.136 |   -0.136 |        -1 |       -1 |        0.20 |      |       | 0:00:01  |        3003 |      |     |
| wns_fixing              |    -0.103 |   -0.103 |        -1 |       -1 |        0.21 |      |       | 0:00:23  |        3024 |      |     |
| tns_fixing              |    -0.103 |   -0.103 |        -1 |       -1 |        0.21 |      |       | 0:00:10  |        3019 |      |     |
| area_reclaiming_2       |    -0.101 |   -0.101 |        -1 |       -1 |        0.21 |      |       | 0:00:01  |        3014 |      |     |
| local_wire_reclaim      |           |          |           |          |             |      |       | 0:00:01  |        3024 |      |     |
| global_route            |           |          |           |          |             | 0.00 |  0.00 | 0:00:01  |        2977 |      |     |
| route_type_refinement_2 |           |          |           |          |             |      |       | 0:00:00  |        2977 |      |     |
| drv_eco_fixing          |    -0.105 |   -0.105 |        -1 |       -1 |        0.21 |      |       | 0:00:01  |        3016 |    0 |   0 |
| tns_eco_fixing          |    -0.105 |   -0.105 |        -1 |       -1 |        0.21 |      |       | 0:00:02  |        3027 |      |     |
| tns_eco_fixing_2        |    -0.098 |   -0.098 |        -1 |       -1 |        0.21 |      |       | 0:00:11  |        3034 |      |     |
| tns_eco_fixing_3        |    -0.098 |   -0.098 |        -1 |       -1 |        0.21 |      |       | 0:00:01  |        3029 |      |     |
| final_summary           |    -0.098 |   -0.098 |           |       -1 |        0.21 | 0.00 |  0.00 | 0:00:02  |        3025 |    0 |   0 |
 ------------------------------------------------------------------------------------------------------------------------------------------ 
