**INFO: Starting Blocking QThread with 1 CPU
   ____________________________________________________________________
__/ message from Blocking QThread
*** QThread MetricCollect [begin] (IncrReplace #1 / place_opt_design #1) : mem = 2.2M
###############################################################
#  Generated by:      Cadence Innovus 25.11-s102_1
#  OS:                Linux x86_64(Host ID ece-rschsrv.ece.gatech.edu)
#  Generated on:      Tue Oct  7 17:02:40 2025
#  Design:            top_lvl
#  Command:           place_opt_design -report_dir debug -report_prefix prects
###############################################################

REPORT ANALYSIS SUMMARY (View:tt_v1.8_25C_Nominal_25_func) (EL:Setup)
=========================================================================================================================================================================================================

GroupType:*
=========================================================================================================================================================================================================

         All                             IN2REG                          IN2OUT                           REG2REG                              REG2OUT
    -----------------------------------------------------------------------------------------------------------------------------------------------------------------------------------------------------  
     WNS:TNS:#VIO                     WNS:TNS:#VIO                     WNS:TNS:#VIO                     WNS:TNS:#VIO                     WNS:TNS:#VIO                     FromClk->ToClk                   
    -----------------------------------------------------------------------------------------------------------------------------------------------------------------------------------------------------  
    -0.604:-4.992:27                 -0.108:-0.322:5                  0.000:0.000:0                    -0.604:-4.669:22                 0.000:0.000:0                    *->*
Ending "set_metric_timing_analysis_summary" (total cpu=0:00:00.1, real=0:00:01.0, peak res=2856.1M, current mem=2174.3M)
Ending "get_summary_setup_timing" (total cpu=0:00:00.3, real=0:00:01.0, peak res=2856.1M, current mem=2175.6M)
*** QThread MetricCollect [finish] (IncrReplace #1 / place_opt_design #1) : cpu/real = 0:00:00.7/0:00:00.7 (1.0), mem = 36.0M
_______________________________________________________________________
