###############################################################
#  Generated by:      Cadence Innovus 25.11-s102_1
#  OS:                Linux x86_64(Host ID ece-rschsrv.ece.gatech.edu)
#  Generated on:      Sat Feb 14 12:54:43 2026
#  Design:            counter_16bit
#  Command:           report_timing_summary -checks {hold drv} > [file join [get_db flow_report_directory] [get_db flow_report_name] [get_db flow_report_prefix]hold.analysis_summary.rpt]
###############################################################
# HOLD                 WNS    TNS   FEP   
#----------------------------------------
 View : ALL          0.078  0.000     0  
    Group : Async    0.113  0.000     0  
    Group : in2out     N/A    N/A     0  
    Group : reg2out    N/A    N/A     0  
    Group : in2reg   0.078    0.0     0  
    Group : reg2reg  0.106    0.0     0  
                                         
#----------------------------------------
 
# DRV                           WNS     TNS   FEP   
#--------------------------------------------------
 View : ALL                                        
    Check : max_transition      N/A     N/A     0  
    Check : min_transition      N/A     N/A     0  
    Check : max_capacitance     N/A     N/A     0  
    Check : min_capacitance  -0.001  -0.010    10  
    Check : max_fanout          N/A     N/A     0  
    Check : min_fanout          N/A     N/A     0  
                                                   
#--------------------------------------------------
 
