###############################################################
#  Generated by:      Cadence Innovus 25.11-s102_1
#  OS:                Linux x86_64(Host ID ece-rschsrv.ece.gatech.edu)
#  Generated on:      Sat Feb 14 12:54:53 2026
#  Design:            counter_16bit
#  Command:           report_timing -early -max_paths 500 -nworst 1 -path_type full_clock      > [file join [get_db flow_report_directory] [get_db flow_report_name] hold.gba.rpt]
###############################################################
Path 1: MET (0.078 ns) Hold Check with Pin count_reg[2]/CK->D
               View: tt_v1.8_25C_Nominal_25_func
              Group: core_clock
         Startpoint: (F) enable
              Clock:
           Endpoint: (F) count_reg[2]/D
              Clock: (R) core_clock

                       Capture       Launch
         Clock Edge:+    0.000        0.000
        Src Latency:+   -0.015        0.000
        Net Latency:+    0.003 (P)    0.000 (I)
            Arrival:=   -0.012        0.000

               Hold:+   -0.003
        Uncertainty:+    0.250
        Cppr Adjust:-    0.000
      Required Time:=    0.235
       Launch Clock:=    0.000
          Data Path:+    0.312
              Slack:=    0.078
     Timing Path:

#------------------------------------------------------------------------------------------------
# Timing Point                     Flags  Arc     Edge  Cell       Fanout  Trans   Delay  Arrival  
#                                                                           (ns)    (ns)     (ns)  
#------------------------------------------------------------------------------------------------
  enable                           -      enable  F     (arrival)       5  0.003   0.079    0.079  
  g2931/Y                          -      B->Y    R     NAND2X4         2  0.129   0.087    0.166  
  cts_prects_FE_DBTC0_n_527_dup/Y  -      A->Y    F     INVX4           4  0.048   0.045    0.211  
  inc_ADD_UNS_OP_g2626__1617/Y     -      A->Y    R     NAND2X4         3  0.029   0.050    0.261  
  prects_FE_RC_38_0/Y              -      A1->Y   F     OAI21X1         1  0.034   0.051    0.312  
  count_reg[2]/D                   -      D       F     DFFRX4          1  0.028   0.000    0.312  
#------------------------------------------------------------------------------------------------
     Other End Path:

#-----------------------------------------------------------------------------
# Timing Point     Flags  Arc  Edge  Cell       Fanout  Trans   Delay  Arrival  
#                                                        (ns)    (ns)     (ns)  
#-----------------------------------------------------------------------------
  clk              -      clk  R     (arrival)      16  0.003   0.003   -0.012  
  count_reg[2]/CK  -      CK   R     DFFRX4         16  0.005   0.000   -0.012  
#-----------------------------------------------------------------------------
Path 2: MET (0.106 ns) Hold Check with Pin count_reg[13]/CK->D
               View: tt_v1.8_25C_Nominal_25_func
              Group: core_clock
         Startpoint: (R) count_reg[13]/CK
              Clock: (R) core_clock
           Endpoint: (F) count_reg[13]/D
              Clock: (R) core_clock

                       Capture       Launch
         Clock Edge:+    0.000        0.000
        Src Latency:+   -0.015       -0.015
        Net Latency:+    0.002 (P)    0.002 (P)
            Arrival:=   -0.013       -0.013

               Hold:+   -0.002
        Uncertainty:+    0.250
        Cppr Adjust:-    0.000
      Required Time:=    0.235
       Launch Clock:=   -0.013
          Data Path:+    0.355
              Slack:=    0.106
     Timing Path:

#--------------------------------------------------------------------------------------------
# Timing Point                  Flags  Arc    Edge  Cell       Fanout  Trans   Delay  Arrival  
#                                                                       (ns)    (ns)     (ns)  
#--------------------------------------------------------------------------------------------
  clk                           -      clk    R     (arrival)      16  0.003   0.002   -0.013  
  count_reg[13]/Q               -      CK->Q  F     DFFRX4          4  0.004   0.280    0.267  
  g14/Y                         -      A->Y   R     NAND2X2         1  0.037   0.044    0.311  
  inc_ADD_UNS_OP_g2599__5122/Y  -      B->Y   F     NAND2X1         1  0.022   0.031    0.342  
  count_reg[13]/D               -      D      F     DFFRX4          1  0.022   0.000    0.342  
#--------------------------------------------------------------------------------------------
     Other End Path:

#------------------------------------------------------------------------------
# Timing Point      Flags  Arc  Edge  Cell       Fanout  Trans   Delay  Arrival  
#                                                         (ns)    (ns)     (ns)  
#------------------------------------------------------------------------------
  clk               -      clk  R     (arrival)      16  0.003   0.002   -0.013  
  count_reg[13]/CK  -      CK   R     DFFRX4         16  0.004   0.000   -0.013  
#------------------------------------------------------------------------------
Path 3: MET (0.108 ns) Hold Check with Pin count_reg[1]/CK->D
               View: tt_v1.8_25C_Nominal_25_func
              Group: core_clock
         Startpoint: (F) enable
              Clock:
           Endpoint: (F) count_reg[1]/D
              Clock: (R) core_clock

                       Capture       Launch
         Clock Edge:+    0.000        0.000
        Src Latency:+   -0.015        0.000
        Net Latency:+    0.003 (P)    0.000 (I)
            Arrival:=   -0.012        0.000

               Hold:+   -0.006
        Uncertainty:+    0.250
        Cppr Adjust:-    0.000
      Required Time:=    0.232
       Launch Clock:=    0.000
          Data Path:+    0.339
              Slack:=    0.108
     Timing Path:

#------------------------------------------------------------------------------------------------
# Timing Point                     Flags  Arc     Edge  Cell       Fanout  Trans   Delay  Arrival  
#                                                                           (ns)    (ns)     (ns)  
#------------------------------------------------------------------------------------------------
  enable                           -      enable  F     (arrival)       5  0.003   0.079    0.079  
  g2931/Y                          -      B->Y    R     NAND2X4         2  0.129   0.087    0.166  
  cts_prects_FE_DBTC0_n_527_dup/Y  -      A->Y    F     INVX4           4  0.048   0.044    0.211  
  inc_ADD_UNS_OP_g2623__6783/Y     -      B->Y    F     CLKXOR2X1       1  0.029   0.129    0.339  
  count_reg[1]/D                   -      D       F     DFFRX4          1  0.038   0.000    0.339  
#------------------------------------------------------------------------------------------------
     Other End Path:

#-----------------------------------------------------------------------------
# Timing Point     Flags  Arc  Edge  Cell       Fanout  Trans   Delay  Arrival  
#                                                        (ns)    (ns)     (ns)  
#-----------------------------------------------------------------------------
  clk              -      clk  R     (arrival)      16  0.003   0.003   -0.012  
  count_reg[1]/CK  -      CK   R     DFFRX4         16  0.005   0.000   -0.012  
#-----------------------------------------------------------------------------
Path 4: MET (0.110 ns) Hold Check with Pin count_reg[14]/CK->D
               View: tt_v1.8_25C_Nominal_25_func
              Group: core_clock
         Startpoint: (R) count_reg[14]/CK
              Clock: (R) core_clock
           Endpoint: (F) count_reg[14]/D
              Clock: (R) core_clock

                       Capture       Launch
         Clock Edge:+    0.000        0.000
        Src Latency:+   -0.015       -0.015
        Net Latency:+    0.003 (P)    0.002 (P)
            Arrival:=   -0.012       -0.012

               Hold:+   -0.002
        Uncertainty:+    0.250
        Cppr Adjust:-    0.000
      Required Time:=    0.236
       Launch Clock:=   -0.012
          Data Path:+    0.358
              Slack:=    0.110
     Timing Path:

#--------------------------------------------------------------------------------------------
# Timing Point                  Flags  Arc    Edge  Cell       Fanout  Trans   Delay  Arrival  
#                                                                       (ns)    (ns)     (ns)  
#--------------------------------------------------------------------------------------------
  clk                           -      clk    R     (arrival)      16  0.003   0.002   -0.012  
  count_reg[14]/Q               -      CK->Q  F     DFFRX4          3  0.005   0.281    0.269  
  inc_ADD_UNS_OP_g2605__5115/Y  -      A->Y   R     NAND2X2         1  0.038   0.044    0.313  
  inc_ADD_UNS_OP_g2603__1881/Y  -      B->Y   F     NAND2X1         1  0.022   0.032    0.346  
  count_reg[14]/D               -      D      F     DFFRX4          1  0.024   0.000    0.346  
#--------------------------------------------------------------------------------------------
     Other End Path:

#------------------------------------------------------------------------------
# Timing Point      Flags  Arc  Edge  Cell       Fanout  Trans   Delay  Arrival  
#                                                         (ns)    (ns)     (ns)  
#------------------------------------------------------------------------------
  clk               -      clk  R     (arrival)      16  0.003   0.003   -0.012  
  count_reg[14]/CK  -      CK   R     DFFRX4         16  0.005   0.000   -0.012  
#------------------------------------------------------------------------------
Path 5: MET (0.110 ns) Hold Check with Pin count_reg[5]/CK->D
               View: tt_v1.8_25C_Nominal_25_func
              Group: core_clock
         Startpoint: (F) enable
              Clock:
           Endpoint: (F) count_reg[5]/D
              Clock: (R) core_clock

                       Capture       Launch
         Clock Edge:+    0.000        0.000
        Src Latency:+   -0.015        0.000
        Net Latency:+    0.003 (P)    0.000 (I)
            Arrival:=   -0.012        0.000

               Hold:+    0.000
        Uncertainty:+    0.250
        Cppr Adjust:-    0.000
      Required Time:=    0.238
       Launch Clock:=    0.000
          Data Path:+    0.349
              Slack:=    0.110
     Timing Path:

#---------------------------------------------------------------------------------------------
# Timing Point                  Flags  Arc     Edge  Cell       Fanout  Trans   Delay  Arrival  
#                                                                        (ns)    (ns)     (ns)  
#---------------------------------------------------------------------------------------------
  enable                        -      enable  F     (arrival)       5  0.003   0.079    0.079  
  g2931/Y                       -      B->Y    R     NAND2X4         2  0.129   0.087    0.166  
  prects_FE_DBTC0_n_527/Y       -      A->Y    F     INVX4           1  0.048   0.030    0.197  
  prects_FE_RC_16_0/Y           -      C->Y    R     NAND3X4         2  0.018   0.037    0.234  
  g9/Y                          -      A->Y    F     INVX4           2  0.031   0.034    0.267  
  inc_ADD_UNS_OP_g2593__6783/Y  -      B->Y    R     NAND2X4         2  0.021   0.039    0.306  
  prects_FE_RC_15_0/Y           -      A1->Y   F     OAI21X2         1  0.032   0.043    0.349  
  count_reg[5]/D                -      D       F     DFFRX4          1  0.018   0.000    0.349  
#---------------------------------------------------------------------------------------------
     Other End Path:

#-----------------------------------------------------------------------------
# Timing Point     Flags  Arc  Edge  Cell       Fanout  Trans   Delay  Arrival  
#                                                        (ns)    (ns)     (ns)  
#-----------------------------------------------------------------------------
  clk              -      clk  R     (arrival)      16  0.003   0.003   -0.012  
  count_reg[5]/CK  -      CK   R     DFFRX4         16  0.005   0.000   -0.012  
#-----------------------------------------------------------------------------
Path 6: MET (0.111 ns) Hold Check with Pin count_reg[6]/CK->D
               View: tt_v1.8_25C_Nominal_25_func
              Group: core_clock
         Startpoint: (F) enable
              Clock:
           Endpoint: (F) count_reg[6]/D
              Clock: (R) core_clock

                       Capture       Launch
         Clock Edge:+    0.000        0.000
        Src Latency:+   -0.015        0.000
        Net Latency:+    0.003 (P)    0.000 (I)
            Arrival:=   -0.012        0.000

               Hold:+   -0.001
        Uncertainty:+    0.250
        Cppr Adjust:-    0.000
      Required Time:=    0.237
       Launch Clock:=    0.000
          Data Path:+    0.348
              Slack:=    0.111
     Timing Path:

#----------------------------------------------------------------------------------------
# Timing Point             Flags  Arc     Edge  Cell       Fanout  Trans   Delay  Arrival  
#                                                                   (ns)    (ns)     (ns)  
#----------------------------------------------------------------------------------------
  enable                   -      enable  F     (arrival)       5  0.003   0.079    0.079  
  g2931/Y                  -      B->Y    R     NAND2X4         2  0.129   0.087    0.166  
  prects_FE_DBTC0_n_527/Y  -      A->Y    F     INVX4           1  0.048   0.030    0.197  
  prects_FE_RC_16_0/Y      -      C->Y    R     NAND3X4         2  0.018   0.037    0.234  
  g9/Y                     -      A->Y    F     INVX4           2  0.031   0.034    0.267  
  g8/Y                     -      B->Y    R     NAND2X4         2  0.021   0.035    0.302  
  prects_FE_RC_0_0/Y       -      A1->Y   F     OAI21X2         1  0.026   0.046    0.348  
  count_reg[6]/D           -      D       F     DFFRX4          1  0.023   0.000    0.348  
#----------------------------------------------------------------------------------------
     Other End Path:

#-----------------------------------------------------------------------------
# Timing Point     Flags  Arc  Edge  Cell       Fanout  Trans   Delay  Arrival  
#                                                        (ns)    (ns)     (ns)  
#-----------------------------------------------------------------------------
  clk              -      clk  R     (arrival)      16  0.003   0.003   -0.012  
  count_reg[6]/CK  -      CK   R     DFFRX4         16  0.005   0.000   -0.012  
#-----------------------------------------------------------------------------
Path 7: MET (0.113 ns) Removal Check with Pin count_reg[5]/CK->RN
               View: tt_v1.8_25C_Nominal_25_func
              Group: async_default
         Startpoint: (R) rst_n
              Clock:
           Endpoint: (R) count_reg[5]/RN
              Clock: (R) core_clock

                       Capture       Launch
         Clock Edge:+    0.000        0.000
        Src Latency:+   -0.015        0.000
        Net Latency:+    0.003 (P)    0.000 (I)
            Arrival:=   -0.012        0.000

            Removal:+    0.237
        Uncertainty:+    0.250
        Cppr Adjust:-    0.000
      Required Time:=    0.475
       Launch Clock:=    0.000
          Data Path:+    0.588
              Slack:=    0.113
     Timing Path:

#---------------------------------------------------------------------------------------
# Timing Point             Flags  Arc    Edge  Cell       Fanout  Trans   Delay  Arrival  
#                                                                  (ns)    (ns)     (ns)  
#---------------------------------------------------------------------------------------
  rst_n                    -      rst_n  R     (arrival)       1  0.003   0.000    0.000  
  postcts_FE_PHC1_rst_n/Y  -      A->Y   R     DLY1X1          1  0.003   0.191    0.192  
  postcts_FE_PHC0_rst_n/Y  -      A->Y   R     BUFX4          16  0.035   0.396    0.588  
  count_reg[5]/RN          -      RN     R     DFFRX4         16  0.504   0.000    0.588  
#---------------------------------------------------------------------------------------
     Other End Path:

#-----------------------------------------------------------------------------
# Timing Point     Flags  Arc  Edge  Cell       Fanout  Trans   Delay  Arrival  
#                                                        (ns)    (ns)     (ns)  
#-----------------------------------------------------------------------------
  clk              -      clk  R     (arrival)      16  0.003   0.003   -0.012  
  count_reg[5]/CK  -      CK   R     DFFRX4         16  0.005   0.000   -0.012  
#-----------------------------------------------------------------------------
Path 8: MET (0.113 ns) Removal Check with Pin count_reg[6]/CK->RN
               View: tt_v1.8_25C_Nominal_25_func
              Group: async_default
         Startpoint: (R) rst_n
              Clock:
           Endpoint: (R) count_reg[6]/RN
              Clock: (R) core_clock

                       Capture       Launch
         Clock Edge:+    0.000        0.000
        Src Latency:+   -0.015        0.000
        Net Latency:+    0.003 (P)    0.000 (I)
            Arrival:=   -0.012        0.000

            Removal:+    0.237
        Uncertainty:+    0.250
        Cppr Adjust:-    0.000
      Required Time:=    0.475
       Launch Clock:=    0.000
          Data Path:+    0.588
              Slack:=    0.113
     Timing Path:

#---------------------------------------------------------------------------------------
# Timing Point             Flags  Arc    Edge  Cell       Fanout  Trans   Delay  Arrival  
#                                                                  (ns)    (ns)     (ns)  
#---------------------------------------------------------------------------------------
  rst_n                    -      rst_n  R     (arrival)       1  0.003   0.000    0.000  
  postcts_FE_PHC1_rst_n/Y  -      A->Y   R     DLY1X1          1  0.003   0.191    0.192  
  postcts_FE_PHC0_rst_n/Y  -      A->Y   R     BUFX4          16  0.035   0.396    0.588  
  count_reg[6]/RN          -      RN     R     DFFRX4         16  0.504   0.000    0.588  
#---------------------------------------------------------------------------------------
     Other End Path:

#-----------------------------------------------------------------------------
# Timing Point     Flags  Arc  Edge  Cell       Fanout  Trans   Delay  Arrival  
#                                                        (ns)    (ns)     (ns)  
#-----------------------------------------------------------------------------
  clk              -      clk  R     (arrival)      16  0.003   0.003   -0.012  
  count_reg[6]/CK  -      CK   R     DFFRX4         16  0.005   0.000   -0.012  
#-----------------------------------------------------------------------------
Path 9: MET (0.113 ns) Removal Check with Pin count_reg[11]/CK->RN
               View: tt_v1.8_25C_Nominal_25_func
              Group: async_default
         Startpoint: (R) rst_n
              Clock:
           Endpoint: (R) count_reg[11]/RN
              Clock: (R) core_clock

                       Capture       Launch
         Clock Edge:+    0.000        0.000
        Src Latency:+   -0.015        0.000
        Net Latency:+    0.002 (P)    0.000 (I)
            Arrival:=   -0.013        0.000

            Removal:+    0.236
        Uncertainty:+    0.250
        Cppr Adjust:-    0.000
      Required Time:=    0.473
       Launch Clock:=    0.000
          Data Path:+    0.586
              Slack:=    0.113
     Timing Path:

#---------------------------------------------------------------------------------------
# Timing Point             Flags  Arc    Edge  Cell       Fanout  Trans   Delay  Arrival  
#                                                                  (ns)    (ns)     (ns)  
#---------------------------------------------------------------------------------------
  rst_n                    -      rst_n  R     (arrival)       1  0.003   0.000    0.000  
  postcts_FE_PHC1_rst_n/Y  -      A->Y   R     DLY1X1          1  0.003   0.191    0.192  
  postcts_FE_PHC0_rst_n/Y  -      A->Y   R     BUFX4          16  0.035   0.395    0.586  
  count_reg[11]/RN         -      RN     R     DFFRX4         16  0.504   0.000    0.586  
#---------------------------------------------------------------------------------------
     Other End Path:

#------------------------------------------------------------------------------
# Timing Point      Flags  Arc  Edge  Cell       Fanout  Trans   Delay  Arrival  
#                                                         (ns)    (ns)     (ns)  
#------------------------------------------------------------------------------
  clk               -      clk  R     (arrival)      16  0.003   0.002   -0.013  
  count_reg[11]/CK  -      CK   R     DFFRX4         16  0.004   0.000   -0.013  
#------------------------------------------------------------------------------
Path 10: MET (0.113 ns) Removal Check with Pin count_reg[2]/CK->RN
               View: tt_v1.8_25C_Nominal_25_func
              Group: async_default
         Startpoint: (R) rst_n
              Clock:
           Endpoint: (R) count_reg[2]/RN
              Clock: (R) core_clock

                       Capture       Launch
         Clock Edge:+    0.000        0.000
        Src Latency:+   -0.015        0.000
        Net Latency:+    0.003 (P)    0.000 (I)
            Arrival:=   -0.012        0.000

            Removal:+    0.237
        Uncertainty:+    0.250
        Cppr Adjust:-    0.000
      Required Time:=    0.475
       Launch Clock:=    0.000
          Data Path:+    0.588
              Slack:=    0.113
     Timing Path:

#---------------------------------------------------------------------------------------
# Timing Point             Flags  Arc    Edge  Cell       Fanout  Trans   Delay  Arrival  
#                                                                  (ns)    (ns)     (ns)  
#---------------------------------------------------------------------------------------
  rst_n                    -      rst_n  R     (arrival)       1  0.003   0.000    0.000  
  postcts_FE_PHC1_rst_n/Y  -      A->Y   R     DLY1X1          1  0.003   0.191    0.192  
  postcts_FE_PHC0_rst_n/Y  -      A->Y   R     BUFX4          16  0.035   0.396    0.588  
  count_reg[2]/RN          -      RN     R     DFFRX4         16  0.504   0.000    0.588  
#---------------------------------------------------------------------------------------
     Other End Path:

#-----------------------------------------------------------------------------
# Timing Point     Flags  Arc  Edge  Cell       Fanout  Trans   Delay  Arrival  
#                                                        (ns)    (ns)     (ns)  
#-----------------------------------------------------------------------------
  clk              -      clk  R     (arrival)      16  0.003   0.003   -0.012  
  count_reg[2]/CK  -      CK   R     DFFRX4         16  0.005   0.000   -0.012  
#-----------------------------------------------------------------------------
Path 11: MET (0.113 ns) Removal Check with Pin count_reg[8]/CK->RN
               View: tt_v1.8_25C_Nominal_25_func
              Group: async_default
         Startpoint: (R) rst_n
              Clock:
           Endpoint: (R) count_reg[8]/RN
              Clock: (R) core_clock

                       Capture       Launch
         Clock Edge:+    0.000        0.000
        Src Latency:+   -0.015        0.000
        Net Latency:+    0.002 (P)    0.000 (I)
            Arrival:=   -0.013        0.000

            Removal:+    0.236
        Uncertainty:+    0.250
        Cppr Adjust:-    0.000
      Required Time:=    0.473
       Launch Clock:=    0.000
          Data Path:+    0.586
              Slack:=    0.113
     Timing Path:

#---------------------------------------------------------------------------------------
# Timing Point             Flags  Arc    Edge  Cell       Fanout  Trans   Delay  Arrival  
#                                                                  (ns)    (ns)     (ns)  
#---------------------------------------------------------------------------------------
  rst_n                    -      rst_n  R     (arrival)       1  0.003   0.000    0.000  
  postcts_FE_PHC1_rst_n/Y  -      A->Y   R     DLY1X1          1  0.003   0.191    0.192  
  postcts_FE_PHC0_rst_n/Y  -      A->Y   R     BUFX4          16  0.035   0.395    0.586  
  count_reg[8]/RN          -      RN     R     DFFRX4         16  0.504   0.000    0.586  
#---------------------------------------------------------------------------------------
     Other End Path:

#-----------------------------------------------------------------------------
# Timing Point     Flags  Arc  Edge  Cell       Fanout  Trans   Delay  Arrival  
#                                                        (ns)    (ns)     (ns)  
#-----------------------------------------------------------------------------
  clk              -      clk  R     (arrival)      16  0.003   0.002   -0.013  
  count_reg[8]/CK  -      CK   R     DFFRX4         16  0.004   0.000   -0.013  
#-----------------------------------------------------------------------------
Path 12: MET (0.114 ns) Removal Check with Pin count_reg[15]/CK->RN
               View: tt_v1.8_25C_Nominal_25_func
              Group: async_default
         Startpoint: (R) rst_n
              Clock:
           Endpoint: (R) count_reg[15]/RN
              Clock: (R) core_clock

                       Capture       Launch
         Clock Edge:+    0.000        0.000
        Src Latency:+   -0.015        0.000
        Net Latency:+    0.002 (P)    0.000 (I)
            Arrival:=   -0.013        0.000

            Removal:+    0.236
        Uncertainty:+    0.250
        Cppr Adjust:-    0.000
      Required Time:=    0.473
       Launch Clock:=    0.000
          Data Path:+    0.587
              Slack:=    0.114
     Timing Path:

#---------------------------------------------------------------------------------------
# Timing Point             Flags  Arc    Edge  Cell       Fanout  Trans   Delay  Arrival  
#                                                                  (ns)    (ns)     (ns)  
#---------------------------------------------------------------------------------------
  rst_n                    -      rst_n  R     (arrival)       1  0.003   0.000    0.000  
  postcts_FE_PHC1_rst_n/Y  -      A->Y   R     DLY1X1          1  0.003   0.191    0.192  
  postcts_FE_PHC0_rst_n/Y  -      A->Y   R     BUFX4          16  0.035   0.396    0.587  
  count_reg[15]/RN         -      RN     R     DFFRX4         16  0.504   0.000    0.587  
#---------------------------------------------------------------------------------------
     Other End Path:

#------------------------------------------------------------------------------
# Timing Point      Flags  Arc  Edge  Cell       Fanout  Trans   Delay  Arrival  
#                                                         (ns)    (ns)     (ns)  
#------------------------------------------------------------------------------
  clk               -      clk  R     (arrival)      16  0.003   0.002   -0.013  
  count_reg[15]/CK  -      CK   R     DFFRX4         16  0.004   0.000   -0.013  
#------------------------------------------------------------------------------
Path 13: MET (0.114 ns) Removal Check with Pin count_reg[10]/CK->RN
               View: tt_v1.8_25C_Nominal_25_func
              Group: async_default
         Startpoint: (R) rst_n
              Clock:
           Endpoint: (R) count_reg[10]/RN
              Clock: (R) core_clock

                       Capture       Launch
         Clock Edge:+    0.000        0.000
        Src Latency:+   -0.015        0.000
        Net Latency:+    0.002 (P)    0.000 (I)
            Arrival:=   -0.013        0.000

            Removal:+    0.236
        Uncertainty:+    0.250
        Cppr Adjust:-    0.000
      Required Time:=    0.473
       Launch Clock:=    0.000
          Data Path:+    0.587
              Slack:=    0.114
     Timing Path:

#---------------------------------------------------------------------------------------
# Timing Point             Flags  Arc    Edge  Cell       Fanout  Trans   Delay  Arrival  
#                                                                  (ns)    (ns)     (ns)  
#---------------------------------------------------------------------------------------
  rst_n                    -      rst_n  R     (arrival)       1  0.003   0.000    0.000  
  postcts_FE_PHC1_rst_n/Y  -      A->Y   R     DLY1X1          1  0.003   0.191    0.192  
  postcts_FE_PHC0_rst_n/Y  -      A->Y   R     BUFX4          16  0.035   0.396    0.587  
  count_reg[10]/RN         -      RN     R     DFFRX4         16  0.504   0.000    0.587  
#---------------------------------------------------------------------------------------
     Other End Path:

#------------------------------------------------------------------------------
# Timing Point      Flags  Arc  Edge  Cell       Fanout  Trans   Delay  Arrival  
#                                                         (ns)    (ns)     (ns)  
#------------------------------------------------------------------------------
  clk               -      clk  R     (arrival)      16  0.003   0.002   -0.013  
  count_reg[10]/CK  -      CK   R     DFFRX4         16  0.004   0.000   -0.013  
#------------------------------------------------------------------------------
Path 14: MET (0.114 ns) Removal Check with Pin count_reg[3]/CK->RN
               View: tt_v1.8_25C_Nominal_25_func
              Group: async_default
         Startpoint: (R) rst_n
              Clock:
           Endpoint: (R) count_reg[3]/RN
              Clock: (R) core_clock

                       Capture       Launch
         Clock Edge:+    0.000        0.000
        Src Latency:+   -0.015        0.000
        Net Latency:+    0.003 (P)    0.000 (I)
            Arrival:=   -0.012        0.000

            Removal:+    0.237
        Uncertainty:+    0.250
        Cppr Adjust:-    0.000
      Required Time:=    0.475
       Launch Clock:=    0.000
          Data Path:+    0.589
              Slack:=    0.114
     Timing Path:

#---------------------------------------------------------------------------------------
# Timing Point             Flags  Arc    Edge  Cell       Fanout  Trans   Delay  Arrival  
#                                                                  (ns)    (ns)     (ns)  
#---------------------------------------------------------------------------------------
  rst_n                    -      rst_n  R     (arrival)       1  0.003   0.000    0.000  
  postcts_FE_PHC1_rst_n/Y  -      A->Y   R     DLY1X1          1  0.003   0.191    0.192  
  postcts_FE_PHC0_rst_n/Y  -      A->Y   R     BUFX4          16  0.035   0.397    0.589  
  count_reg[3]/RN          -      RN     R     DFFRX4         16  0.504   0.000    0.589  
#---------------------------------------------------------------------------------------
     Other End Path:

#-----------------------------------------------------------------------------
# Timing Point     Flags  Arc  Edge  Cell       Fanout  Trans   Delay  Arrival  
#                                                        (ns)    (ns)     (ns)  
#-----------------------------------------------------------------------------
  clk              -      clk  R     (arrival)      16  0.003   0.003   -0.012  
  count_reg[3]/CK  -      CK   R     DFFRX4         16  0.005   0.000   -0.012  
#-----------------------------------------------------------------------------
Path 15: MET (0.114 ns) Removal Check with Pin count_reg[1]/CK->RN
               View: tt_v1.8_25C_Nominal_25_func
              Group: async_default
         Startpoint: (R) rst_n
              Clock:
           Endpoint: (R) count_reg[1]/RN
              Clock: (R) core_clock

                       Capture       Launch
         Clock Edge:+    0.000        0.000
        Src Latency:+   -0.015        0.000
        Net Latency:+    0.003 (P)    0.000 (I)
            Arrival:=   -0.012        0.000

            Removal:+    0.237
        Uncertainty:+    0.250
        Cppr Adjust:-    0.000
      Required Time:=    0.475
       Launch Clock:=    0.000
          Data Path:+    0.589
              Slack:=    0.114
     Timing Path:

#---------------------------------------------------------------------------------------
# Timing Point             Flags  Arc    Edge  Cell       Fanout  Trans   Delay  Arrival  
#                                                                  (ns)    (ns)     (ns)  
#---------------------------------------------------------------------------------------
  rst_n                    -      rst_n  R     (arrival)       1  0.003   0.000    0.000  
  postcts_FE_PHC1_rst_n/Y  -      A->Y   R     DLY1X1          1  0.003   0.191    0.192  
  postcts_FE_PHC0_rst_n/Y  -      A->Y   R     BUFX4          16  0.035   0.397    0.589  
  count_reg[1]/RN          -      RN     R     DFFRX4         16  0.504   0.000    0.589  
#---------------------------------------------------------------------------------------
     Other End Path:

#-----------------------------------------------------------------------------
# Timing Point     Flags  Arc  Edge  Cell       Fanout  Trans   Delay  Arrival  
#                                                        (ns)    (ns)     (ns)  
#-----------------------------------------------------------------------------
  clk              -      clk  R     (arrival)      16  0.003   0.003   -0.012  
  count_reg[1]/CK  -      CK   R     DFFRX4         16  0.005   0.000   -0.012  
#-----------------------------------------------------------------------------
Path 16: MET (0.114 ns) Removal Check with Pin count_reg[0]/CK->RN
               View: tt_v1.8_25C_Nominal_25_func
              Group: async_default
         Startpoint: (R) rst_n
              Clock:
           Endpoint: (R) count_reg[0]/RN
              Clock: (R) core_clock

                       Capture       Launch
         Clock Edge:+    0.000        0.000
        Src Latency:+   -0.015        0.000
        Net Latency:+    0.003 (P)    0.000 (I)
            Arrival:=   -0.012        0.000

            Removal:+    0.237
        Uncertainty:+    0.250
        Cppr Adjust:-    0.000
      Required Time:=    0.475
       Launch Clock:=    0.000
          Data Path:+    0.589
              Slack:=    0.114
     Timing Path:

#---------------------------------------------------------------------------------------
# Timing Point             Flags  Arc    Edge  Cell       Fanout  Trans   Delay  Arrival  
#                                                                  (ns)    (ns)     (ns)  
#---------------------------------------------------------------------------------------
  rst_n                    -      rst_n  R     (arrival)       1  0.003   0.000    0.000  
  postcts_FE_PHC1_rst_n/Y  -      A->Y   R     DLY1X1          1  0.003   0.191    0.192  
  postcts_FE_PHC0_rst_n/Y  -      A->Y   R     BUFX4          16  0.035   0.397    0.589  
  count_reg[0]/RN          -      RN     R     DFFRX4         16  0.504   0.000    0.589  
#---------------------------------------------------------------------------------------
     Other End Path:

#-----------------------------------------------------------------------------
# Timing Point     Flags  Arc  Edge  Cell       Fanout  Trans   Delay  Arrival  
#                                                        (ns)    (ns)     (ns)  
#-----------------------------------------------------------------------------
  clk              -      clk  R     (arrival)      16  0.003   0.003   -0.012  
  count_reg[0]/CK  -      CK   R     DFFRX4         16  0.005   0.000   -0.012  
#-----------------------------------------------------------------------------
Path 17: MET (0.114 ns) Removal Check with Pin count_reg[14]/CK->RN
               View: tt_v1.8_25C_Nominal_25_func
              Group: async_default
         Startpoint: (R) rst_n
              Clock:
           Endpoint: (R) count_reg[14]/RN
              Clock: (R) core_clock

                       Capture       Launch
         Clock Edge:+    0.000        0.000
        Src Latency:+   -0.015        0.000
        Net Latency:+    0.003 (P)    0.000 (I)
            Arrival:=   -0.012        0.000

            Removal:+    0.237
        Uncertainty:+    0.250
        Cppr Adjust:-    0.000
      Required Time:=    0.474
       Launch Clock:=    0.000
          Data Path:+    0.589
              Slack:=    0.114
     Timing Path:

#---------------------------------------------------------------------------------------
# Timing Point             Flags  Arc    Edge  Cell       Fanout  Trans   Delay  Arrival  
#                                                                  (ns)    (ns)     (ns)  
#---------------------------------------------------------------------------------------
  rst_n                    -      rst_n  R     (arrival)       1  0.003   0.000    0.000  
  postcts_FE_PHC1_rst_n/Y  -      A->Y   R     DLY1X1          1  0.003   0.191    0.192  
  postcts_FE_PHC0_rst_n/Y  -      A->Y   R     BUFX4          16  0.035   0.397    0.589  
  count_reg[14]/RN         -      RN     R     DFFRX4         16  0.504   0.000    0.589  
#---------------------------------------------------------------------------------------
     Other End Path:

#------------------------------------------------------------------------------
# Timing Point      Flags  Arc  Edge  Cell       Fanout  Trans   Delay  Arrival  
#                                                         (ns)    (ns)     (ns)  
#------------------------------------------------------------------------------
  clk               -      clk  R     (arrival)      16  0.003   0.003   -0.012  
  count_reg[14]/CK  -      CK   R     DFFRX4         16  0.005   0.000   -0.012  
#------------------------------------------------------------------------------
Path 18: MET (0.114 ns) Removal Check with Pin count_reg[7]/CK->RN
               View: tt_v1.8_25C_Nominal_25_func
              Group: async_default
         Startpoint: (R) rst_n
              Clock:
           Endpoint: (R) count_reg[7]/RN
              Clock: (R) core_clock

                       Capture       Launch
         Clock Edge:+    0.000        0.000
        Src Latency:+   -0.015        0.000
        Net Latency:+    0.003 (P)    0.000 (I)
            Arrival:=   -0.012        0.000

            Removal:+    0.237
        Uncertainty:+    0.250
        Cppr Adjust:-    0.000
      Required Time:=    0.475
       Launch Clock:=    0.000
          Data Path:+    0.589
              Slack:=    0.114
     Timing Path:

#---------------------------------------------------------------------------------------
# Timing Point             Flags  Arc    Edge  Cell       Fanout  Trans   Delay  Arrival  
#                                                                  (ns)    (ns)     (ns)  
#---------------------------------------------------------------------------------------
  rst_n                    -      rst_n  R     (arrival)       1  0.003   0.000    0.000  
  postcts_FE_PHC1_rst_n/Y  -      A->Y   R     DLY1X1          1  0.003   0.191    0.192  
  postcts_FE_PHC0_rst_n/Y  -      A->Y   R     BUFX4          16  0.035   0.398    0.589  
  count_reg[7]/RN          -      RN     R     DFFRX4         16  0.504   0.000    0.589  
#---------------------------------------------------------------------------------------
     Other End Path:

#-----------------------------------------------------------------------------
# Timing Point     Flags  Arc  Edge  Cell       Fanout  Trans   Delay  Arrival  
#                                                        (ns)    (ns)     (ns)  
#-----------------------------------------------------------------------------
  clk              -      clk  R     (arrival)      16  0.003   0.003   -0.012  
  count_reg[7]/CK  -      CK   R     DFFRX4         16  0.005   0.000   -0.012  
#-----------------------------------------------------------------------------
Path 19: MET (0.114 ns) Removal Check with Pin count_reg[4]/CK->RN
               View: tt_v1.8_25C_Nominal_25_func
              Group: async_default
         Startpoint: (R) rst_n
              Clock:
           Endpoint: (R) count_reg[4]/RN
              Clock: (R) core_clock

                       Capture       Launch
         Clock Edge:+    0.000        0.000
        Src Latency:+   -0.015        0.000
        Net Latency:+    0.003 (P)    0.000 (I)
            Arrival:=   -0.012        0.000

            Removal:+    0.237
        Uncertainty:+    0.250
        Cppr Adjust:-    0.000
      Required Time:=    0.475
       Launch Clock:=    0.000
          Data Path:+    0.589
              Slack:=    0.114
     Timing Path:

#---------------------------------------------------------------------------------------
# Timing Point             Flags  Arc    Edge  Cell       Fanout  Trans   Delay  Arrival  
#                                                                  (ns)    (ns)     (ns)  
#---------------------------------------------------------------------------------------
  rst_n                    -      rst_n  R     (arrival)       1  0.003   0.000    0.000  
  postcts_FE_PHC1_rst_n/Y  -      A->Y   R     DLY1X1          1  0.003   0.191    0.192  
  postcts_FE_PHC0_rst_n/Y  -      A->Y   R     BUFX4          16  0.035   0.398    0.589  
  count_reg[4]/RN          -      RN     R     DFFRX4         16  0.504   0.000    0.589  
#---------------------------------------------------------------------------------------
     Other End Path:

#-----------------------------------------------------------------------------
# Timing Point     Flags  Arc  Edge  Cell       Fanout  Trans   Delay  Arrival  
#                                                        (ns)    (ns)     (ns)  
#-----------------------------------------------------------------------------
  clk              -      clk  R     (arrival)      16  0.003   0.003   -0.012  
  count_reg[4]/CK  -      CK   R     DFFRX4         16  0.005   0.000   -0.012  
#-----------------------------------------------------------------------------
Path 20: MET (0.114 ns) Hold Check with Pin count_reg[11]/CK->D
               View: tt_v1.8_25C_Nominal_25_func
              Group: core_clock
         Startpoint: (R) count_reg[11]/CK
              Clock: (R) core_clock
           Endpoint: (F) count_reg[11]/D
              Clock: (R) core_clock

                       Capture       Launch
         Clock Edge:+    0.000        0.000
        Src Latency:+   -0.015       -0.015
        Net Latency:+    0.002 (P)    0.002 (P)
            Arrival:=   -0.013       -0.013

               Hold:+   -0.001
        Uncertainty:+    0.250
        Cppr Adjust:-    0.000
      Required Time:=    0.236
       Launch Clock:=   -0.013
          Data Path:+    0.364
              Slack:=    0.114
     Timing Path:

#-------------------------------------------------------------------------------
# Timing Point     Flags  Arc    Edge  Cell       Fanout  Trans   Delay  Arrival  
#                                                          (ns)    (ns)     (ns)  
#-------------------------------------------------------------------------------
  clk              -      clk    R     (arrival)      16  0.003   0.002   -0.013  
  count_reg[11]/Q  -      CK->Q  F     DFFRX4          4  0.004   0.282    0.269  
  g31/Y            -      A->Y   R     NAND2X2         1  0.039   0.050    0.319  
  g2883/Y          -      B->Y   F     NAND2X2         1  0.027   0.031    0.351  
  count_reg[11]/D  -      D      F     DFFRX4          1  0.020   0.000    0.351  
#-------------------------------------------------------------------------------
     Other End Path:

#------------------------------------------------------------------------------
# Timing Point      Flags  Arc  Edge  Cell       Fanout  Trans   Delay  Arrival  
#                                                         (ns)    (ns)     (ns)  
#------------------------------------------------------------------------------
  clk               -      clk  R     (arrival)      16  0.003   0.002   -0.013  
  count_reg[11]/CK  -      CK   R     DFFRX4         16  0.004   0.000   -0.013  
#------------------------------------------------------------------------------
Path 21: MET (0.114 ns) Removal Check with Pin count_reg[9]/CK->RN
               View: tt_v1.8_25C_Nominal_25_func
              Group: async_default
         Startpoint: (R) rst_n
              Clock:
           Endpoint: (R) count_reg[9]/RN
              Clock: (R) core_clock

                       Capture       Launch
         Clock Edge:+    0.000        0.000
        Src Latency:+   -0.015        0.000
        Net Latency:+    0.003 (P)    0.000 (I)
            Arrival:=   -0.012        0.000

            Removal:+    0.237
        Uncertainty:+    0.250
        Cppr Adjust:-    0.000
      Required Time:=    0.475
       Launch Clock:=    0.000
          Data Path:+    0.589
              Slack:=    0.114
     Timing Path:

#---------------------------------------------------------------------------------------
# Timing Point             Flags  Arc    Edge  Cell       Fanout  Trans   Delay  Arrival  
#                                                                  (ns)    (ns)     (ns)  
#---------------------------------------------------------------------------------------
  rst_n                    -      rst_n  R     (arrival)       1  0.003   0.000    0.000  
  postcts_FE_PHC1_rst_n/Y  -      A->Y   R     DLY1X1          1  0.003   0.191    0.192  
  postcts_FE_PHC0_rst_n/Y  -      A->Y   R     BUFX4          16  0.035   0.398    0.589  
  count_reg[9]/RN          -      RN     R     DFFRX4         16  0.504   0.000    0.589  
#---------------------------------------------------------------------------------------
     Other End Path:

#-----------------------------------------------------------------------------
# Timing Point     Flags  Arc  Edge  Cell       Fanout  Trans   Delay  Arrival  
#                                                        (ns)    (ns)     (ns)  
#-----------------------------------------------------------------------------
  clk              -      clk  R     (arrival)      16  0.003   0.003   -0.012  
  count_reg[9]/CK  -      CK   R     DFFRX4         16  0.005   0.000   -0.012  
#-----------------------------------------------------------------------------
Path 22: MET (0.115 ns) Removal Check with Pin count_reg[12]/CK->RN
               View: tt_v1.8_25C_Nominal_25_func
              Group: async_default
         Startpoint: (R) rst_n
              Clock:
           Endpoint: (R) count_reg[12]/RN
              Clock: (R) core_clock

                       Capture       Launch
         Clock Edge:+    0.000        0.000
        Src Latency:+   -0.015        0.000
        Net Latency:+    0.002 (P)    0.000 (I)
            Arrival:=   -0.013        0.000

            Removal:+    0.236
        Uncertainty:+    0.250
        Cppr Adjust:-    0.000
      Required Time:=    0.473
       Launch Clock:=    0.000
          Data Path:+    0.588
              Slack:=    0.115
     Timing Path:

#---------------------------------------------------------------------------------------
# Timing Point             Flags  Arc    Edge  Cell       Fanout  Trans   Delay  Arrival  
#                                                                  (ns)    (ns)     (ns)  
#---------------------------------------------------------------------------------------
  rst_n                    -      rst_n  R     (arrival)       1  0.003   0.000    0.000  
  postcts_FE_PHC1_rst_n/Y  -      A->Y   R     DLY1X1          1  0.003   0.191    0.192  
  postcts_FE_PHC0_rst_n/Y  -      A->Y   R     BUFX4          16  0.035   0.396    0.588  
  count_reg[12]/RN         -      RN     R     DFFRX4         16  0.504   0.000    0.588  
#---------------------------------------------------------------------------------------
     Other End Path:

#------------------------------------------------------------------------------
# Timing Point      Flags  Arc  Edge  Cell       Fanout  Trans   Delay  Arrival  
#                                                         (ns)    (ns)     (ns)  
#------------------------------------------------------------------------------
  clk               -      clk  R     (arrival)      16  0.003   0.002   -0.013  
  count_reg[12]/CK  -      CK   R     DFFRX4         16  0.004   0.000   -0.013  
#------------------------------------------------------------------------------
Path 23: MET (0.115 ns) Removal Check with Pin count_reg[13]/CK->RN
               View: tt_v1.8_25C_Nominal_25_func
              Group: async_default
         Startpoint: (R) rst_n
              Clock:
           Endpoint: (R) count_reg[13]/RN
              Clock: (R) core_clock

                       Capture       Launch
         Clock Edge:+    0.000        0.000
        Src Latency:+   -0.015        0.000
        Net Latency:+    0.002 (P)    0.000 (I)
            Arrival:=   -0.013        0.000

            Removal:+    0.236
        Uncertainty:+    0.250
        Cppr Adjust:-    0.000
      Required Time:=    0.473
       Launch Clock:=    0.000
          Data Path:+    0.588
              Slack:=    0.115
     Timing Path:

#---------------------------------------------------------------------------------------
# Timing Point             Flags  Arc    Edge  Cell       Fanout  Trans   Delay  Arrival  
#                                                                  (ns)    (ns)     (ns)  
#---------------------------------------------------------------------------------------
  rst_n                    -      rst_n  R     (arrival)       1  0.003   0.000    0.000  
  postcts_FE_PHC1_rst_n/Y  -      A->Y   R     DLY1X1          1  0.003   0.191    0.192  
  postcts_FE_PHC0_rst_n/Y  -      A->Y   R     BUFX4          16  0.035   0.397    0.588  
  count_reg[13]/RN         -      RN     R     DFFRX4         16  0.504   0.000    0.588  
#---------------------------------------------------------------------------------------
     Other End Path:

#------------------------------------------------------------------------------
# Timing Point      Flags  Arc  Edge  Cell       Fanout  Trans   Delay  Arrival  
#                                                         (ns)    (ns)     (ns)  
#------------------------------------------------------------------------------
  clk               -      clk  R     (arrival)      16  0.003   0.002   -0.013  
  count_reg[13]/CK  -      CK   R     DFFRX4         16  0.004   0.000   -0.013  
#------------------------------------------------------------------------------
Path 24: MET (0.123 ns) Hold Check with Pin count_reg[0]/CK->D
               View: tt_v1.8_25C_Nominal_25_func
              Group: core_clock
         Startpoint: (F) enable
              Clock:
           Endpoint: (F) count_reg[0]/D
              Clock: (R) core_clock

                       Capture       Launch
         Clock Edge:+    0.000        0.000
        Src Latency:+   -0.015        0.000
        Net Latency:+    0.003 (P)    0.000 (I)
            Arrival:=   -0.012        0.000

               Hold:+   -0.005
        Uncertainty:+    0.250
        Cppr Adjust:-    0.000
      Required Time:=    0.233
       Launch Clock:=    0.000
          Data Path:+    0.356
              Slack:=    0.123
     Timing Path:

#-----------------------------------------------------------------------------------------
# Timing Point              Flags  Arc     Edge  Cell       Fanout  Trans   Delay  Arrival  
#                                                                    (ns)    (ns)     (ns)  
#-----------------------------------------------------------------------------------------
  enable                    -      enable  F     (arrival)       5  0.003   0.003    0.003  
  postcts_FE_PHC2_enable/Y  -      A->Y    F     BUFX4           2  0.010   0.215    0.219  
  g4/Y                      -      B->Y    R     NAND2X1         1  0.214   0.098    0.317  
  g5/Y                      -      B->Y    F     NAND2X1         1  0.039   0.039    0.356  
  count_reg[0]/D            -      D       F     DFFRX4          1  0.033   0.000    0.356  
#-----------------------------------------------------------------------------------------
     Other End Path:

#-----------------------------------------------------------------------------
# Timing Point     Flags  Arc  Edge  Cell       Fanout  Trans   Delay  Arrival  
#                                                        (ns)    (ns)     (ns)  
#-----------------------------------------------------------------------------
  clk              -      clk  R     (arrival)      16  0.003   0.003   -0.012  
  count_reg[0]/CK  -      CK   R     DFFRX4         16  0.005   0.000   -0.012  
#-----------------------------------------------------------------------------
Path 25: MET (0.132 ns) Hold Check with Pin count_reg[15]/CK->D
               View: tt_v1.8_25C_Nominal_25_func
              Group: core_clock
         Startpoint: (F) enable
              Clock:
           Endpoint: (F) count_reg[15]/D
              Clock: (R) core_clock

                       Capture       Launch
         Clock Edge:+    0.000        0.000
        Src Latency:+   -0.015        0.000
        Net Latency:+    0.002 (P)    0.000 (I)
            Arrival:=   -0.013        0.000

               Hold:+   -0.001
        Uncertainty:+    0.250
        Cppr Adjust:-    0.000
      Required Time:=    0.236
       Launch Clock:=    0.000
          Data Path:+    0.368
              Slack:=    0.132
     Timing Path:

#--------------------------------------------------------------------------------
# Timing Point     Flags  Arc     Edge  Cell       Fanout  Trans   Delay  Arrival  
#                                                           (ns)    (ns)     (ns)  
#--------------------------------------------------------------------------------
  enable           -      enable  F     (arrival)       5  0.003   0.079    0.079  
  g77_dup/Y        -      A->Y    R     NAND3X4         1  0.129   0.092    0.171  
  g2825/Y          -      B->Y    F     NOR2X4          1  0.029   0.028    0.199  
  g173/Y           -      A->Y    R     NAND2X4         1  0.015   0.042    0.241  
  g172/Y           -      A->Y    F     CLKINVX8       12  0.031   0.046    0.287  
  g169/Y           -      B->Y    R     NAND3X2         1  0.033   0.048    0.336  
  cts_FE_RC_4_0/Y  -      B0->Y   F     OAI21X2         1  0.028   0.032    0.368  
  count_reg[15]/D  -      D       F     DFFRX4          1  0.021   0.000    0.368  
#--------------------------------------------------------------------------------
     Other End Path:

#------------------------------------------------------------------------------
# Timing Point      Flags  Arc  Edge  Cell       Fanout  Trans   Delay  Arrival  
#                                                         (ns)    (ns)     (ns)  
#------------------------------------------------------------------------------
  clk               -      clk  R     (arrival)      16  0.003   0.002   -0.013  
  count_reg[15]/CK  -      CK   R     DFFRX4         16  0.004   0.000   -0.013  
#------------------------------------------------------------------------------
Path 26: MET (0.134 ns) Hold Check with Pin count_reg[8]/CK->D
               View: tt_v1.8_25C_Nominal_25_func
              Group: core_clock
         Startpoint: (F) enable
              Clock:
           Endpoint: (F) count_reg[8]/D
              Clock: (R) core_clock

                       Capture       Launch
         Clock Edge:+    0.000        0.000
        Src Latency:+   -0.015        0.000
        Net Latency:+    0.002 (P)    0.000 (I)
            Arrival:=   -0.013        0.000

               Hold:+   -0.002
        Uncertainty:+    0.250
        Cppr Adjust:-    0.000
      Required Time:=    0.235
       Launch Clock:=    0.000
          Data Path:+    0.369
              Slack:=    0.134
     Timing Path:

#------------------------------------------------------------------------------------
# Timing Point         Flags  Arc     Edge  Cell       Fanout  Trans   Delay  Arrival  
#                                                               (ns)    (ns)     (ns)  
#------------------------------------------------------------------------------------
  enable               -      enable  F     (arrival)       5  0.003   0.079    0.079  
  g77_dup/Y            -      A->Y    R     NAND3X4         1  0.129   0.092    0.171  
  g2825/Y              -      B->Y    F     NOR2X4          1  0.029   0.028    0.199  
  g173/Y               -      A->Y    R     NAND2X4         1  0.015   0.042    0.241  
  g172/Y               -      A->Y    F     CLKINVX8       12  0.031   0.046    0.287  
  prects_FE_RC_45_0/Y  -      A->Y    R     NAND2X1         1  0.033   0.049    0.336  
  cts_FE_RC_9_0/Y      -      B0->Y   F     OAI21X1         1  0.031   0.033    0.369  
  count_reg[8]/D       -      D       F     DFFRX4          1  0.022   0.000    0.369  
#------------------------------------------------------------------------------------
     Other End Path:

#-----------------------------------------------------------------------------
# Timing Point     Flags  Arc  Edge  Cell       Fanout  Trans   Delay  Arrival  
#                                                        (ns)    (ns)     (ns)  
#-----------------------------------------------------------------------------
  clk              -      clk  R     (arrival)      16  0.003   0.002   -0.013  
  count_reg[8]/CK  -      CK   R     DFFRX4         16  0.004   0.000   -0.013  
#-----------------------------------------------------------------------------
Path 27: MET (0.137 ns) Hold Check with Pin count_reg[12]/CK->D
               View: tt_v1.8_25C_Nominal_25_func
              Group: core_clock
         Startpoint: (F) enable
              Clock:
           Endpoint: (F) count_reg[12]/D
              Clock: (R) core_clock

                       Capture       Launch
         Clock Edge:+    0.000        0.000
        Src Latency:+   -0.015        0.000
        Net Latency:+    0.002 (P)    0.000 (I)
            Arrival:=   -0.013        0.000

               Hold:+   -0.001
        Uncertainty:+    0.250
        Cppr Adjust:-    0.000
      Required Time:=    0.236
       Launch Clock:=    0.000
          Data Path:+    0.373
              Slack:=    0.137
     Timing Path:

#---------------------------------------------------------------------------------
# Timing Point      Flags  Arc     Edge  Cell       Fanout  Trans   Delay  Arrival  
#                                                            (ns)    (ns)     (ns)  
#---------------------------------------------------------------------------------
  enable            -      enable  F     (arrival)       5  0.003   0.079    0.079  
  g77_dup/Y         -      A->Y    R     NAND3X4         1  0.129   0.092    0.171  
  g2825/Y           -      B->Y    F     NOR2X4          1  0.029   0.028    0.199  
  g173/Y            -      A->Y    R     NAND2X4         1  0.015   0.042    0.241  
  g172/Y            -      A->Y    F     CLKINVX8       12  0.031   0.047    0.288  
  g2899/Y           -      A->Y    R     NAND2X2         1  0.033   0.049    0.336  
  cts_FE_RC_29_0/Y  -      A->Y    F     NAND2X2         1  0.029   0.036    0.373  
  count_reg[12]/D   -      D       F     DFFRX4          1  0.020   0.000    0.373  
#---------------------------------------------------------------------------------
     Other End Path:

#------------------------------------------------------------------------------
# Timing Point      Flags  Arc  Edge  Cell       Fanout  Trans   Delay  Arrival  
#                                                         (ns)    (ns)     (ns)  
#------------------------------------------------------------------------------
  clk               -      clk  R     (arrival)      16  0.003   0.002   -0.013  
  count_reg[12]/CK  -      CK   R     DFFRX4         16  0.004   0.000   -0.013  
#------------------------------------------------------------------------------
Path 28: MET (0.146 ns) Hold Check with Pin count_reg[3]/CK->D
               View: tt_v1.8_25C_Nominal_25_func
              Group: core_clock
         Startpoint: (F) enable
              Clock:
           Endpoint: (F) count_reg[3]/D
              Clock: (R) core_clock

                       Capture       Launch
         Clock Edge:+    0.000        0.000
        Src Latency:+   -0.015        0.000
        Net Latency:+    0.003 (P)    0.000 (I)
            Arrival:=   -0.012        0.000

               Hold:+   -0.003
        Uncertainty:+    0.250
        Cppr Adjust:-    0.000
      Required Time:=    0.235
       Launch Clock:=    0.000
          Data Path:+    0.382
              Slack:=    0.146
     Timing Path:

#------------------------------------------------------------------------------------------------
# Timing Point                     Flags  Arc     Edge  Cell       Fanout  Trans   Delay  Arrival  
#                                                                           (ns)    (ns)     (ns)  
#------------------------------------------------------------------------------------------------
  enable                           -      enable  F     (arrival)       5  0.003   0.079    0.079  
  g2931/Y                          -      B->Y    R     NAND2X4         2  0.129   0.087    0.166  
  cts_prects_FE_DBTC0_n_527_dup/Y  -      A->Y    F     INVX4           4  0.048   0.045    0.211  
  inc_ADD_UNS_OP_g2626__1617/Y     -      A->Y    R     NAND2X4         3  0.029   0.050    0.261  
  inc_ADD_UNS_OP_g2604/Y           -      A->Y    F     INVX4           2  0.034   0.026    0.287  
  prects_FE_RC_29_0/Y              -      C->Y    R     NAND3X1         1  0.015   0.047    0.334  
  g95/Y                            -      A->Y    F     NAND2X2         1  0.050   0.047    0.382  
  count_reg[3]/D                   -      D       F     DFFRX4          1  0.027   0.000    0.382  
#------------------------------------------------------------------------------------------------
     Other End Path:

#-----------------------------------------------------------------------------
# Timing Point     Flags  Arc  Edge  Cell       Fanout  Trans   Delay  Arrival  
#                                                        (ns)    (ns)     (ns)  
#-----------------------------------------------------------------------------
  clk              -      clk  R     (arrival)      16  0.003   0.003   -0.012  
  count_reg[3]/CK  -      CK   R     DFFRX4         16  0.005   0.000   -0.012  
#-----------------------------------------------------------------------------
Path 29: MET (0.158 ns) Hold Check with Pin count_reg[9]/CK->D
               View: tt_v1.8_25C_Nominal_25_func
              Group: core_clock
         Startpoint: (R) enable
              Clock:
           Endpoint: (F) count_reg[9]/D
              Clock: (R) core_clock

                       Capture       Launch
         Clock Edge:+    0.000        0.000
        Src Latency:+   -0.015        0.000
        Net Latency:+    0.003 (P)    0.000 (I)
            Arrival:=   -0.012        0.000

               Hold:+   -0.002
        Uncertainty:+    0.250
        Cppr Adjust:-    0.000
      Required Time:=    0.236
       Launch Clock:=    0.000
          Data Path:+    0.393
              Slack:=    0.158
     Timing Path:

#---------------------------------------------------------------------------------------------
# Timing Point                  Flags  Arc     Edge  Cell       Fanout  Trans   Delay  Arrival  
#                                                                        (ns)    (ns)     (ns)  
#---------------------------------------------------------------------------------------------
  enable                        -      enable  R     (arrival)       5  0.003   0.081    0.081  
  inc_ADD_UNS_OP_g2649__7410/Y  -      A->Y    R     AND2X2          2  0.129   0.153    0.234  
  cts_FE_RC_12_0/Y              -      B->Y    F     NAND3X1         1  0.039   0.066    0.300  
  cts_FE_RC_10_0/Y              -      B->Y    R     NAND2X1         1  0.052   0.051    0.352  
  g38/Y                         -      A->Y    F     NAND2X1         1  0.038   0.042    0.393  
  count_reg[9]/D                -      D       F     DFFRX4          1  0.025   0.000    0.393  
#---------------------------------------------------------------------------------------------
     Other End Path:

#-----------------------------------------------------------------------------
# Timing Point     Flags  Arc  Edge  Cell       Fanout  Trans   Delay  Arrival  
#                                                        (ns)    (ns)     (ns)  
#-----------------------------------------------------------------------------
  clk              -      clk  R     (arrival)      16  0.003   0.003   -0.012  
  count_reg[9]/CK  -      CK   R     DFFRX4         16  0.005   0.000   -0.012  
#-----------------------------------------------------------------------------
Path 30: MET (0.174 ns) Hold Check with Pin count_reg[4]/CK->D
               View: tt_v1.8_25C_Nominal_25_func
              Group: core_clock
         Startpoint: (F) enable
              Clock:
           Endpoint: (R) count_reg[4]/D
              Clock: (R) core_clock

                       Capture       Launch
         Clock Edge:+    0.000        0.000
        Src Latency:+   -0.015        0.000
        Net Latency:+    0.003 (P)    0.000 (I)
            Arrival:=   -0.012        0.000

               Hold:+   -0.049
        Uncertainty:+    0.250
        Cppr Adjust:-    0.000
      Required Time:=    0.189
       Launch Clock:=    0.000
          Data Path:+    0.363
              Slack:=    0.174
     Timing Path:

#----------------------------------------------------------------------------------------
# Timing Point             Flags  Arc     Edge  Cell       Fanout  Trans   Delay  Arrival  
#                                                                   (ns)    (ns)     (ns)  
#----------------------------------------------------------------------------------------
  enable                   -      enable  F     (arrival)       5  0.003   0.079    0.079  
  g2931/Y                  -      B->Y    R     NAND2X4         2  0.129   0.087    0.166  
  prects_FE_DBTC0_n_527/Y  -      A->Y    F     INVX4           1  0.048   0.030    0.197  
  prects_FE_RC_16_0/Y      -      C->Y    R     NAND3X4         2  0.018   0.037    0.234  
  cts_FE_RC_28_0/Y         -      A->Y    R     XNOR2X1         1  0.031   0.129    0.363  
  count_reg[4]/D           -      D       R     DFFRX4          1  0.046   0.000    0.363  
#----------------------------------------------------------------------------------------
     Other End Path:

#-----------------------------------------------------------------------------
# Timing Point     Flags  Arc  Edge  Cell       Fanout  Trans   Delay  Arrival  
#                                                        (ns)    (ns)     (ns)  
#-----------------------------------------------------------------------------
  clk              -      clk  R     (arrival)      16  0.003   0.003   -0.012  
  count_reg[4]/CK  -      CK   R     DFFRX4         16  0.005   0.000   -0.012  
#-----------------------------------------------------------------------------
Path 31: MET (0.183 ns) Hold Check with Pin count_reg[7]/CK->D
               View: tt_v1.8_25C_Nominal_25_func
              Group: core_clock
         Startpoint: (R) enable
              Clock:
           Endpoint: (F) count_reg[7]/D
              Clock: (R) core_clock

                       Capture       Launch
         Clock Edge:+    0.000        0.000
        Src Latency:+   -0.015        0.000
        Net Latency:+    0.003 (P)    0.000 (I)
            Arrival:=   -0.012        0.000

               Hold:+   -0.015
        Uncertainty:+    0.250
        Cppr Adjust:-    0.000
      Required Time:=    0.223
       Launch Clock:=    0.000
          Data Path:+    0.406
              Slack:=    0.183
     Timing Path:

#------------------------------------------------------------------------------------------------
# Timing Point                     Flags  Arc     Edge  Cell       Fanout  Trans   Delay  Arrival  
#                                                                           (ns)    (ns)     (ns)  
#------------------------------------------------------------------------------------------------
  enable                           -      enable  R     (arrival)       5  0.003   0.082    0.082  
  g2931/Y                          -      B->Y    F     NAND2X4         2  0.129   0.079    0.161  
  cts_prects_FE_DBTC0_n_527_dup/Y  -      A->Y    R     INVX4           4  0.041   0.058    0.218  
  g2930/Y                          -      A0->Y   F     AOI21X1         1  0.047   0.065    0.284  
  g2929/Y                          -      A->Y    R     INVX2           1  0.028   0.036    0.320  
  g416/Y                           -      A->Y    F     NAND4X2         1  0.027   0.086    0.406  
  count_reg[7]/D                   -      D       F     DFFRX4          1  0.064   0.000    0.406  
#------------------------------------------------------------------------------------------------
     Other End Path:

#-----------------------------------------------------------------------------
# Timing Point     Flags  Arc  Edge  Cell       Fanout  Trans   Delay  Arrival  
#                                                        (ns)    (ns)     (ns)  
#-----------------------------------------------------------------------------
  clk              -      clk  R     (arrival)      16  0.003   0.003   -0.012  
  count_reg[7]/CK  -      CK   R     DFFRX4         16  0.005   0.000   -0.012  
#-----------------------------------------------------------------------------
Path 32: MET (0.194 ns) Hold Check with Pin count_reg[10]/CK->D
               View: tt_v1.8_25C_Nominal_25_func
              Group: core_clock
         Startpoint: (R) enable
              Clock:
           Endpoint: (F) count_reg[10]/D
              Clock: (R) core_clock

                       Capture       Launch
         Clock Edge:+    0.000        0.000
        Src Latency:+   -0.015        0.000
        Net Latency:+    0.002 (P)    0.000 (I)
            Arrival:=   -0.013        0.000

               Hold:+   -0.004
        Uncertainty:+    0.250
        Cppr Adjust:-    0.000
      Required Time:=    0.233
       Launch Clock:=    0.000
          Data Path:+    0.427
              Slack:=    0.194
     Timing Path:

#---------------------------------------------------------------------------------
# Timing Point      Flags  Arc     Edge  Cell       Fanout  Trans   Delay  Arrival  
#                                                            (ns)    (ns)     (ns)  
#---------------------------------------------------------------------------------
  enable            -      enable  R     (arrival)       5  0.003   0.081    0.081  
  cts_FE_RC_34_0/Y  -      B->Y    R     CLKAND2X2       1  0.129   0.102    0.183  
  cts_FE_RC_33_0/Y  -      A->Y    R     CLKAND2X2       2  0.022   0.082    0.265  
  cts_FE_RC_20_0/Y  -      D->Y    F     NAND4X1         1  0.035   0.060    0.325  
  cts_FE_RC_22_0/Y  -      A->Y    R     NAND2X1         1  0.059   0.060    0.385  
  cts_FE_RC_21_0/Y  -      B->Y    F     NAND2X1         1  0.030   0.041    0.427  
  count_reg[10]/D   -      D       F     DFFRX4          1  0.031   0.000    0.427  
#---------------------------------------------------------------------------------
     Other End Path:

#------------------------------------------------------------------------------
# Timing Point      Flags  Arc  Edge  Cell       Fanout  Trans   Delay  Arrival  
#                                                         (ns)    (ns)     (ns)  
#------------------------------------------------------------------------------
  clk               -      clk  R     (arrival)      16  0.003   0.002   -0.013  
  count_reg[10]/CK  -      CK   R     DFFRX4         16  0.004   0.000   -0.013  
#------------------------------------------------------------------------------

