###############################################################
#  Generated by:      Cadence Innovus 25.11-s102_1
#  OS:                Linux x86_64(Host ID ece-rschsrv.ece.gatech.edu)
#  Generated on:      Sat Feb 14 12:55:03 2026
#  Design:            counter_16bit
#  Command:           report_timing_summary -checks {setup drv} -expand_views > [file join [get_db flow_report_directory] [get_db flow_report_name] [get_db flow_report_prefix]setup.view_summary.rpt]
###############################################################
# SETUP                                 WNS     TNS   FEP   
#----------------------------------------------------------
 View : ALL                          -0.092  -0.862    14  
    Group : Async                     0.179   0.000     0  
    Group : in2out                      N/A     N/A     0  
    Group : reg2out                     N/A     N/A     0  
    Group : in2reg                    0.076     0.0     0  
    Group : reg2reg                  -0.092  -0.862    14  
                                                           
 View : tt_v1.8_25C_Nominal_25_func  -0.092  -0.862    14  
    Group : Async                     0.179   0.000     0  
    Group : in2reg                    0.076     0.0     0  
    Group : reg2reg                  -0.092  -0.862    14  
    Group : in2out                      N/A     N/A     0  
    Group : reg2out                     N/A     N/A     0  
                                                           
#----------------------------------------------------------
 
# DRV                                 WNS   TNS   FEP   
#------------------------------------------------------
 View : ALL                                            
    Check : max_transition            N/A   N/A     0  
    Check : min_transition            N/A   N/A     0  
    Check : max_capacitance           N/A   N/A     0  
    Check : min_capacitance           N/A   N/A     0  
    Check : max_fanout                N/A   N/A     0  
    Check : min_fanout                N/A   N/A     0  
                                                       
 View : tt_v1.8_25C_Nominal_25_func                    
    Check : max_transition            N/A   N/A     0  
    Check : min_transition            N/A   N/A     0  
    Check : max_capacitance           N/A   N/A     0  
    Check : min_capacitance           N/A   N/A     0  
    Check : max_fanout                N/A   N/A     0  
    Check : min_fanout                N/A   N/A     0  
                                                       
 View : tt_v1.8_25C_Nominal_25_func                    
    Check : max_transition            N/A   N/A     0  
    Check : min_transition            N/A   N/A     0  
    Check : max_capacitance           N/A   N/A     0  
    Check : min_capacitance           N/A   N/A     0  
    Check : max_fanout                N/A   N/A     0  
    Check : min_fanout                N/A   N/A     0  
                                                       
#------------------------------------------------------
 
