Cadence Genus(TM) Synthesis Solution.
Copyright 2025 Cadence Design Systems, Inc. All rights reserved worldwide.
Cadence and the Cadence logo are registered trademarks and Genus is a trademark
of Cadence Design Systems, Inc. in the United States and other countries.

[16:55:17.185801] Configured Lic search path (25.01-s002): 5280@ece-winlic.ece.gatech.edu

Version: 25.11-s095_1, built Tue Aug 12 07:59:05 PDT 2025
Options: -batch -log /nethome/dkhalil8/Physical-Design-Onboarding/RTL2GDS/design/logs/syn_map.report_synth -disable_user_startup -execute {if {[catch {init_flow  {flow_script {} yaml_script /nethome/dkhalil8/Physical-Design-Onboarding/RTL2GDS/design/scripts/flow.yaml flow_no_check 0 parent_uuid efcef883-16b7-4c86-a9b2-65dc560a32f7 previous_uuid {} top_dir /nethome/dkhalil8/Physical-Design-Onboarding/RTL2GDS/design flow_dir ./. status_file /nethome/dkhalil8/Physical-Design-Onboarding/RTL2GDS/design/flow.status.d/syn_map.report_synth metrics_file /nethome/dkhalil8/Physical-Design-Onboarding/RTL2GDS/design/flow.metrics.d/syn_map.report_synth run_tag {} db {rc /nethome/dkhalil8/Physical-Design-Onboarding/RTL2GDS/design/dbs/syn_map.db top_lvl {}} db_is_ref_run 0 branch {} caller_data {group 0 process_branch 2 trunk_process 0 flowtool_hostname ece-rschsrv.ece.gatech.edu flowtool_pid 172149} flow {flow flow:report_synth tool genus tool_options -disable_user_startup no_sync 0 sync 0 db {rc dbs/syn_map.db top_lvl {}} dir ./. branch {} caller_data {group 0 process_branch 2} include_in_metrics 1 parent_uuid efcef883-16b7-4c86-a9b2-65dc560a32f7 after {} defer 0 child_of {flow:flow_current flow:synthesis flow:syn_map}} flow_name flow:report_synth first_step {tool genus flow flow:report_synth canonical_path {.steps flow_step:report_start} step flow_step:report_start features {} str report_start child_of {flow:flow_current flow:synthesis flow:syn_map}} interactive 0 interactive_run 0 enabled_features {} inject_tcl {} trunk_process 0 aum_upload false tool_options -disable_user_startup overwrite 0 last_step {tool genus flow flow:report_synth canonical_path {.steps flow_step:report_finish} step flow_step:report_finish features {} str report_finish child_of {flow:flow_current flow:synthesis flow:syn_map}} child_of {flow:flow_current flow:synthesis flow:syn_map} log_prefix /nethome/dkhalil8/Physical-Design-Onboarding/RTL2GDS/design/logs/syn_map.report_synth}; run_flow -from {tool genus flow flow:report_synth canonical_path {.steps flow_step:report_start} step flow_step:report_start features {} str report_start child_of {flow:flow_current flow:synthesis flow:syn_map}} -to {tool genus flow flow:report_synth canonical_path {.steps flow_step:report_finish} step flow_step:report_finish features {} str report_finish child_of {flow:flow_current flow:synthesis flow:syn_map}}} msg]} { puts [concat {Tcl error:} $errorInfo]; set fp [open {/nethome/dkhalil8/Physical-Design-Onboarding/RTL2GDS/design/flow.status.d/syn_map.report_synth} a]; puts $fp {}; puts $fp [list [list script run_tcl status error flow {flow:report_synth} branch {} flow_working_directory {./.} flow_starting_db {rc /nethome/dkhalil8/Physical-Design-Onboarding/RTL2GDS/design/dbs/syn_map.db top_lvl {}} {tool_options} {-disable_user_startup} steps_run [get_db flow_step_canonical_current] msg $msg]]; close $fp; exit 1 }; exit 0} 
Date:    Tue Oct 07 16:55:17 2025
Host:    ece-rschsrv.ece.gatech.edu (x86_64 w/Linux 4.18.0-553.69.1.el8_10.x86_64) (22cores*88cpus*2physical cpus*Intel(R) Xeon(R) CPU E5-2699 v4 @ 2.20GHz 56320KB) (264007020KB)
PID:     193252
OS:      Red Hat Enterprise Linux 8.10 (Ootpa)

Checking out license: Genus_Synthesis
[16:55:17.254938] Periodic Lic check successful
[16:55:17.254979] Feature usage summary:
[16:55:17.254979] Genus_Synthesis  
License checkout complete (0 seconds elapsed).


***********************************************************************************************************
***********************************************************************************************************



Finished executable startup (8 seconds elapsed).

Loading tool scripts...
Finished loading tool scripts (24 seconds elapsed).

#@ Processing -execute option
@genus:root: 1> if {[catch {init_flow  {flow_script {} yaml_script /nethome/dkhalil8/Physical-Design-Onboarding/RTL2GDS/design/scripts/flow.yaml flow_no_check 0 parent_uuid efcef883-16b7-4c86-a9b2-65dc560a32f7 previous_uuid {} top_dir /nethome/dkhalil8/Physical-Design-Onboarding/RTL2GDS/design flow_dir ./. status_file /nethome/dkhalil8/Physical-Design-Onboarding/RTL2GDS/design/flow.status.d/syn_map.report_synth metrics_file /nethome/dkhalil8/Physical-Design-Onboarding/RTL2GDS/design/flow.metrics.d/syn_map.report_synth run_tag {} db {rc /nethome/dkhalil8/Physical-Design-Onboarding/RTL2GDS/design/dbs/syn_map.db top_lvl {}} db_is_ref_run 0 branch {} caller_data {group 0 process_branch 2 trunk_process 0 flowtool_hostname ece-rschsrv.ece.gatech.edu flowtool_pid 172149} flow {flow flow:report_synth tool genus tool_options -disable_user_startup no_sync 0 sync 0 db {rc dbs/syn_map.db top_lvl {}} dir ./. branch {} caller_data {group 0 process_branch 2} include_in_metrics 1 parent_uuid efcef883-16b7-4c86-a9b2-65dc560a32f7 after {} defer 0 child_of {flow:flow_current flow:synthesis flow:syn_map}} flow_name flow:report_synth first_step {tool genus flow flow:report_synth canonical_path {.steps flow_step:report_start} step flow_step:report_start features {} str report_start child_of {flow:flow_current flow:synthesis flow:syn_map}} interactive 0 interactive_run 0 enabled_features {} inject_tcl {} trunk_process 0 aum_upload false tool_options -disable_user_startup overwrite 0 last_step {tool genus flow flow:report_synth canonical_path {.steps flow_step:report_finish} step flow_step:report_finish features {} str report_finish child_of {flow:flow_current flow:synthesis flow:syn_map}} child_of {flow:flow_current flow:synthesis flow:syn_map} log_prefix /nethome/dkhalil8/Physical-Design-Onboarding/RTL2GDS/design/logs/syn_map.report_synth}; run_flow -from {tool genus flow flow:report_synth canonical_path {.steps flow_step:report_start} step flow_step:report_start features {} str report_start child_of {flow:flow_current flow:synthesis flow:syn_map}} -to {tool genus flow flow:report_synth canonical_path {.steps flow_step:report_finish} step flow_step:report_finish features {} str report_finish child_of {flow:flow_current flow:synthesis flow:syn_map}}} msg]} { puts [concat {Tcl error:} $errorInfo]; set fp [open {/nethome/dkhalil8/Physical-Design-Onboarding/RTL2GDS/design/flow.status.d/syn_map.report_synth} a]; puts $fp {}; puts $fp [list [list script run_tcl status error flow {flow:report_synth} branch {} flow_working_directory {./.} flow_starting_db {rc /nethome/dkhalil8/Physical-Design-Onboarding/RTL2GDS/design/dbs/syn_map.db top_lvl {}} {tool_options} {-disable_user_startup} steps_run [get_db flow_step_canonical_current] msg $msg]]; close $fp; exit 1 }; exit 0
init_flow summary:
  Flow script        : 
  YAML script        : /nethome/dkhalil8/Physical-Design-Onboarding/RTL2GDS/design/scripts/flow.yaml
  Flow               : flow:report_synth
  From               : report_start
  To                 : report_finish
  Top directory      : /nethome/dkhalil8/Physical-Design-Onboarding/RTL2GDS/design
  Working directory  : .
  Starting database  : /nethome/dkhalil8/Physical-Design-Onboarding/RTL2GDS/design/dbs/syn_map.db
  Run tag            : 
  Branch name        : 
  Metrics file       : /nethome/dkhalil8/Physical-Design-Onboarding/RTL2GDS/design/flow.metrics.d/syn_map.report_synth
  Status file        : /nethome/dkhalil8/Physical-Design-Onboarding/RTL2GDS/design/flow.status.d/syn_map.report_synth
reading previous metrics...
Sourcing flow scripts...
  Setting attribute of root '/': 'flow_template_type' = stylus
  Setting attribute of root '/': 'flow_template_version' = 1
  Setting attribute of root '/': 'flow_template_tools' = genus innovus tempus quantus voltus
  Setting attribute of root '/': 'flow_template_feature_definition' = flow_express 0 report_inline {} report_defer 0 report_none 0 report_clp 0 report_lec {} use_common_db 0 report_pba {} dft_simple 0 dft_compressor 0 synth_hybrid 0 synth_ispatial 0 synth_placev2 0 opt_early_cts 0 clock_design 0 clock_flexible_htree 0 opt_clock 0 opt_postcts_hold_disable 0 opt_postcts_split 0 route_filler_disable 0 route_track_opt 0 route_secondary_nets 0 opt_postroute_split 0 opt_route 0 opt_signoff {} opt_em 0 opt_eco 0 sta_use_setup_yaml 0 sta_dmmmc 0 sta_glitch 0 sta_eco 0 report_early_static_ir 0 report_early_dynamic_ir 0 report_grid_resistance 0 report_static_ir {} report_dynamic_ir {} report_rampup 0 report_signal_em 0 report_power_em 0 report_power_parallel 0 ff_setup 0
  Setting attribute of root '/': 'flowtool_metrics_qor_vivid' = reports/qor.html
  Setting attribute of root '/': 'flow_header_tcl' = 
  #- extend flow report name based on context
  if {[is_flow -quiet -inside flow:sta] || [is_flow -quiet -inside flow:sta_dmmmc] || [is_flow -quiet -inside flow:sta_eco]} {
    if {![regexp {sta$} [get_db flow_report_name]]} {
      set_db flow_report_name [expr {[string is space [get_db flow_report_name]] ? "sta" : "[get_db flow_report_name].sta"}]
    }
  } elseif {[is_flow -quiet -inside flow:ir_early_static] || [is_flow -quiet -inside flow:ir_early_dynamic]} {
    if {![regexp {era$} [get_db flow_report_name]]} {
      set_db flow_report_name [expr {[string is space [get_db flow_report_name]] ? "era" : "[get_db flow_report_name].era"}]
    }
  } elseif {[is_flow -quiet -inside flow:ir_grid] || [is_flow -quiet -inside flow:ir_static] || [is_flow -quiet -inside flow:ir_dynamic] || [is_flow -quiet -inside flow:ir_rampup]} {
    if {![regexp {ir$} [get_db flow_report_name]]} {
      set_db flow_report_name [expr {[string is space [get_db flow_report_name]] ? "ir" : "[get_db flow_report_name].ir"}]
    }
  } elseif {[is_flow -quiet -inside flow:sta_subflows] && [get_db flow_branch] ne {}} {
    set_db flow_report_name [get_db flow_branch]
  } elseif {[regexp {block_start|hier_start|eco_start} [get_db flow_step_current]]} {
    set_db flow_report_name [get_db [lindex [get_db flow_hier_path] end] .name]
  } else {
  }

  #- Create report dir (if necessary)
  file mkdir [file normalize [file join [get_db flow_report_directory] [get_db flow_report_name]]]

  Setting attribute of root '/': 'flow_top' = flow:block
  Setting attribute of root '/': 'flow_top' = flow_current
Sourcing flow scripts done.
Begin steps for plugin point Cadence.plugin.flowkit.read_db.pre
#@ Begin verbose flow_step activate_views
@flow_step(activate_views)  2:   apply {{} {
                                   set db [get_db flow_starting_db]
                                   set flow [lindex [get_db flow_hier_path] end]
                                   set setup_views [get_feature -obj $flow setup_views]
                                   set hold_views [get_feature -obj $flow hold_views]
                                   set leakage_view [get_feature -obj $flow leakage_view]
                                   set dynamic_view [get_feature -obj $flow dynamic_view]
                                 
                                   if {($setup_views ne "") || ($hold_views ne "") || ($leakage_view ne "") || ($dynamic_view ne "")} {
                                     #- use read_db args for DB types and set_analysis_views for TCL
                                     if {([llength [get_db analysis_views]]) > 0 &&  ([lindex $db 0] eq {tcl} || [lindex $db 0] in {enc cdb} && [file isfile [lindex $db 1]])} {
                                       set cmd "set_analysis_view"
                                       if {$setup_views ne ""} {
                                         append cmd " -setup [list $setup_views]"
                                       } else {
                                         append cmd " -setup [list [get_db [get_db analysis_views -if .is_setup] .name]]"
                                       }
                                       if {$hold_views ne ""} {
                                         append cmd " -hold [list $hold_views]"
                                       } else {
                                         append cmd " -hold [list [get_db [get_db analysis_views -if .is_hold] .name]]"
                                       }
                                       if {$leakage_view ne ""} {
                                         append cmd " -leakage [list $leakage_view]"
                                       } else {
                                         if {[llength [get_db analysis_views -if .is_leakage]] > 0} {
                                           append cmd " -leakage [list [get_db [get_db analysis_views -if .is_leakage] .name]]"
                                         }
                                       }
                                       if {$dynamic_view ne ""} {
                                         append cmd " -dynamic [list $dynamic_view]"
                                       } else {
                                         if {[llength [get_db analysis_views -if .is_dynamic]] > 0} {
                                           append cmd " -dynamic [list [get_db [get_db analysis_views -if .is_dynamic] .name]]"
                                         }
                                       }
                                       eval $cmd
                                     } elseif {[llength [get_db analysis_views]] == 0} {
                                       set cmd "set_flowkit_read_db_args"
                                       if {$setup_views ne ""} {
                                         append cmd " -setup_views [list $setup_views]"
                                       }
                                       if {$hold_views ne ""} {
                                         append cmd " -hold_views [list $hold_views]"
                                       }
                                       if {$leakage_view ne ""} {
                                         append cmd " -leakage_view [list $leakage_view]"
                                       }
                                       if {$dynamic_view ne ""} {
                                         append cmd " -dynamic_view [list $dynamic_view]"
                                       }
                                       eval $cmd
                                     } else {
                                     }
                                   }
                                 }}
#@ End verbose flow_step activate_views
#@ Begin verbose flow_step init_mcpu
@flow_step(init_mcpu)  2:   apply {{} {
                              # Multi host/cpu attributes
                              #-----------------------------------------------------------------------------
                              # The FLOWTOOL_NUM_CPUS is an environment variable which should be exported by
                              # the specified dist script.  This connects the number of CPUs being reserved
                              # for batch jobs with the current flow scripts.  The LSB_MAX_NUM_PROCESSORS is
                              # a typical environment variable exported by distribution platforms and is
                              # useful for ensuring all interactive jobs are using the reserved amount of CPUs.
                              if {[info exists ::env(FLOWTOOL_NUM_CPUS)]} {
                                set max_cpus $::env(FLOWTOOL_NUM_CPUS)
                              } elseif {[info exists ::env(LSB_MAX_NUM_PROCESSORS)]} {
                                set max_cpus $::env(LSB_MAX_NUM_PROCESSORS)
                              } else {
                                set max_cpus 1
                              }
                              switch -glob [get_db program_short_name] {
                                default       {}
                                joules*       -
                                genus*        -
                                innovus*      -
                                tempus*       -
                                voltus*       { set_multi_cpu_usage -verbose -local_cpu $max_cpus }
                              }
                          if {[get_feature opt_signoff]} {
                                if {[is_flow -inside flow:opt_signoff]} {
                                  set_multi_cpu_usage -verbose -remote_host 1
                                  set_multi_cpu_usage -verbose -cpu_per_remote_host 16
                                  set_distributed_hosts -local
                                }
                          }
                            }}
set_multi_cpu_usage -local_cpu 1
#@ End verbose flow_step init_mcpu
End steps for plugin point Cadence.plugin.flowkit.read_db.pre
Reading database file '/nethome/dkhalil8/Physical-Design-Onboarding/RTL2GDS/design/dbs/syn_map.db'.

  Message Summary for Library both libraries:
  *******************************************
  Missing library level attribute. [LBR-516]: 1
  An unsupported construct was detected in this library. [LBR-40]: 2
  *******************************************
 
Info    : Created nominal operating condition. [LBR-412]
        : Operating condition '_nominal_' was created for the PVT values (1.000000, 1.800000, 25.000000) in library 'sky130_tt_1.8_25_nldm.lib'.
        : The nominal operating condition is represented, either by the nominal PVT values specified in the library source (via nom_process,nom_voltage and nom_temperature respectively), or by the default PVT values (1.0,1.0,1.0).
Info    : Created nominal operating condition. [LBR-412]
        : Operating condition '_nominal_' was created for the PVT values (1.000000, 1.800000, 25.000000) in library 'sky130_sram_2kbyte_1rw1r_32x512_8_TT_1p8V_25C.lib'.
Warning : Unusable clock gating integrated cell found at the time of loading libraries. This warning happens because a particular library cell is defined as 'clock_gating_integrated_cell', but 'dont_use' attribute is defined as true in the liberty library. To make Genus use this cell for clock gating insertion, 'dont_use' attribute should be set to false. [LBR-101]
        : Clock gating integrated cell name: 'ICGX1'
        : To make the cell usable, change the value of 'dont_use' attribute to false.
Info    : Set default library domain. [LBR-109]
        : The default library domain is 'library_domain:tt_v1.8_25C'.
##  Process: 130            (User Set)
##     Node: (not set)
##  Check design process and node:
##  Design tech node is not set.

  According to lef_library, there are total 5 routing layers [ V(2) / H(3) ]

Warning : The variant range of wire parameters is too large. An example of wire parameters are, a WIDTH for layer, PITCH for layer, MINSPACING for layers, etc. [PHYS-12]
        : The variant range (0.14, 1.6) of 'WIDTH' for layers 'met1' and 'met5' is too large.
        : Check the consistency of the parameters, and see if you can ignore this message or you're using different LEF file with wrong parameters.
Warning : The variant range of wire parameters is too large. An example of wire parameters are, a WIDTH for layer, PITCH for layer, MINSPACING for layers, etc. [PHYS-12]
        : The variant range (0.14, 1.6) of 'MINSPACING' for layers 'met2' and 'met5' is too large.
Warning : Physical cell not defined in library. [PHYS-279]
        : The physical (LEF) cell FILL1 cannot be found in library.
        : Ensure that the proper library files are available and have been imported.
Warning : Physical cell not defined in library. [PHYS-279]
        : The physical (LEF) cell FILL2 cannot be found in library.
Warning : Physical cell not defined in library. [PHYS-279]
        : The physical (LEF) cell FILL4 cannot be found in library.
Warning : Physical cell not defined in library. [PHYS-279]
        : The physical (LEF) cell FILL8 cannot be found in library.
Warning : Physical cell not defined in library. [PHYS-279]
        : The physical (LEF) cell FILL16 cannot be found in library.
Warning : Physical cell not defined in library. [PHYS-279]
        : The physical (LEF) cell FILL32 cannot be found in library.
Warning : Physical cell not defined in library. [PHYS-279]
        : The physical (LEF) cell FILL64 cannot be found in library.
Warning : Physical cell not defined in library. [PHYS-279]
        : The physical (LEF) cell ANTENNA cannot be found in library.
This attribute has no effect on the tool operation.
This attribute has no effect on the tool operation.

  According to qrc_tech_file, there are total 5 routing layers [ V(2) / H(3) ]


  According to qrc_tech_file, there are total 5 routing layers [ V(2) / H(3) ]

Warning : Total power has skewed contributions from leakage and dynamic power. [POPT-502]
        : With 'opt_leakage_to_dynamic_ratio' set to 0.5, the total power of 'NAND2X1' is being computed as:
	  Total Power = (Leakage Power * 0.5) + (Dynamic Power * (1 - 0.5))
	  Leakage Power:     0.1139330000 nW
	  Dynamic Power:  4821.5147780000 nW
	  Total Power:    2410.8143555000 nW
	  Leakage Power is contributing 0.00236% to the Total Power.
        : Dynamic power is typically calculated/specified for some 'active period'. For combination of leakage and dynamic power opt_leakage_to_dynamic_ratio must specify the percentage of overall time for which the design is not in the 'active period' but in 'idle mode', i.e. no dynamic power but only leakage power is consumed. For a reasonable optimization across dynamic and leakage power, leakage contribution is expected to be above 5% and below 95%. A contribution of less than 5% will result in limited leakage optimization and contribution of more than 95% will result in limited dynamic optimization. Adjust 'opt_leakage_to_dynamic_ratio' so that leakage contribution comes to an intermediate value if you intend both optimizations to occur.
UM:   flow.cputime  flow.realtime  timing.setup.tns  timing.setup.wns  snapshot
UM:*                                                                   read_db
Sourcing flow scripts...
  Setting attribute of root '/': 'flow_template_type' = stylus
  Setting attribute of root '/': 'flow_template_version' = 1
  Setting attribute of root '/': 'flow_template_tools' = genus innovus tempus quantus voltus
  Setting attribute of root '/': 'flow_template_feature_definition' = flow_express 0 report_inline {} report_defer 0 report_none 0 report_clp 0 report_lec {} use_common_db 0 report_pba {} dft_simple 0 dft_compressor 0 synth_hybrid 0 synth_ispatial 0 synth_placev2 0 opt_early_cts 0 clock_design 0 clock_flexible_htree 0 opt_clock 0 opt_postcts_hold_disable 0 opt_postcts_split 0 route_filler_disable 0 route_track_opt 0 route_secondary_nets 0 opt_postroute_split 0 opt_route 0 opt_signoff {} opt_em 0 opt_eco 0 sta_use_setup_yaml 0 sta_dmmmc 0 sta_glitch 0 sta_eco 0 report_early_static_ir 0 report_early_dynamic_ir 0 report_grid_resistance 0 report_static_ir {} report_dynamic_ir {} report_rampup 0 report_signal_em 0 report_power_em 0 report_power_parallel 0 ff_setup 0
  Setting attribute of root '/': 'flowtool_metrics_qor_vivid' = reports/qor.html
  Setting attribute of root '/': 'flow_header_tcl' = 
  #- extend flow report name based on context
  if {[is_flow -quiet -inside flow:sta] || [is_flow -quiet -inside flow:sta_dmmmc] || [is_flow -quiet -inside flow:sta_eco]} {
    if {![regexp {sta$} [get_db flow_report_name]]} {
      set_db flow_report_name [expr {[string is space [get_db flow_report_name]] ? "sta" : "[get_db flow_report_name].sta"}]
    }
  } elseif {[is_flow -quiet -inside flow:ir_early_static] || [is_flow -quiet -inside flow:ir_early_dynamic]} {
    if {![regexp {era$} [get_db flow_report_name]]} {
      set_db flow_report_name [expr {[string is space [get_db flow_report_name]] ? "era" : "[get_db flow_report_name].era"}]
    }
  } elseif {[is_flow -quiet -inside flow:ir_grid] || [is_flow -quiet -inside flow:ir_static] || [is_flow -quiet -inside flow:ir_dynamic] || [is_flow -quiet -inside flow:ir_rampup]} {
    if {![regexp {ir$} [get_db flow_report_name]]} {
      set_db flow_report_name [expr {[string is space [get_db flow_report_name]] ? "ir" : "[get_db flow_report_name].ir"}]
    }
  } elseif {[is_flow -quiet -inside flow:sta_subflows] && [get_db flow_branch] ne {}} {
    set_db flow_report_name [get_db flow_branch]
  } elseif {[regexp {block_start|hier_start|eco_start} [get_db flow_step_current]]} {
    set_db flow_report_name [get_db [lindex [get_db flow_hier_path] end] .name]
  } else {
  }

  #- Create report dir (if necessary)
  file mkdir [file normalize [file join [get_db flow_report_directory] [get_db flow_report_name]]]

  Setting attribute of root '/': 'flow_top' = flow:block
  Setting attribute of root '/': 'flow_top' = flow_current
Sourcing flow scripts done.
reading previous metrics...
Begin steps for plugin point Cadence.plugin.flowkit.read_db.post
#@ Begin verbose flow_step activate_views
@flow_step(activate_views)  2:   apply {{} {
                                   set db [get_db flow_starting_db]
                                   set flow [lindex [get_db flow_hier_path] end]
                                   set setup_views [get_feature -obj $flow setup_views]
                                   set hold_views [get_feature -obj $flow hold_views]
                                   set leakage_view [get_feature -obj $flow leakage_view]
                                   set dynamic_view [get_feature -obj $flow dynamic_view]
                                 
                                   if {($setup_views ne "") || ($hold_views ne "") || ($leakage_view ne "") || ($dynamic_view ne "")} {
                                     #- use read_db args for DB types and set_analysis_views for TCL
                                     if {([llength [get_db analysis_views]]) > 0 &&  ([lindex $db 0] eq {tcl} || [lindex $db 0] in {enc cdb} && [file isfile [lindex $db 1]])} {
                                       set cmd "set_analysis_view"
                                       if {$setup_views ne ""} {
                                         append cmd " -setup [list $setup_views]"
                                       } else {
                                         append cmd " -setup [list [get_db [get_db analysis_views -if .is_setup] .name]]"
                                       }
                                       if {$hold_views ne ""} {
                                         append cmd " -hold [list $hold_views]"
                                       } else {
                                         append cmd " -hold [list [get_db [get_db analysis_views -if .is_hold] .name]]"
                                       }
                                       if {$leakage_view ne ""} {
                                         append cmd " -leakage [list $leakage_view]"
                                       } else {
                                         if {[llength [get_db analysis_views -if .is_leakage]] > 0} {
                                           append cmd " -leakage [list [get_db [get_db analysis_views -if .is_leakage] .name]]"
                                         }
                                       }
                                       if {$dynamic_view ne ""} {
                                         append cmd " -dynamic [list $dynamic_view]"
                                       } else {
                                         if {[llength [get_db analysis_views -if .is_dynamic]] > 0} {
                                           append cmd " -dynamic [list [get_db [get_db analysis_views -if .is_dynamic] .name]]"
                                         }
                                       }
                                       eval $cmd
                                     } elseif {[llength [get_db analysis_views]] == 0} {
                                       set cmd "set_flowkit_read_db_args"
                                       if {$setup_views ne ""} {
                                         append cmd " -setup_views [list $setup_views]"
                                       }
                                       if {$hold_views ne ""} {
                                         append cmd " -hold_views [list $hold_views]"
                                       }
                                       if {$leakage_view ne ""} {
                                         append cmd " -leakage_view [list $leakage_view]"
                                       }
                                       if {$dynamic_view ne ""} {
                                         append cmd " -dynamic_view [list $dynamic_view]"
                                       }
                                       eval $cmd
                                     } else {
                                     }
                                   }
                                 }}
#@ End verbose flow_step activate_views
#@ Begin verbose flow_step init_mcpu
@flow_step(init_mcpu)  2:   apply {{} {
                              # Multi host/cpu attributes
                              #-----------------------------------------------------------------------------
                              # The FLOWTOOL_NUM_CPUS is an environment variable which should be exported by
                              # the specified dist script.  This connects the number of CPUs being reserved
                              # for batch jobs with the current flow scripts.  The LSB_MAX_NUM_PROCESSORS is
                              # a typical environment variable exported by distribution platforms and is
                              # useful for ensuring all interactive jobs are using the reserved amount of CPUs.
                              if {[info exists ::env(FLOWTOOL_NUM_CPUS)]} {
                                set max_cpus $::env(FLOWTOOL_NUM_CPUS)
                              } elseif {[info exists ::env(LSB_MAX_NUM_PROCESSORS)]} {
                                set max_cpus $::env(LSB_MAX_NUM_PROCESSORS)
                              } else {
                                set max_cpus 1
                              }
                              switch -glob [get_db program_short_name] {
                                default       {}
                                joules*       -
                                genus*        -
                                innovus*      -
                                tempus*       -
                                voltus*       { set_multi_cpu_usage -verbose -local_cpu $max_cpus }
                              }
                          if {[get_feature opt_signoff]} {
                                if {[is_flow -inside flow:opt_signoff]} {
                                  set_multi_cpu_usage -verbose -remote_host 1
                                  set_multi_cpu_usage -verbose -cpu_per_remote_host 16
                                  set_distributed_hosts -local
                                }
                          }
                            }}
set_multi_cpu_usage -local_cpu 1
#@ End verbose flow_step init_mcpu
End steps for plugin point Cadence.plugin.flowkit.read_db.post
      flow.cputime  flow.realtime  timing.setup.tns  timing.setup.wns  snapshot
UM:*                                                                   init_flow
      flow.cputime  flow.realtime  timing.setup.tns  timing.setup.wns  snapshot
UM:*                                                                   report_synth
#@ Begin verbose flow_step report_start
#@ End verbose flow_step report_start
      flow.cputime  flow.realtime  timing.setup.tns  timing.setup.wns  snapshot
UM:             40             44                                      report_start
#@ Begin verbose flow_step init_genus.init_genus_yaml
@flow_step(init_genus_yaml)  2:   # Timing attributes  [get_db -category tim]
@flow_step(init_genus_yaml)  3:   #-------------------------------------------------------------------------------
@flow_step(init_genus_yaml)  4:   set_db ocv_mode                         true
  Setting attribute of root '/': 'ocv_mode' = true
@flow_step(init_genus_yaml)  6:   # Routing attributes  [get_db -category route]
@flow_step(init_genus_yaml)  7:   #-------------------------------------------------------------------------------
@flow_step(init_genus_yaml)  8:   set_db design_top_routing_layer met5
  Setting attribute of root '/': 'design_top_routing_layer' = met5
@flow_step(init_genus_yaml)  9:   set_db design_bottom_routing_layer met1
  Setting attribute of root '/': 'design_bottom_routing_layer' = met1
@flow_step(init_genus_yaml) 11:   # Optimization attributes  [get_db -category netlist]
@flow_step(init_genus_yaml) 12:   #-------------------------------------------------------------------------------
@flow_step(init_genus_yaml) 13:   set_db design_flow_effort standard
  Setting attribute of root '/': 'design_flow_effort' = standard
@flow_step(init_genus_yaml) 14:   set_db design_power_effort none
  Setting attribute of root '/': 'design_power_effort' = none
@flow_step(init_genus_yaml) 15:   set_db opt_leakage_to_dynamic_ratio 0.5
  Setting attribute of root '/': 'opt_leakage_to_dynamic_ratio' = 0.5
@flow_step(init_genus_yaml) 16:   set_db cts_buffer_cells {CLKBUFX2 CLKBUFX4 CLKBUFX8}
  Setting attribute of root '/': 'cts_buffer_cells' = CLKBUFX2 CLKBUFX4 CLKBUFX8
@flow_step(init_genus_yaml) 17:   set_db cts_inverter_cells {CLKINVX1 CLKINVX2 CLKINVX4 CLKINVX8}
  Setting attribute of root '/': 'cts_inverter_cells' = CLKINVX1 CLKINVX2 CLKINVX4 CLKINVX8
@flow_step(init_genus_yaml) 18:   set_db cts_clock_gating_cells ICGX1
  Setting attribute of root '/': 'cts_clock_gating_cells' = ICGX1
@flow_step(init_genus_yaml) 19:   set_db cts_logic_cells {CLKAND2X2 CLKXOR2X1 CLKMX2X2 CLKINVX1 CLKINVX2 CLKINVX4 CLKINVX8}
  Setting attribute of root '/': 'cts_logic_cells' = CLKAND2X2 CLKXOR2X1 CLKMX2X2 CLKINVX1 CLKINVX2 CLKINVX4 CLKINVX8
@flow_step(init_genus_yaml) 21:   # Physical attributes  [get_db -category phys]
@flow_step(init_genus_yaml) 22:   #-------------------------------------------------------------------------------
@flow_step(init_genus_yaml) 23:   set_db design_process_node 130
##  Process: 130            (User Set)
##     Node: (not set)
##  Check design process and node:
##  Design tech node is not set.
  Setting attribute of root '/': 'design_process_node' = 130
#@ End verbose flow_step init_genus.init_genus_yaml
      flow.cputime  flow.realtime  timing.setup.tns  timing.setup.wns  snapshot
UM:              3              4                                      init_genus_yaml
      flow.cputime  flow.realtime  timing.setup.tns  timing.setup.wns  snapshot
UM:*                                                                   init_genus
#@ Begin verbose flow_step init_genus.init_genus_user
@flow_step(init_genus_user)  2:   set_db heartbeat 300
  Setting attribute of root '/': 'heartbeat' = 300
@flow_step(init_genus_user)  3:   set_db max_cpus_per_server 16
  Setting attribute of root '/': 'max_cpus_per_server' = 16
@flow_step(init_genus_user)  4:   # Timing attributes  [get_db -category tim]
@flow_step(init_genus_user)  5:   #-----------------------------------------------------------------------------
@flow_step(init_genus_user)  6:   set_db timing_apply_default_primary_input_assertion true
  Setting attribute of root '/': 'timing_apply_default_primary_input_assertion' = true
@flow_step(init_genus_user)  7:   set_db timing_analysis_async_checks     async
  Setting attribute of root '/': 'timing_analysis_async_checks' = async
@flow_step(init_genus_user)  9:   # Optimization attributes  [get_db -category netlist]
@flow_step(init_genus_user) 10:   #-----------------------------------------------------------------------------
@flow_step(init_genus_user) 12:   # Datapath attributes  [get_db -category dp]
@flow_step(init_genus_user) 13:   #-----------------------------------------------------------------------------
@flow_step(init_genus_user) 15:   # Leakage Power attributes  [get_db -category lp_opt lib_ui]
@flow_step(init_genus_user) 16:   #-----------------------------------------------------------------------------
#@ End verbose flow_step init_genus.init_genus_user
      flow.cputime  flow.realtime  timing.setup.tns  timing.setup.wns  snapshot
UM:              3              3                                      init_genus_user
#@ Begin verbose flow_step report_area_genus
@flow_step(report_area_genus) 2:   report_area -min_count 1000 > [file join [get_db flow_report_directory] [get_db flow_report_name] [get_db flow_report_prefix]area.summary.rpt]
There is no ndr for this design!
INFO (IMPEXT-7048): Generating auto layer map file.

INFO (IMPEXT-6188): Importing multi-corner technology file(s) for preRoute extraction...

INFO (IMPEXT-5003): /nethome/dkhalil8/Physical-Design-Onboarding/RTL2GDS/design/../SiliconJackets/cadence_sky130/sky130_release_0.0.4/quantus/extraction/typical/qrcTechFile

INFO (IMPEXT-7048): Generating auto layer map file.

INFO (IMPEXT-6209): Completed (cpu: 1233257.000000 real: 1233257.000000)

@flow_step(report_area_genus) 3:   report_dp                   > [file join [get_db flow_report_directory] [get_db flow_report_name] [get_db flow_report_prefix]area.datapath.rpt]
Beginning report datapath command
Warning : The filename, column and line number information will not be available in the report. [RPT_DP-100]
        : The attribute for getting HDL filename and line number is not set.
        : You must set the 'hdl_track_filename_row_col' attribute to 'true' (before elaborate) to enable filename, column, and line number tracking in the datapath report.
#@ End verbose flow_step report_area_genus
UM: Running design category ...
      flow.cputime  flow.realtime  timing.setup.tns  timing.setup.wns  snapshot
UM:              5              5                                      report_area_genus
#@ Begin verbose flow_step report_late_summary_genus
@flow_step(report_late_summary_genus) 2:   report_timing_summary -checks {setup drv} > [file join [get_db flow_report_directory] [get_db flow_report_name] [get_db flow_report_prefix]setup.analysis_summary.rpt]
Error   : A required object parameter could not be found. [TUI-61] [group_path]
        : An object of type 'clock|port|inst|hinst|pin|hpin|port_bus|hpin_bus' named '' could not be found.
        : Check to make sure that the object exists and is of the correct type.  The 'what_is' command can be used to determine the type of an object.

Usage: group_path [-rise] [-fall]
           [ -from <clock|port|inst|hinst|pin|hpin|port_bus|hpin_bus>+ |
             -rise_from <clock|port|inst|hinst|pin|hpin|port_bus|hpin_bus>+ |
             -fall_from <clock|port|inst|hinst|pin|hpin|port_bus|hpin_bus>+ ]
           [ -to <clock|port|inst|hinst|pin|hpin|port_bus|hpin_bus>+ |
             -rise_to <clock|port|inst|hinst|pin|hpin|port_bus|hpin_bus>+ |
             -fall_to <clock|port|inst|hinst|pin|hpin|port_bus|hpin_bus>+ ]
           [ -through <port|inst|hinst|pin|hpin|hnet|port_bus|hpin_bus>+ |
             -rise_through <port|inst|hinst|pin|hpin|hnet|port_bus|hpin_bus>+ |
             -fall_through <port|inst|hinst|pin|hpin|hnet|port_bus|hpin_bus>+ ]+
           [-name <string>] [-default] [-weight <float>]
           [-critical_range <float>] [-setup] [-hold] [-comment <string>]
           [-user_priority <integer>] [-exception_name <string>]

    [-rise]:
        exception is for setup timing analysis only (default is both setup and 
        hold) 
    [-fall]:
        exception is for setup timing analysis only (default is both setup and 
        hold) 
    -from <clock|port|inst|hinst|pin|hpin|port_bus|hpin_bus>+:
        a set of startpoints for the paths 
    -rise_from <clock|port|inst|hinst|pin|hpin|port_bus|hpin_bus>+:
        startpoints with a rise transition at the pin itself 
    -fall_from <clock|port|inst|hinst|pin|hpin|port_bus|hpin_bus>+:
        startpoints with a fall transition at the pin itself 
    -to <clock|port|inst|hinst|pin|hpin|port_bus|hpin_bus>+:
        a set of endpoints for the paths 
    -rise_to <clock|port|inst|hinst|pin|hpin|port_bus|hpin_bus>+:
        endpoints with a rise transition at the pin itself 
    -fall_to <clock|port|inst|hinst|pin|hpin|port_bus|hpin_bus>+:
        endpoints with a fall transition at the pin itself 
    -through <port|inst|hinst|pin|hpin|hnet|port_bus|hpin_bus>+:
        through list 
    -rise_through <port|inst|hinst|pin|hpin|hnet|port_bus|hpin_bus>+:
        this option specifies paths that contain a rise transition in one of 
        these objects and it can be repeated and can be combined with -through 
        and/or -through_fall_pin 
    -fall_through <port|inst|hinst|pin|hpin|hnet|port_bus|hpin_bus>+:
        this option specifies paths that contain a fall transition in one of 
        these objects and it can be repeated and can be combined with -through 
        and/or -through_rise_pin 
    [-name <string>]:
        cost group name 
    [-default]:
        default cost group 
    [-weight <float>]:
        cost function weight value 
    [-critical_range <float>]:
        margin of delay for optimization 
    [-setup]:
        for setup timing analysis only 
    [-hold]:
        for hold timing analysis only 
    [-comment <string>]:
        comment 
    [-user_priority <integer>]:
        user priority setting for exception 
    [-exception_name <string>]:
        exception name 
Error   : A required object parameter could not be found. [TUI-61] [group_path]
        : An object of type 'clock|port|inst|hinst|pin|hpin|port_bus|hpin_bus' named '' could not be found.

Usage: group_path [-rise] [-fall]
           [ -from <clock|port|inst|hinst|pin|hpin|port_bus|hpin_bus>+ |
             -rise_from <clock|port|inst|hinst|pin|hpin|port_bus|hpin_bus>+ |
             -fall_from <clock|port|inst|hinst|pin|hpin|port_bus|hpin_bus>+ ]
           [ -to <clock|port|inst|hinst|pin|hpin|port_bus|hpin_bus>+ |
             -rise_to <clock|port|inst|hinst|pin|hpin|port_bus|hpin_bus>+ |
             -fall_to <clock|port|inst|hinst|pin|hpin|port_bus|hpin_bus>+ ]
           [ -through <port|inst|hinst|pin|hpin|hnet|port_bus|hpin_bus>+ |
             -rise_through <port|inst|hinst|pin|hpin|hnet|port_bus|hpin_bus>+ |
             -fall_through <port|inst|hinst|pin|hpin|hnet|port_bus|hpin_bus>+ ]+
           [-name <string>] [-default] [-weight <float>]
           [-critical_range <float>] [-setup] [-hold] [-comment <string>]
           [-user_priority <integer>] [-exception_name <string>]

    [-rise]:
        exception is for setup timing analysis only (default is both setup and 
        hold) 
    [-fall]:
        exception is for setup timing analysis only (default is both setup and 
        hold) 
    -from <clock|port|inst|hinst|pin|hpin|port_bus|hpin_bus>+:
        a set of startpoints for the paths 
    -rise_from <clock|port|inst|hinst|pin|hpin|port_bus|hpin_bus>+:
        startpoints with a rise transition at the pin itself 
    -fall_from <clock|port|inst|hinst|pin|hpin|port_bus|hpin_bus>+:
        startpoints with a fall transition at the pin itself 
    -to <clock|port|inst|hinst|pin|hpin|port_bus|hpin_bus>+:
        a set of endpoints for the paths 
    -rise_to <clock|port|inst|hinst|pin|hpin|port_bus|hpin_bus>+:
        endpoints with a rise transition at the pin itself 
    -fall_to <clock|port|inst|hinst|pin|hpin|port_bus|hpin_bus>+:
        endpoints with a fall transition at the pin itself 
    -through <port|inst|hinst|pin|hpin|hnet|port_bus|hpin_bus>+:
        through list 
    -rise_through <port|inst|hinst|pin|hpin|hnet|port_bus|hpin_bus>+:
        this option specifies paths that contain a rise transition in one of 
        these objects and it can be repeated and can be combined with -through 
        and/or -through_fall_pin 
    -fall_through <port|inst|hinst|pin|hpin|hnet|port_bus|hpin_bus>+:
        this option specifies paths that contain a fall transition in one of 
        these objects and it can be repeated and can be combined with -through 
        and/or -through_rise_pin 
    [-name <string>]:
        cost group name 
    [-default]:
        default cost group 
    [-weight <float>]:
        cost function weight value 
    [-critical_range <float>]:
        margin of delay for optimization 
    [-setup]:
        for setup timing analysis only 
    [-hold]:
        for hold timing analysis only 
    [-comment <string>]:
        comment 
    [-user_priority <integer>]:
        user priority setting for exception 
    [-exception_name <string>]:
        exception name 
@flow_step(report_late_summary_genus) 3:   report_timing_summary -checks {setup drv} -expand_views > [file join [get_db flow_report_directory] [get_db flow_report_name] [get_db flow_report_prefix]setup.view_summary.rpt]
Error   : A required object parameter could not be found. [TUI-61] [group_path]
        : An object of type 'clock|port|inst|hinst|pin|hpin|port_bus|hpin_bus' named '' could not be found.

Usage: group_path [-rise] [-fall]
           [ -from <clock|port|inst|hinst|pin|hpin|port_bus|hpin_bus>+ |
             -rise_from <clock|port|inst|hinst|pin|hpin|port_bus|hpin_bus>+ |
             -fall_from <clock|port|inst|hinst|pin|hpin|port_bus|hpin_bus>+ ]
           [ -to <clock|port|inst|hinst|pin|hpin|port_bus|hpin_bus>+ |
             -rise_to <clock|port|inst|hinst|pin|hpin|port_bus|hpin_bus>+ |
             -fall_to <clock|port|inst|hinst|pin|hpin|port_bus|hpin_bus>+ ]
           [ -through <port|inst|hinst|pin|hpin|hnet|port_bus|hpin_bus>+ |
             -rise_through <port|inst|hinst|pin|hpin|hnet|port_bus|hpin_bus>+ |
             -fall_through <port|inst|hinst|pin|hpin|hnet|port_bus|hpin_bus>+ ]+
           [-name <string>] [-default] [-weight <float>]
           [-critical_range <float>] [-setup] [-hold] [-comment <string>]
           [-user_priority <integer>] [-exception_name <string>]

    [-rise]:
        exception is for setup timing analysis only (default is both setup and 
        hold) 
    [-fall]:
        exception is for setup timing analysis only (default is both setup and 
        hold) 
    -from <clock|port|inst|hinst|pin|hpin|port_bus|hpin_bus>+:
        a set of startpoints for the paths 
    -rise_from <clock|port|inst|hinst|pin|hpin|port_bus|hpin_bus>+:
        startpoints with a rise transition at the pin itself 
    -fall_from <clock|port|inst|hinst|pin|hpin|port_bus|hpin_bus>+:
        startpoints with a fall transition at the pin itself 
    -to <clock|port|inst|hinst|pin|hpin|port_bus|hpin_bus>+:
        a set of endpoints for the paths 
    -rise_to <clock|port|inst|hinst|pin|hpin|port_bus|hpin_bus>+:
        endpoints with a rise transition at the pin itself 
    -fall_to <clock|port|inst|hinst|pin|hpin|port_bus|hpin_bus>+:
        endpoints with a fall transition at the pin itself 
    -through <port|inst|hinst|pin|hpin|hnet|port_bus|hpin_bus>+:
        through list 
    -rise_through <port|inst|hinst|pin|hpin|hnet|port_bus|hpin_bus>+:
        this option specifies paths that contain a rise transition in one of 
        these objects and it can be repeated and can be combined with -through 
        and/or -through_fall_pin 
    -fall_through <port|inst|hinst|pin|hpin|hnet|port_bus|hpin_bus>+:
        this option specifies paths that contain a fall transition in one of 
        these objects and it can be repeated and can be combined with -through 
        and/or -through_rise_pin 
    [-name <string>]:
        cost group name 
    [-default]:
        default cost group 
    [-weight <float>]:
        cost function weight value 
    [-critical_range <float>]:
        margin of delay for optimization 
    [-setup]:
        for setup timing analysis only 
    [-hold]:
        for hold timing analysis only 
    [-comment <string>]:
        comment 
    [-user_priority <integer>]:
        user priority setting for exception 
    [-exception_name <string>]:
        exception name 
Error   : A required object parameter could not be found. [TUI-61] [group_path]
        : An object of type 'clock|port|inst|hinst|pin|hpin|port_bus|hpin_bus' named '' could not be found.

Usage: group_path [-rise] [-fall]
           [ -from <clock|port|inst|hinst|pin|hpin|port_bus|hpin_bus>+ |
             -rise_from <clock|port|inst|hinst|pin|hpin|port_bus|hpin_bus>+ |
             -fall_from <clock|port|inst|hinst|pin|hpin|port_bus|hpin_bus>+ ]
           [ -to <clock|port|inst|hinst|pin|hpin|port_bus|hpin_bus>+ |
             -rise_to <clock|port|inst|hinst|pin|hpin|port_bus|hpin_bus>+ |
             -fall_to <clock|port|inst|hinst|pin|hpin|port_bus|hpin_bus>+ ]
           [ -through <port|inst|hinst|pin|hpin|hnet|port_bus|hpin_bus>+ |
             -rise_through <port|inst|hinst|pin|hpin|hnet|port_bus|hpin_bus>+ |
             -fall_through <port|inst|hinst|pin|hpin|hnet|port_bus|hpin_bus>+ ]+
           [-name <string>] [-default] [-weight <float>]
           [-critical_range <float>] [-setup] [-hold] [-comment <string>]
           [-user_priority <integer>] [-exception_name <string>]

    [-rise]:
        exception is for setup timing analysis only (default is both setup and 
        hold) 
    [-fall]:
        exception is for setup timing analysis only (default is both setup and 
        hold) 
    -from <clock|port|inst|hinst|pin|hpin|port_bus|hpin_bus>+:
        a set of startpoints for the paths 
    -rise_from <clock|port|inst|hinst|pin|hpin|port_bus|hpin_bus>+:
        startpoints with a rise transition at the pin itself 
    -fall_from <clock|port|inst|hinst|pin|hpin|port_bus|hpin_bus>+:
        startpoints with a fall transition at the pin itself 
    -to <clock|port|inst|hinst|pin|hpin|port_bus|hpin_bus>+:
        a set of endpoints for the paths 
    -rise_to <clock|port|inst|hinst|pin|hpin|port_bus|hpin_bus>+:
        endpoints with a rise transition at the pin itself 
    -fall_to <clock|port|inst|hinst|pin|hpin|port_bus|hpin_bus>+:
        endpoints with a fall transition at the pin itself 
    -through <port|inst|hinst|pin|hpin|hnet|port_bus|hpin_bus>+:
        through list 
    -rise_through <port|inst|hinst|pin|hpin|hnet|port_bus|hpin_bus>+:
        this option specifies paths that contain a rise transition in one of 
        these objects and it can be repeated and can be combined with -through 
        and/or -through_fall_pin 
    -fall_through <port|inst|hinst|pin|hpin|hnet|port_bus|hpin_bus>+:
        this option specifies paths that contain a fall transition in one of 
        these objects and it can be repeated and can be combined with -through 
        and/or -through_rise_pin 
    [-name <string>]:
        cost group name 
    [-default]:
        default cost group 
    [-weight <float>]:
        cost function weight value 
    [-critical_range <float>]:
        margin of delay for optimization 
    [-setup]:
        for setup timing analysis only 
    [-hold]:
        for hold timing analysis only 
    [-comment <string>]:
        comment 
    [-user_priority <integer>]:
        user priority setting for exception 
    [-exception_name <string>]:
        exception name 
@flow_step(report_late_summary_genus) 4:   report_timing_summary -checks {setup drv} -expand_views -expand_clocks launch_capture  > [file join [get_db flow_report_directory] [get_db flow_report_name] [get_db flow_report_prefix]setup.group_summary.rpt]
Error   : A required object parameter could not be found. [TUI-61] [group_path]
        : An object of type 'clock|port|inst|hinst|pin|hpin|port_bus|hpin_bus' named '' could not be found.

Usage: group_path [-rise] [-fall]
           [ -from <clock|port|inst|hinst|pin|hpin|port_bus|hpin_bus>+ |
             -rise_from <clock|port|inst|hinst|pin|hpin|port_bus|hpin_bus>+ |
             -fall_from <clock|port|inst|hinst|pin|hpin|port_bus|hpin_bus>+ ]
           [ -to <clock|port|inst|hinst|pin|hpin|port_bus|hpin_bus>+ |
             -rise_to <clock|port|inst|hinst|pin|hpin|port_bus|hpin_bus>+ |
             -fall_to <clock|port|inst|hinst|pin|hpin|port_bus|hpin_bus>+ ]
           [ -through <port|inst|hinst|pin|hpin|hnet|port_bus|hpin_bus>+ |
             -rise_through <port|inst|hinst|pin|hpin|hnet|port_bus|hpin_bus>+ |
             -fall_through <port|inst|hinst|pin|hpin|hnet|port_bus|hpin_bus>+ ]+
           [-name <string>] [-default] [-weight <float>]
           [-critical_range <float>] [-setup] [-hold] [-comment <string>]
           [-user_priority <integer>] [-exception_name <string>]

    [-rise]:
        exception is for setup timing analysis only (default is both setup and 
        hold) 
    [-fall]:
        exception is for setup timing analysis only (default is both setup and 
        hold) 
    -from <clock|port|inst|hinst|pin|hpin|port_bus|hpin_bus>+:
        a set of startpoints for the paths 
    -rise_from <clock|port|inst|hinst|pin|hpin|port_bus|hpin_bus>+:
        startpoints with a rise transition at the pin itself 
    -fall_from <clock|port|inst|hinst|pin|hpin|port_bus|hpin_bus>+:
        startpoints with a fall transition at the pin itself 
    -to <clock|port|inst|hinst|pin|hpin|port_bus|hpin_bus>+:
        a set of endpoints for the paths 
    -rise_to <clock|port|inst|hinst|pin|hpin|port_bus|hpin_bus>+:
        endpoints with a rise transition at the pin itself 
    -fall_to <clock|port|inst|hinst|pin|hpin|port_bus|hpin_bus>+:
        endpoints with a fall transition at the pin itself 
    -through <port|inst|hinst|pin|hpin|hnet|port_bus|hpin_bus>+:
        through list 
    -rise_through <port|inst|hinst|pin|hpin|hnet|port_bus|hpin_bus>+:
        this option specifies paths that contain a rise transition in one of 
        these objects and it can be repeated and can be combined with -through 
        and/or -through_fall_pin 
    -fall_through <port|inst|hinst|pin|hpin|hnet|port_bus|hpin_bus>+:
        this option specifies paths that contain a fall transition in one of 
        these objects and it can be repeated and can be combined with -through 
        and/or -through_rise_pin 
    [-name <string>]:
        cost group name 
    [-default]:
        default cost group 
    [-weight <float>]:
        cost function weight value 
    [-critical_range <float>]:
        margin of delay for optimization 
    [-setup]:
        for setup timing analysis only 
    [-hold]:
        for hold timing analysis only 
    [-comment <string>]:
        comment 
    [-user_priority <integer>]:
        user priority setting for exception 
    [-exception_name <string>]:
        exception name 
Error   : A required object parameter could not be found. [TUI-61] [group_path]
        : An object of type 'clock|port|inst|hinst|pin|hpin|port_bus|hpin_bus' named '' could not be found.

Usage: group_path [-rise] [-fall]
           [ -from <clock|port|inst|hinst|pin|hpin|port_bus|hpin_bus>+ |
             -rise_from <clock|port|inst|hinst|pin|hpin|port_bus|hpin_bus>+ |
             -fall_from <clock|port|inst|hinst|pin|hpin|port_bus|hpin_bus>+ ]
           [ -to <clock|port|inst|hinst|pin|hpin|port_bus|hpin_bus>+ |
             -rise_to <clock|port|inst|hinst|pin|hpin|port_bus|hpin_bus>+ |
             -fall_to <clock|port|inst|hinst|pin|hpin|port_bus|hpin_bus>+ ]
           [ -through <port|inst|hinst|pin|hpin|hnet|port_bus|hpin_bus>+ |
             -rise_through <port|inst|hinst|pin|hpin|hnet|port_bus|hpin_bus>+ |
             -fall_through <port|inst|hinst|pin|hpin|hnet|port_bus|hpin_bus>+ ]+
           [-name <string>] [-default] [-weight <float>]
           [-critical_range <float>] [-setup] [-hold] [-comment <string>]
           [-user_priority <integer>] [-exception_name <string>]

    [-rise]:
        exception is for setup timing analysis only (default is both setup and 
        hold) 
    [-fall]:
        exception is for setup timing analysis only (default is both setup and 
        hold) 
    -from <clock|port|inst|hinst|pin|hpin|port_bus|hpin_bus>+:
        a set of startpoints for the paths 
    -rise_from <clock|port|inst|hinst|pin|hpin|port_bus|hpin_bus>+:
        startpoints with a rise transition at the pin itself 
    -fall_from <clock|port|inst|hinst|pin|hpin|port_bus|hpin_bus>+:
        startpoints with a fall transition at the pin itself 
    -to <clock|port|inst|hinst|pin|hpin|port_bus|hpin_bus>+:
        a set of endpoints for the paths 
    -rise_to <clock|port|inst|hinst|pin|hpin|port_bus|hpin_bus>+:
        endpoints with a rise transition at the pin itself 
    -fall_to <clock|port|inst|hinst|pin|hpin|port_bus|hpin_bus>+:
        endpoints with a fall transition at the pin itself 
    -through <port|inst|hinst|pin|hpin|hnet|port_bus|hpin_bus>+:
        through list 
    -rise_through <port|inst|hinst|pin|hpin|hnet|port_bus|hpin_bus>+:
        this option specifies paths that contain a rise transition in one of 
        these objects and it can be repeated and can be combined with -through 
        and/or -through_fall_pin 
    -fall_through <port|inst|hinst|pin|hpin|hnet|port_bus|hpin_bus>+:
        this option specifies paths that contain a fall transition in one of 
        these objects and it can be repeated and can be combined with -through 
        and/or -through_rise_pin 
    [-name <string>]:
        cost group name 
    [-default]:
        default cost group 
    [-weight <float>]:
        cost function weight value 
    [-critical_range <float>]:
        margin of delay for optimization 
    [-setup]:
        for setup timing analysis only 
    [-hold]:
        for hold timing analysis only 
    [-comment <string>]:
        comment 
    [-user_priority <integer>]:
        user priority setting for exception 
    [-exception_name <string>]:
        exception name 
@flow_step(report_late_summary_genus) 5:   set_metric -name timing.setup.type -value gba
@flow_step(report_late_summary_genus) 6:   report_qor > [file join [get_db flow_report_directory] [get_db flow_report_name] [get_db flow_report_prefix]qor.rpt]
#@ End verbose flow_step report_late_summary_genus
UM: Running setup category ...
Error   : A required object parameter could not be found. [TUI-61] [group_path]
        : An object of type 'clock|port|inst|hinst|pin|hpin|port_bus|hpin_bus' named '' could not be found.

Usage: group_path [-rise] [-fall]
           [ -from <clock|port|inst|hinst|pin|hpin|port_bus|hpin_bus>+ |
             -rise_from <clock|port|inst|hinst|pin|hpin|port_bus|hpin_bus>+ |
             -fall_from <clock|port|inst|hinst|pin|hpin|port_bus|hpin_bus>+ ]
           [ -to <clock|port|inst|hinst|pin|hpin|port_bus|hpin_bus>+ |
             -rise_to <clock|port|inst|hinst|pin|hpin|port_bus|hpin_bus>+ |
             -fall_to <clock|port|inst|hinst|pin|hpin|port_bus|hpin_bus>+ ]
           [ -through <port|inst|hinst|pin|hpin|hnet|port_bus|hpin_bus>+ |
             -rise_through <port|inst|hinst|pin|hpin|hnet|port_bus|hpin_bus>+ |
             -fall_through <port|inst|hinst|pin|hpin|hnet|port_bus|hpin_bus>+ ]+
           [-name <string>] [-default] [-weight <float>]
           [-critical_range <float>] [-setup] [-hold] [-comment <string>]
           [-user_priority <integer>] [-exception_name <string>]

    [-rise]:
        exception is for setup timing analysis only (default is both setup and 
        hold) 
    [-fall]:
        exception is for setup timing analysis only (default is both setup and 
        hold) 
    -from <clock|port|inst|hinst|pin|hpin|port_bus|hpin_bus>+:
        a set of startpoints for the paths 
    -rise_from <clock|port|inst|hinst|pin|hpin|port_bus|hpin_bus>+:
        startpoints with a rise transition at the pin itself 
    -fall_from <clock|port|inst|hinst|pin|hpin|port_bus|hpin_bus>+:
        startpoints with a fall transition at the pin itself 
    -to <clock|port|inst|hinst|pin|hpin|port_bus|hpin_bus>+:
        a set of endpoints for the paths 
    -rise_to <clock|port|inst|hinst|pin|hpin|port_bus|hpin_bus>+:
        endpoints with a rise transition at the pin itself 
    -fall_to <clock|port|inst|hinst|pin|hpin|port_bus|hpin_bus>+:
        endpoints with a fall transition at the pin itself 
    -through <port|inst|hinst|pin|hpin|hnet|port_bus|hpin_bus>+:
        through list 
    -rise_through <port|inst|hinst|pin|hpin|hnet|port_bus|hpin_bus>+:
        this option specifies paths that contain a rise transition in one of 
        these objects and it can be repeated and can be combined with -through 
        and/or -through_fall_pin 
    -fall_through <port|inst|hinst|pin|hpin|hnet|port_bus|hpin_bus>+:
        this option specifies paths that contain a fall transition in one of 
        these objects and it can be repeated and can be combined with -through 
        and/or -through_rise_pin 
    [-name <string>]:
        cost group name 
    [-default]:
        default cost group 
    [-weight <float>]:
        cost function weight value 
    [-critical_range <float>]:
        margin of delay for optimization 
    [-setup]:
        for setup timing analysis only 
    [-hold]:
        for hold timing analysis only 
    [-comment <string>]:
        comment 
    [-user_priority <integer>]:
        user priority setting for exception 
    [-exception_name <string>]:
        exception name 
Timing update required : clearing all existing timing collections.
Error   : A required object parameter could not be found. [TUI-61] [group_path]
        : An object of type 'clock|port|inst|hinst|pin|hpin|port_bus|hpin_bus' named '' could not be found.

Usage: group_path [-rise] [-fall]
           [ -from <clock|port|inst|hinst|pin|hpin|port_bus|hpin_bus>+ |
             -rise_from <clock|port|inst|hinst|pin|hpin|port_bus|hpin_bus>+ |
             -fall_from <clock|port|inst|hinst|pin|hpin|port_bus|hpin_bus>+ ]
           [ -to <clock|port|inst|hinst|pin|hpin|port_bus|hpin_bus>+ |
             -rise_to <clock|port|inst|hinst|pin|hpin|port_bus|hpin_bus>+ |
             -fall_to <clock|port|inst|hinst|pin|hpin|port_bus|hpin_bus>+ ]
           [ -through <port|inst|hinst|pin|hpin|hnet|port_bus|hpin_bus>+ |
             -rise_through <port|inst|hinst|pin|hpin|hnet|port_bus|hpin_bus>+ |
             -fall_through <port|inst|hinst|pin|hpin|hnet|port_bus|hpin_bus>+ ]+
           [-name <string>] [-default] [-weight <float>]
           [-critical_range <float>] [-setup] [-hold] [-comment <string>]
           [-user_priority <integer>] [-exception_name <string>]

    [-rise]:
        exception is for setup timing analysis only (default is both setup and 
        hold) 
    [-fall]:
        exception is for setup timing analysis only (default is both setup and 
        hold) 
    -from <clock|port|inst|hinst|pin|hpin|port_bus|hpin_bus>+:
        a set of startpoints for the paths 
    -rise_from <clock|port|inst|hinst|pin|hpin|port_bus|hpin_bus>+:
        startpoints with a rise transition at the pin itself 
    -fall_from <clock|port|inst|hinst|pin|hpin|port_bus|hpin_bus>+:
        startpoints with a fall transition at the pin itself 
    -to <clock|port|inst|hinst|pin|hpin|port_bus|hpin_bus>+:
        a set of endpoints for the paths 
    -rise_to <clock|port|inst|hinst|pin|hpin|port_bus|hpin_bus>+:
        endpoints with a rise transition at the pin itself 
    -fall_to <clock|port|inst|hinst|pin|hpin|port_bus|hpin_bus>+:
        endpoints with a fall transition at the pin itself 
    -through <port|inst|hinst|pin|hpin|hnet|port_bus|hpin_bus>+:
        through list 
    -rise_through <port|inst|hinst|pin|hpin|hnet|port_bus|hpin_bus>+:
        this option specifies paths that contain a rise transition in one of 
        these objects and it can be repeated and can be combined with -through 
        and/or -through_fall_pin 
    -fall_through <port|inst|hinst|pin|hpin|hnet|port_bus|hpin_bus>+:
        this option specifies paths that contain a fall transition in one of 
        these objects and it can be repeated and can be combined with -through 
        and/or -through_rise_pin 
    [-name <string>]:
        cost group name 
    [-default]:
        default cost group 
    [-weight <float>]:
        cost function weight value 
    [-critical_range <float>]:
        margin of delay for optimization 
    [-setup]:
        for setup timing analysis only 
    [-hold]:
        for hold timing analysis only 
    [-comment <string>]:
        comment 
    [-user_priority <integer>]:
        user priority setting for exception 
    [-exception_name <string>]:
        exception name 
      flow.cputime  flow.realtime  timing.setup.tns  timing.setup.wns  snapshot
UM:              4              5        -6933.8 ps         -434.2 ps  report_late_summary_genus
#@ Begin verbose flow_step report_late_paths
@flow_step(report_late_paths)  2:   #- Reports that show detailed timing with Graph Based Analysis (GBA)
@flow_step(report_late_paths)  3:   report_timing -max_paths 5   -nworst 1 -path_type endpoint        > [file join [get_db flow_report_directory] [get_db flow_report_name] setup.endpoint.rpt]
Warning : Timing problems have been detected in this design. [TIM-11]
        : The design is 'top_lvl'.
        : Use 'check_timing_intent' or 'report timing -lint' to report more information.
@flow_step(report_late_paths)  4:   report_timing -max_paths 1   -nworst 1 -path_type full_clock -net > [file join [get_db flow_report_directory] [get_db flow_report_name] setup.worst.rpt]
Warning : Timing problems have been detected in this design. [TIM-11]
        : The design is 'top_lvl'.
@flow_step(report_late_paths)  5:   report_timing -max_paths 500 -nworst 1 -path_type full_clock      > [file join [get_db flow_report_directory] [get_db flow_report_name] setup.gba.rpt]
Warning : Timing problems have been detected in this design. [TIM-11]
        : The design is 'top_lvl'.
Warning : Violating paths are less than num_paths/max_paths. [CHKTMG-19]
        : Only 119 violating paths found
        : The timing query has number of violating paths less than requested num_paths/max_paths.
@flow_step(report_late_paths)  6:   if {![get_feature report_pba]} {
                                      
                                      #- Reports that show detailed timing with Path Based Analysis (PBA)
                                      if {[is_flow -quiet -inside flow:sta]} {
                                        report_timing -max_paths 50 -nworst 1 -path_type full_clock -retime path_slew_propagation > [file join [get_db flow_report_directory] [get_db flow_report_name] setup.pba.rpt]
                                      }
                                    }
#@ End verbose flow_step report_late_paths
      flow.cputime  flow.realtime  timing.setup.tns  timing.setup.wns  snapshot
UM:              4              4                                      report_late_paths
#@ Begin verbose flow_step report_power_genus
@flow_step(report_power_genus) 2:   report_gates -power   > [file join [get_db flow_report_directory] [get_db flow_report_name] [get_db flow_report_prefix]power.all.rpt]
Info    : Joules engine is used. [RPT-16]
        : Joules engine is being used for the command report_gates -power.
ENABLED NEW REPORT GATE CMD
Info   : ACTP-0001 [ACTPInfo] Activity propagation started for stim#0 netlist
       : top_lvl
Info   : ACTP-0009 [ACTPInfo] Activity Propagation Progress Report :   0%   1%   2%   3%   4%   5%   6%   7%   8%   9%  10%  11%  12%  13%  14%  15%  16%  17%  18%  19%  20%  21%  22%  23%  24%  25%  26%  27%  28%  29%  30%  31%  32%  33%  34%  35%  36%  37%  38%  39%  40%  41%  42%  43%  44%  45%  46%  47%  48%  49%  50%  51%  52%  53%  54%  55%  56%  57%  58%  59%  60%  61%  62%  63%  64%  65%  66%  67%  68%  69%  70%  71%  72%  73%  74%  75%  76%  77%  78%  79%  80%  81%  82%  83%  84%  85%  86%  87%  88%  89%  90%  91%  92%  93%  94%  95%  96%  97%  98%  99% 100%
Info   : ACTP-0001 Activity propagation ended for stim#0
Info   : PWRA-0001 [PwrInfo] compute_power effective options 
       : -mode : vectorless
       : -skip_propagation : 1
       : -use_clock_freq : stim
       : -fromGenus : 1
Info   : ACTP-0001 Timing initialization started
Info   : ACTP-0001 Timing initialization ended
Info   : PWRA-0008 [PwrInfo] Analysis view used  : delay corner =
       : tt_v1.8_25C_Nominal_25, mode = tt_v1.8_25C_Nominal_25_func,
       : interconnect = Nominal_25C.
Info   : PWRA-0002 [PwrInfo] Skipping activity propagation due to -skip_ap
       : option....
Info   : PWRA-0002 Started 'vectorless' power computation.
Info   : PWRA-0009 [PwrInfo] Power Computation Progress Report :   0%   1%   2%   3%   4%   5%   6%   7%   8%   9%  10%  11%  12%  13%  14%  15%  16%  17%  18%  19%  20%  21%  22%  23%  24%  25%  26%  27%  28%  29%  30%  31%  32%  33%  34%  35%  36%  37%  38%  39%  40%  41%  42%  43%  44%  45%  46%  47%  48%  49%  50%  51%  52%  53%  54%  55%  56%  57%  58%  59%  60%  61%  62%  63%  64%  65%  66%  67%  68%  69%  70%  71%  72%  73%  74%  75%  76%  77%  78%  79%  80%  81%  82%  83%  84%  85%  86%  87%  88%  89%  90%  91%  92%  93%  94%  95%  96%  97%  98%  99% 100%
Info   : PWRA-0002 Finished power computation.
Info   : PWRA-0007 [PwrInfo] Completed successfully.
       : Info=7, Warn=0, Error=0, Fatal=0






@flow_step(report_power_genus) 3:   report_clock_gates    > [file join [get_db flow_report_directory]/[get_db flow_report_name] [get_db flow_report_prefix]power.clock_gating.rpt]
@flow_step(report_power_genus) 4:   report_power -by_category > [file join [get_db flow_report_directory]/[get_db flow_report_name] [get_db flow_report_prefix]power.design.rpt]
Info    : Joules engine is used. [RPT-16]
        : Joules engine is being used for the command report_power.
Output file: reports/syn_map/power.design.rpt
#@ End verbose flow_step report_power_genus
UM: Running power category ...
      flow.cputime  flow.realtime  timing.setup.tns  timing.setup.wns  snapshot
UM:              3              3                                      report_power_genus
#@ Begin verbose flow_step report_finish
#@ End verbose flow_step report_finish
      flow.cputime  flow.realtime  timing.setup.tns  timing.setup.wns  snapshot
UM:              3              2                                      report_finish

Program version = 25.11-s095_1
Working directory = /nethome/dkhalil8/Physical-Design-Onboarding/RTL2GDS/design
Databases directory = /nethome/dkhalil8/Physical-Design-Onboarding/RTL2GDS/design/dbs
Starting time = Oct 07, 2025 16:55:52
Ending time = Oct 07, 2025 16:56:23

Run Flow Summary
---------------------

Steps run:  report_start init_genus.init_genus_yaml init_genus.init_genus_user report_area_genus report_late_summary_genus report_late_paths report_power_genus report_finish

Step status:
     report_start                       success
     init_genus.init_genus_yaml         success
     init_genus.init_genus_user         success
     report_area_genus                  success
     report_late_summary_genus          success
     report_late_paths                  success
     report_power_genus                 success
     report_finish                      success

 ---------------------------------------------------------------------------------------------------- 
| Snapshot    | flow.cputime (s) | flow.realtime (s) | timing.setup.tns (ns) | timing.setup.wns (ns) |
|-------------+------------------+-------------------+-----------------------+-----------------------|
| syn_generic | 0:02:59          | 0:03:09           |                   -11 |                -0.550 |
| syn_map     | 0:02:06          | 0:02:17           |                    -7 |                -0.434 |
 ---------------------------------------------------------------------------------------------------- 

Lic Summary:
[16:56:23.038320] Cdslmd servers: ece-winlic
[16:56:23.562626] Feature usage summary:
[16:56:23.562627] Genus_Synthesis  
Normal exit.