 ------------------------------------------------------------------------------------------------------------------------------------------ 
| Snapshot                | WNS                  | TNS                  | Density (%) | Hotspot      | Resource               | DRVs       |
|                         | HEPG (ns) | ALL (ns) | HEPG (ns) | ALL (ns) |             | Max  | Total | Real (s) | Memory (MB) | Tran | Cap |
|-------------------------+-----------+----------+-----------+----------+-------------+------+-------+----------+-------------+------+-----|
| initial_summary         |    -0.153 |   -0.153 |           |       -1 |        0.20 |      |       | 0:00:00  |        2948 |    0 |   0 |
| route_type_refinement   |           |          |           |          |             |      |       | 0:00:00  |        2950 |      |     |
| simplify_netlist        |           |          |           |          |             |      |       | 0:00:01  |        2947 |      |     |
| excluded_clk_net_fixing |           |          |           |          |             |      |       | 0:00:00  |        2947 |      |     |
| global_opt              |           |   -0.153 |           |       -1 |        0.20 |      |       | 0:00:02  |        2958 |      |     |
| area_reclaiming         |    -0.136 |   -0.136 |        -1 |       -1 |        0.20 |      |       | 0:00:01  |        2962 |      |     |
| wns_fixing              |    -0.103 |   -0.103 |        -1 |       -1 |        0.21 |      |       | 0:00:28  |        2987 |      |     |
| tns_fixing              |    -0.103 |   -0.103 |        -1 |       -1 |        0.21 |      |       | 0:00:10  |        2984 |      |     |
| area_reclaiming_2       |    -0.101 |   -0.101 |        -1 |       -1 |        0.21 |      |       | 0:00:02  |        2976 |      |     |
| local_wire_reclaim      |           |          |           |          |             |      |       | 0:00:01  |        2980 |      |     |
| global_route            |           |          |           |          |             | 0.00 |  0.00 | 0:00:00  |        2938 |      |     |
| route_type_refinement_2 |           |          |           |          |             |      |       | 0:00:00  |        2938 |      |     |
| drv_eco_fixing          |    -0.105 |   -0.105 |        -1 |       -1 |        0.21 |      |       | 0:00:00  |        2969 |    0 |   0 |
| tns_eco_fixing          |    -0.105 |   -0.105 |        -1 |       -1 |        0.21 |      |       | 0:00:02  |        2990 |      |     |
| tns_eco_fixing_2        |    -0.098 |   -0.098 |        -1 |       -1 |        0.21 |      |       | 0:00:11  |        2999 |      |     |
| tns_eco_fixing_3        |    -0.098 |   -0.098 |        -1 |       -1 |        0.21 |      |       | 0:00:01  |        2991 |      |     |
| final_summary           |    -0.098 |   -0.098 |           |       -1 |        0.21 | 0.00 |  0.00 | 0:00:03  |        2989 |    0 |   0 |
 ------------------------------------------------------------------------------------------------------------------------------------------ 
