 ------------------------------------------------------------------------------------------------------------------------------------------ 
| Snapshot                | WNS                  | TNS                  | Density (%) | Hotspot      | Resource               | DRVs       |
|                         | HEPG (ns) | ALL (ns) | HEPG (ns) | ALL (ns) |             | Max  | Total | Real (s) | Memory (MB) | Tran | Cap |
|-------------------------+-----------+----------+-----------+----------+-------------+------+-------+----------+-------------+------+-----|
| initial_summary         |           |   -0.599 |           |       -9 |        2.20 |      |       | 0:00:02  |        2944 |   67 |  92 |
| simplify_netlist        |           |          |           |          |             |      |       | 0:00:01  |        2949 |      |     |
| drv_fixing              |           |          |           |          |             |      |       | 0:00:01  |        2949 |      |     |
| drv_fixing_2            |     0.000 |   -0.240 |         0 |       -3 |        2.57 |      |       | 0:00:02  |        2966 |   36 |   0 |
| global_opt              |           |   -0.046 |           |       -0 |        2.58 |      |       | 0:00:02  |        2963 |      |     |
| area_reclaiming         |     0.000 |   -0.022 |         0 |       -0 |        2.47 |      |       | 0:00:05  |        2966 |      |     |
| incremental_replacement |    -0.087 |   -0.087 |           |       -0 |             | 0.26 |  0.26 | 0:00:11  |        2973 |      |     |
| drv_fixing_3            |    -0.087 |   -0.087 |        -0 |       -0 |        2.67 |      |       | 0:00:02  |        2968 |    0 |   0 |
| tns_fixing              |    -0.021 |   -0.021 |        -0 |       -0 |        2.69 |      |       | 0:00:03  |        2982 |      |     |
| wns_fixing              |     0.046 |    0.046 |         0 |        0 |        2.73 |      |       | 0:00:20  |        2998 |      |     |
| area_reclaiming_2       |     0.002 |    0.002 |         0 |        0 |        2.64 |      |       | 0:00:03  |        2970 |      |     |
| area_reclaiming_3       |     0.000 |    0.000 |         0 |        0 |        2.54 |      |       | 0:00:03  |        2970 |      |     |
| drv_eco_fixing          |     0.000 |    0.000 |         0 |        0 |        2.65 |      |       | 0:00:02  |        2971 |    5 |   0 |
| legalization            |           |          |           |          |             |      |       | 0:00:00  |        2971 |      |     |
| final_summary           |    -0.002 |   -0.002 |           |       -0 |        2.65 |      |       | 0:00:03  |        2961 |    0 |   0 |
 ------------------------------------------------------------------------------------------------------------------------------------------ 
