 --------------------------------------------------------------------------------------------------------------------------------------------- 
| Snapshot                | WNS                  | TNS                  | Density (%) | Hotspot         | Resource               | DRVs       |
|                         | HEPG (ns) | ALL (ns) | HEPG (ns) | ALL (ns) |             | Max    | Total  | Real (s) | Memory (MB) | Tran | Cap |
|-------------------------+-----------+----------+-----------+----------+-------------+--------+--------+----------+-------------+------+-----|
| initial_summary         |    -0.091 |   -0.091 |           |       -1 |        2.74 |        |        | 0:00:01  |        2930 |    6 |  32 |
| route_type_refinement   |           |          |           |          |             |        |        | 0:00:00  |        2930 |      |     |
| simplify_netlist        |           |          |           |          |             |        |        | 0:00:01  |        2932 |      |     |
| excluded_clk_net_fixing |           |          |           |          |             |        |        | 0:00:00  |        2932 |      |     |
| drv_fixing              |    -0.091 |   -0.091 |        -1 |       -1 |        2.96 |        |        | 0:00:03  |        2950 |    7 |  32 |
| global_opt              |           |   -0.016 |           |       -0 |        2.97 |        |        | 0:00:02  |        2960 |      |     |
| area_reclaiming         |    -0.016 |   -0.016 |        -0 |       -0 |        2.69 |        |        | 0:00:03  |        2963 |      |     |
| drv_fixing_2            |    -0.016 |   -0.016 |        -0 |       -0 |        2.77 |        |        | 0:00:03  |        2971 |    6 |  32 |
| wns_fixing              |     0.042 |    0.042 |         0 |        0 |        2.79 |        |        | 0:00:12  |        2993 |      |     |
| area_reclaiming_2       |     0.004 |    0.004 |         0 |        0 |        2.70 |        |        | 0:00:03  |        2978 |      |     |
| area_reclaiming_3       |     0.004 |    0.004 |         0 |        0 |        2.61 |        |        | 0:00:03  |        2978 |      |     |
| local_wire_reclaim      |           |          |           |          |             |        |        | 0:00:03  |        2986 |      |     |
| global_route            |           |          |           |          |             |  12.33 |  13.90 | 0:00:01  |        2920 |      |     |
| route_type_refinement_2 |           |          |           |          |             |        |        | 0:00:00  |        2920 |      |     |
| drv_eco_fixing          |    -0.016 |   -0.016 |        -0 |       -0 |        2.85 |        |        | 0:00:03  |        2974 |    6 |  32 |
| tns_eco_fixing          |     0.035 |    0.035 |         0 |        0 |        2.85 |        |        | 0:00:03  |        2992 |      |     |
| final_summary           |     0.036 |    0.036 |           |        0 |        2.84 | 103.34 | 141.05 | 0:00:04  |        2978 |    6 |  32 |
 --------------------------------------------------------------------------------------------------------------------------------------------- 
