 ------------------------------------------------------------------------------------------------------------------------------------------ 
| Snapshot                | WNS                  | TNS                  | Density (%) | Hotspot      | Resource               | DRVs       |
|                         | HEPG (ns) | ALL (ns) | HEPG (ns) | ALL (ns) |             | Max  | Total | Real (s) | Memory (MB) | Tran | Cap |
|-------------------------+-----------+----------+-----------+----------+-------------+------+-------+----------+-------------+------+-----|
| initial_summary         |    -0.124 |   -0.198 |           |       -2 |        2.67 |      |       | 0:00:01  |        3038 |    5 |   2 |
| route_type_refinement   |           |          |           |          |             |      |       | 0:00:00  |        3040 |      |     |
| simplify_netlist        |           |          |           |          |             |      |       | 0:00:01  |        3042 |      |     |
| excluded_clk_net_fixing |           |          |           |          |             |      |       | 0:00:00  |        3042 |      |     |
| drv_fixing              |    -0.124 |   -0.199 |        -1 |       -2 |        2.84 |      |       | 0:00:02  |        3062 |    9 |   0 |
| global_opt              |           |   -0.082 |           |       -1 |        2.85 |      |       | 0:00:02  |        3073 |      |     |
| area_reclaiming         |    -0.082 |   -0.082 |        -1 |       -1 |        2.64 |      |       | 0:00:03  |        3076 |      |     |
| drv_fixing_2            |    -0.082 |   -0.082 |        -1 |       -1 |        2.71 |      |       | 0:00:02  |        3077 |    0 |   0 |
| wns_fixing              |     0.029 |    0.029 |         0 |        0 |        2.81 |      |       | 0:00:48  |        3123 |      |     |
| area_reclaiming_2       |     0.009 |    0.009 |         0 |        0 |        2.72 |      |       | 0:00:02  |        3086 |      |     |
| area_reclaiming_3       |     0.010 |    0.010 |         0 |        0 |        2.63 |      |       | 0:00:03  |        3085 |      |     |
| local_wire_reclaim      |           |          |           |          |             |      |       | 0:00:02  |        3092 |      |     |
| global_route            |           |          |           |          |             | 0.26 |  0.26 | 0:00:01  |        3028 |      |     |
| route_type_refinement_2 |           |          |           |          |             |      |       | 0:00:00  |        3028 |      |     |
| drv_eco_fixing          |     0.007 |    0.007 |         0 |        0 |        2.81 |      |       | 0:00:01  |        3094 |    4 |   0 |
| legalization            |           |          |           |          |             |      |       | 0:00:01  |        3091 |      |     |
| final_summary           |     0.007 |    0.007 |           |        0 |        2.81 | 0.52 |  0.52 | 0:00:04  |        3077 |    0 |   0 |
 ------------------------------------------------------------------------------------------------------------------------------------------ 
