*----------------------------------------------------------------------------------------
*	Innovus 25.11-s102_1 (64bit) 08/27/2025 13:03 (Linux 4.18.0-305.el8.x86_64)
*	
*
* 	Date & Time:	2026-Feb-14 12:46:00 (2026-Feb-14 17:46:00 GMT)
*
*----------------------------------------------------------------------------------------
*
*	Design: counter_16bit
*
*	Liberty Libraries used: 
*	        /nethome/dkhalil8/InnovateECE/RTL2GDS/SiliconJackets/sram_sky130/lib/sky130_sram_2kbyte_1rw1r_32x512_8_TT_1p8V_25C.lib
*	        /nethome/dkhalil8/InnovateECE/RTL2GDS/SiliconJackets/cadence_sky130/sky130_scl_9T_0.0.5/lib/sky130_tt_1.8_25_nldm.lib
*
*	Power Domain used: 
*              Rail:        VDD      Voltage:        1.8 
*
*       Dynamic View: tt_v1.8_25C_Nominal_25_func
*
*       Leakage View: tt_v1.8_25C_Nominal_25_func
*
*       User-Defined Activity : N.A.
*
*       Activity File: N.A.
*
*       Hierarchical Global Activity: N.A.
*
*       Global Activity: N.A.
*
*       Sequential Element Activity: 0.200000
*
*       Primary Input Activity: 0.200000
*
*       Default icg ratio: N.A.
*
*       Global Comb ClockGate Ratio: N.A.
*
*	Power Units = 1mW
*
*	Time Units = 1e-09 secs 
*
*       report_power -outfile reports/prects/power.all.rpt -no_wrap
*
-----------------------------------------------------------------------------------------


Total Power 
-----------------------------------------------------------------------------------------
Total Internal Power:        1.25665843 	   51.1965%
Total Switching Power:       1.19781422 	   48.7992%
Total Leakage Power:         0.00010587 	    0.0043%
Total Power:                 2.45457853 
-----------------------------------------------------------------------------------------


Group                           Internal   Switching     Leakage       Total  Percentage 
                                Power      Power         Power         Power  (%)        
-----------------------------------------------------------------------------------------
Sequential                        0.9527      0.2014   5.393e-05       1.154       47.02 
Macro                                  0           0           0           0           0 
IO                                     0           0           0           0           0 
Combinational                     0.3039      0.9965   5.194e-05         1.3       52.98 
Clock (Combinational)                  0           0           0           0           0 
Clock (Sequential)                     0           0           0           0           0 
-----------------------------------------------------------------------------------------
Total                              1.257       1.198   0.0001059       2.455         100 
-----------------------------------------------------------------------------------------


Rail                  Voltage   Internal   Switching     Leakage       Total  Percentage 
                                Power      Power         Power         Power  (%)        
-----------------------------------------------------------------------------------------
VDD                       1.8      1.257       1.198   0.0001059       2.455         100 


-----------------------------------------------------------------------------------------
*	Power Distribution Summary: 
*                Highest Average Power:             count_reg[15] (DFFRX4):            0.119 
*                Highest Leakage Power:              count_reg[0] (DFFRX4):        3.372e-06 
*          Total Cap:      4.0031e-12 F
*          Total instances in design:   164
*          Total instances in design with no power:     0
*          Total instances in design with no activity:     0
*          Total Fillers and Decap:     0
-----------------------------------------------------------------------------------------

