###############################################################
#  Generated by:      Cadence Innovus 25.11-s102_1
#  OS:                Linux x86_64(Host ID ece-rschsrv.ece.gatech.edu)
#  Generated on:      Sat Feb 14 12:45:38 2026
#  Design:            counter_16bit
#  Command:           report_summary -no_html -out_dir debug -out_file reports/prects/qor.rpt
###############################################################


==============================
General Design Information
==============================
Design Status: Routed  
Design Name: counter_16bit  
# Instances: 164  
# Hard Macros: 0  
# Std Cells: 164  
    ------------------------------
    Standard Cells in Netlist
    ------------------------------
               Cell Type   Instance Count  Area (um^2)  
                  AND2X2                1           9.5220  
                  NOR3X4                1          26.6616  
                   INVX2                7          39.9924  
                   BUFX4                1          11.4264  
                 NAND3X2                6          91.4112  
                CLKINVX2                5          28.5660  
                 OAI21X2                3          45.7056  
                CLKBUFX4               10         114.2640  
                  NOR2X4                4          68.5584  
                 NAND4X2                2          38.0880  
                 NAND2X2               20         190.4400  
                  DFFRX4               16         822.7008  
                 AOI21X1                1           9.5220  
                   BUFX8                1          20.9484  
                CLKINVX8                1          17.1396  
                 NAND2X4               10         171.3960  
                 OAI21X1                3          28.5660  
                CLKINVX1               10          57.1320  
                  NOR2X2                2          22.8528  
                 NAND3X1                1           9.5220  
                   OR2X1                1           9.5220  
                   BUFX2               19         180.9180  
                   INVX4                4          38.0880  
                CLKBUFX2                3          28.5660  
               CLKAND2X2               14         133.3080  
                 NAND3X4                2          53.3232  
                  AND3X1                1          13.3308  
               CLKXOR2X1                2          26.6616  
                 NAND4X1                2          22.8528  
                 NAND2X1               11          83.7936  
# Pads: 0  
# Net: 185  
# Special Net: 2  
# IO Pins: 
    ------------------------------
    Issued IO Information
    ------------------------------
    # Unplaced IO Pin  0  
    # Floating IO  0  
    # IO Connected to Non-IO Inst  
        ------------------------------
        IO Connected to Non-IO Inst
        ------------------------------
                     IO Name      Non-IO Inst Name  
                    count[0]  prects_FE_OCPC29_count_0  
                    count[1]  prects_FE_OFC21_count_1  
                    count[2]  prects_FE_OFC17_count_2  
                    count[3]  prects_FE_OFC27_count_3  
                    count[4]  prects_FE_OFC28_count_4  
                    count[5]  prects_FE_OFC14_count_5  
                    count[6]  prects_FE_OFC19_count_6  
                    count[7]  prects_FE_OFC26_count_7  
                    count[8]  prects_FE_OCPC31_count_8  
                    count[9]  prects_FE_OFC22_count_9  
                   count[10]  prects_FE_OFC12_count_10  
                   count[11]  prects_FE_OFC23_count_11  
                   count[12]  prects_FE_OCPC42_count_12  
                   count[13]  prects_FE_OCPC39_count_13  
                   count[14]  prects_FE_OFC16_count_14  
                   count[15]  prects_FE_OFC10_count_15  
                      enable  inc_ADD_UNS_OP_g2649__7410  
                       rst_n          count_reg[4]  
                         clk          count_reg[4]  19  19  
# Pins: 
    ------------------------------
    Correctness of Pin Connectivity for All Instances
    ------------------------------
    # Floating Terms  0  
    # Output Term Marked Tie Hi/Lo  0  
    # Output Term Shorted to PG Net  0  489  
# PG Pins: 
    ------------------------------
    Correctness of PG Pin Connectivity for All Instances
    ------------------------------
    # Instances that No Net Defined for Any PG Pin  0  
    # Floating PG Terms  0  
    # PG Pins Connect to Non-PG Net  0  
    # Power Pins Connect Ground Net  0  
    # Ground Pins Connect Power Net  0  328  
Average Pins Per Net(Signal): 2.643  

==============================
General Library Information
==============================
# Routing Layers: 5  
# Masterslice Layers: 2  
# Pin Layers: 
    General Caution:
        1) Library have met1, met2, met3, met4 and met5 pins, you should setPlaceMode -prerouteAsObs {1 2 3}                                 to ensure these pins are accessible after placement

    ------------------------------
    Pin Layers
    ------------------------------
    met5  
    met4  
    met3  
    met2  
    met1  5  
# Layers: 
    ------------------------------
    Layer met5 Information
    ------------------------------
    Type  Routing  
    Wire Pitch X  3.220 um  
    Wire Pitch Y  3.220 um  
    Wire Width  1.600 um  
    Spacing  1.600 um  
    ------------------------------
    Layer via4 Information
    ------------------------------
    Type  Cut  
    Wire Width  0.800 um  
    Vias  
        ------------------------------
        Via list in layer via4
        ------------------------------
                Vias in via4  Default  
                   M4M5_PR_C      Yes  
                  M4M5_PR_MR      Yes  
                   M4M5_PR_M      Yes  
                   M4M5_PR_R      Yes  
                     M4M5_PR      Yes  For complete list click here  
    ------------------------------
    Layer met4 Information
    ------------------------------
    Type  Routing  
    Wire Pitch X  0.690 um  
    Wire Pitch Y  0.690 um  
    Wire Width  0.300 um  
    Spacing  0.300 um  
    ------------------------------
    Layer via3 Information
    ------------------------------
    Type  Cut  
    Wire Width  0.200 um  
    Vias  
        ------------------------------
        Via list in layer via3
        ------------------------------
                Vias in via3  Default  
                   M3M4_PR_C      Yes  
                  M3M4_PR_MR      Yes  
                   M3M4_PR_M      Yes  
                   M3M4_PR_R      Yes  
                     M3M4_PR      Yes  For complete list click here  
    ------------------------------
    Layer met3 Information
    ------------------------------
    Type  Routing  
    Wire Pitch X  0.690 um  
    Wire Pitch Y  0.690 um  
    Wire Width  0.300 um  
    Spacing  0.300 um  
    ------------------------------
    Layer via2 Information
    ------------------------------
    Type  Cut  
    Wire Width  0.200 um  
    Vias  
        ------------------------------
        Via list in layer via2
        ------------------------------
                Vias in via2  Default  
                   M2M3_PR_C      Yes  
                  M2M3_PR_MR      Yes  
                   M2M3_PR_M      Yes  
                   M2M3_PR_R      Yes  
                     M2M3_PR      Yes  For complete list click here  
    ------------------------------
    Layer met2 Information
    ------------------------------
    Type  Routing  
    Wire Pitch X  0.460 um  
    Wire Pitch Y  0.460 um  
    Wire Width  0.140 um  
    Spacing  0.140 um  
    ------------------------------
    Layer via Information
    ------------------------------
    Type  Cut  
    Wire Width  0.150 um  
    Vias  
        ------------------------------
        Via list in layer via
        ------------------------------
                 Vias in via  Default  
                   M1M2_PR_C      Yes  
                  M1M2_PR_MR      Yes  
                   M1M2_PR_M      Yes  
                   M1M2_PR_R      Yes  
                     M1M2_PR      Yes  For complete list click here  
    ------------------------------
    Layer met1 Information
    ------------------------------
    Type  Routing  
    Wire Pitch X  0.460 um  
    Wire Pitch Y  0.460 um  
    Wire Width  0.140 um  
    Spacing  0.140 um  
    ------------------------------
    Layer mcon Information
    ------------------------------
    Type  Cut  
    Vias  
        ------------------------------
        Via list in layer mcon
        ------------------------------  
    ------------------------------
    Layer poly Information
    ------------------------------
    Type  Masterslice  
    ------------------------------
    Layer diff Information
    ------------------------------
    Type  Masterslice  
    ------------------------------
    Layer OVERLAP Information
    ------------------------------
    Type  Overlap  13  
# Pins without Physical Port: 0  
# Pins in Library without Timing Lib: 
    ------------------------------
    Pins in Library without timing lib
    ------------------------------
               Cell Name      List of Pin Name  
                 ANTENNA                     A  1  
# Pins Missing Direction: 0  
Antenna Summary Report: 
    General Caution:
    ------------------------------
    These Layers have antenna info
    ------------------------------
    met5  
    via4  
    met4  
    via3  
    met3  
    via2  
    met2  
    via  
    met1  
    ------------------------------
    These Layers have no antenna info
    ------------------------------
    mcon  
    ------------------------------
    These Pins have antenna info
    ------------------------------
               Cell Name      List of Pin Name  
                AOI221X1                    C0  
                AOI221X1                    B1  
                AOI221X1                    B0  
                AOI221X1                    A1  
                AOI221X1                    A0  
                AOI221X1                     Y  
                  SDFFX1                    SI  
                  SDFFX1                    SE  
                  SDFFX1                     D  
                  SDFFX1                    CK  
                  SDFFX1                    QN  
                  SDFFX1                     Q  
                   OR3X2                     C  
                   OR3X2                     B  
                   OR3X2                     A  
                   OR3X2                     Y  
                OAI211X1                    C0  
                OAI211X1                    B0  
                OAI211X1                    A1  
                OAI211X1                    A0  
                OAI211X1                     Y  
                AOI222X1                    C1  
                AOI222X1                    C0  
                AOI222X1                    B1  
                AOI222X1                    B0  
                AOI222X1                    A1  
                AOI222X1                    A0  
                AOI222X1                     Y  
                  AND4X2                     D  
                  AND4X2                     C  
                  AND4X2                     B  
                  AND4X2                     A  
                  AND4X2                     Y  
                  AND2X2                     B  
                  AND2X2                     A  
                  AND2X2                     Y  
                  NOR3X4                     C  
                  NOR3X4                     B  
                  NOR3X4                     A  
                  NOR3X4                     Y  
                  DFFRX1                    RN  
                  DFFRX1                     D  
                  DFFRX1                    CK  
                  DFFRX1                    QN  
                  DFFRX1                     Q  
                 SDFFRX1                    SI  
                 SDFFRX1                    SE  
                 SDFFRX1                    RN  
                 SDFFRX1                     D  
                 SDFFRX1                    CK  
                 SDFFRX1                    QN  
                 SDFFRX1                     Q  
                 OAI22X2                    B1  
                 OAI22X2                    B0  
                 OAI22X2                    A1  
                 OAI22X2                    A0  
                 OAI22X2                     Y  
                   DFFX4                     D  
                   DFFX4                    CK  
                   DFFX4                    QN  
                   DFFX4                     Q  
                 XNOR2X2                     B  
                 XNOR2X2                     A  
                 XNOR2X2                     Y  
                   INVX2                     A  
                   INVX2                     Y  
                   BUFX4                     A  
                   BUFX4                     Y  
                  XOR2X1                     B  
                  XOR2X1                     A  
                  XOR2X1                     Y  
                  NOR4X1                     D  
                  NOR4X1                     C  
                  NOR4X1                     B  
                  NOR4X1                     A  
                  NOR4X1                     Y  
                  NOR2X1                     B  
                  NOR2X1                     A  
                  NOR2X1                     Y  
                 NAND3X2                     C  
                 NAND3X2                     B  
                 NAND3X2                     A  
                 NAND3X2                     Y  
                  DFFSX4                    SN  
                  DFFSX4                     D  
                  DFFSX4                    CK  
                  DFFSX4                    QN  
                  DFFSX4                     Q  
                 SDFFSX4                    SN  
                 SDFFSX4                    SI  
                 SDFFSX4                    SE  
                 SDFFSX4                     D  
                 SDFFSX4                    CK  
                 SDFFSX4                    QN  
                 SDFFSX4                     Q  
                CLKINVX2                     A  
                CLKINVX2                     Y  
                 OAI21X2                    B0  
                 OAI21X2                    A1  
                 OAI21X2                    A0  
                 OAI21X2                     Y  
                CLKBUFX4                     A  
                CLKBUFX4                     Y  
                  XOR2X4                     B  
                  XOR2X4                     A  
                  XOR2X4                     Y  
                  AND3X2                     C  
                  AND3X2                     B  
                  AND3X2                     A  
                  AND3X2                     Y  
                  NOR4X4                     D  
                  NOR4X4                     C  
                  NOR4X4                     B  
                  NOR4X4                     A  
                  NOR4X4                     Y  
                  NOR2X4                     B  
                  NOR2X4                     A  
                  NOR2X4                     Y  
                  DFFSX1                    SN  
                  DFFSX1                     D  
                  DFFSX1                    CK  
                  DFFSX1                    QN  
                  DFFSX1                     Q  
                 SDFFSX1                    SN  
                 SDFFSX1                    SI  
                 SDFFSX1                    SE  
                 SDFFSX1                     D  
                 SDFFSX1                    CK  
                 SDFFSX1                    QN  
                 SDFFSX1                     Q  
                   DFFX1                     D  
                   DFFX1                    CK  
                   DFFX1                    QN  
                   DFFX1                     Q  
                  BUFX16                     A  
                  BUFX16                     Y  
                   OR4X2                     D  
                   OR4X2                     C  
                   OR4X2                     B  
                   OR4X2                     A  
                   OR4X2                     Y  
                   OR2X2                     B  
                   OR2X2                     A  
                   OR2X2                     Y  
                  INVX16                     A  
                  INVX16                     Y  
                OAI222X2                    C1  
                OAI222X2                    C0  
                OAI222X2                    B1  
                OAI222X2                    B0  
                OAI222X2                    A1  
                OAI222X2                    A0  
                OAI222X2                     Y  
                CLKMX2X2                    S0  
                CLKMX2X2                     B  
                CLKMX2X2                     A  
                CLKMX2X2                     Y  
                  NOR3X1                     C  
                  NOR3X1                     B  
                  NOR3X1                     A  
                  NOR3X1                     Y  
                 NAND4X2                     D  
                 NAND4X2                     C  
                 NAND4X2                     B  
                 NAND4X2                     A  
                 NAND4X2                     Y  
                 NAND2X2                     B  
                 NAND2X2                     A  
                 NAND2X2                     Y  
                  DFFRX4                    RN  
                  DFFRX4                     D  
                  DFFRX4                    CK  
                  DFFRX4                    QN  
                  DFFRX4                     Q  
                  ADDFX1                    CI  
                  ADDFX1                     B  
                  ADDFX1                     A  
                  ADDFX1                     S  
                  ADDFX1                    CO  
                 AOI22X1                    B1  
                 AOI22X1                    B0  
                 AOI22X1                    A1  
                 AOI22X1                    A0  
                 AOI22X1                     Y  
                 SDFFRX4                    SI  
                 SDFFRX4                    SE  
                 SDFFRX4                    RN  
                 SDFFRX4                     D  
                 SDFFRX4                    CK  
                 SDFFRX4                    QN  
                 SDFFRX4                     Q  
                CLKBUFX8                     A  
                CLKBUFX8                     Y  
                 AOI21X1                    B0  
                 AOI21X1                    A1  
                 AOI21X1                    A0  
                 AOI21X1                     Y  
                OAI221X2                    C0  
                OAI221X2                    B1  
                OAI221X2                    B0  
                OAI221X2                    A1  
                OAI221X2                    A0  
                OAI221X2                     Y  
                  SDFFX4                    SI  
                  SDFFX4                    SE  
                  SDFFX4                     D  
                  SDFFX4                    CK  
                  SDFFX4                    QN  
                  SDFFX4                     Q  
                AOI211X2                    C0  
                AOI211X2                    B0  
                AOI211X2                    A1  
                AOI211X2                    A0  
                AOI211X2                     Y  
                   BUFX8                     A  
                   BUFX8                     Y  
                  DLY1X1                     A  
                  DLY1X1                     Y  
                CLKINVX8                     A  
                CLKINVX8                     Y  
                 NAND4X4                     D  
                 NAND4X4                     C  
                 NAND4X4                     B  
                 NAND4X4                     A  
                 NAND4X4                     Y  
                 NAND2X4                     B  
                 NAND2X4                     A  
                 NAND2X4                     Y  
                  AND4X1                     D  
                  AND4X1                     C  
                  AND4X1                     B  
                  AND4X1                     A  
                  AND4X1                     Y  
                  AND2X1                     B  
                  AND2X1                     A  
                  AND2X1                     Y  
                AOI222X2                    C1  
                AOI222X2                    C0  
                AOI222X2                    B1  
                AOI222X2                    B0  
                AOI222X2                    A1  
                AOI222X2                    A0  
                AOI222X2                     Y  
                   OR3X1                     C  
                   OR3X1                     B  
                   OR3X1                     A  
                   OR3X1                     Y  
                OAI211X2                    C0  
                OAI211X2                    B0  
                OAI211X2                    A1  
                OAI211X2                    A0  
                OAI211X2                     Y  
                   INVX8                     A  
                   INVX8                     Y  
                AOI221X2                    C0  
                AOI221X2                    B1  
                AOI221X2                    B0  
                AOI221X2                    A1  
                AOI221X2                    A0  
                AOI221X2                     Y  
                  TBUFX1                    OE  
                  TBUFX1                     A  
                  TBUFX1                     Y  
                SDFFSRX4                    SN  
                SDFFSRX4                    SI  
                SDFFSRX4                    SE  
                SDFFSRX4                    RN  
                SDFFSRX4                     D  
                SDFFSRX4                    CK  
                SDFFSRX4                    QN  
                SDFFSRX4                     Q  
                  ADDHX1                     B  
                  ADDHX1                     A  
                  ADDHX1                     S  
                  ADDHX1                    CO  
                   MX4X4                    S1  
                   MX4X4                    S0  
                   MX4X4                     D  
                   MX4X4                     C  
                   MX4X4                     B  
                   MX4X4                     A  
                   MX4X4                     Y  
                   MX2X4                    S0  
                   MX2X4                     B  
                   MX2X4                     A  
                   MX2X4                     Y  
                 OAI21X1                    B0  
                 OAI21X1                    A1  
                 OAI21X1                    A0  
                 OAI21X1                     Y  
                 DFFSRX1                    SN  
                 DFFSRX1                    RN  
                 DFFSRX1                     D  
                 DFFSRX1                    CK  
                 DFFSRX1                    QN  
                 DFFSRX1                     Q  
                CLKINVX1                     A  
                CLKINVX1                     Y  
                  NOR4X2                     D  
                  NOR4X2                     C  
                  NOR4X2                     B  
                  NOR4X2                     A  
                  NOR4X2                     Y  
                  NOR2X2                     B  
                  NOR2X2                     A  
                  NOR2X2                     Y  
                 NAND3X1                     C  
                 NAND3X1                     B  
                 NAND3X1                     A  
                 NAND3X1                     Y  
                  XOR2X2                     B  
                  XOR2X2                     A  
                  XOR2X2                     Y  
                   INVX1                     A  
                   INVX1                     Y  
                 XNOR2X1                     B  
                 XNOR2X1                     A  
                 XNOR2X1                     Y  
                  TBUFX8                    OE  
                  TBUFX8                     A  
                  TBUFX8                     Y  
                 OAI22X1                    B1  
                 OAI22X1                    B0  
                 OAI22X1                    A1  
                 OAI22X1                    A0  
                 OAI22X1                     Y  
                   OR4X1                     D  
                   OR4X1                     C  
                   OR4X1                     B  
                   OR4X1                     A  
                   OR4X1                     Y  
                   OR2X1                     B  
                   OR2X1                     A  
                   OR2X1                     Y  
                   BUFX2                     A  
                   BUFX2                     Y  
                 XNOR2X4                     B  
                 XNOR2X4                     A  
                 XNOR2X4                     Y  
                   INVX4                     A  
                   INVX4                     Y  
                CLKBUFX2                     A  
                CLKBUFX2                     Y  
               CLKAND2X2                     B  
               CLKAND2X2                     A  
               CLKAND2X2                     Y  
                 DFFSRX4                    SN  
                 DFFSRX4                    RN  
                 DFFSRX4                     D  
                 DFFSRX4                    CK  
                 DFFSRX4                    QN  
                 DFFSRX4                     Q  
                CLKINVX4                     A  
                CLKINVX4                     Y  
                 NAND3X4                     C  
                 NAND3X4                     B  
                 NAND3X4                     A  
                 NAND3X4                     Y  
                  AND3X1                     C  
                  AND3X1                     B  
                  AND3X1                     A  
                  AND3X1                     Y  
                AOI211X1                    C0  
                AOI211X1                    B0  
                AOI211X1                    A1  
                AOI211X1                    A0  
                AOI211X1                     Y  
                OAI221X1                    C0  
                OAI221X1                    B1  
                OAI221X1                    B0  
                OAI221X1                    A1  
                OAI221X1                    A0  
                OAI221X1                     Y  
                SDFFSRX1                    SN  
                SDFFSRX1                    SI  
                SDFFSRX1                    SE  
                SDFFSRX1                    RN  
                SDFFSRX1                     D  
                SDFFSRX1                    CK  
                SDFFSRX1                    QN  
                SDFFSRX1                     Q  
                  TBUFX4                    OE  
                  TBUFX4                     A  
                  TBUFX4                     Y  
                   MX4X1                    S1  
                   MX4X1                    S0  
                   MX4X1                     D  
                   MX4X1                     C  
                   MX4X1                     B  
                   MX4X1                     A  
                   MX4X1                     Y  
                   MX2X1                    S0  
                   MX2X1                     B  
                   MX2X1                     A  
                   MX2X1                     Y  
                  DLY4X4                     A  
                  DLY4X4                     Y  
                  DLY2X4                     A  
                  DLY2X4                     Y  
                 AOI21X2                    B0  
                 AOI21X2                    A1  
                 AOI21X2                    A0  
                 AOI21X2                     Y  
               CLKXOR2X1                     B  
               CLKXOR2X1                     A  
               CLKXOR2X1                     Y  
                  DLY1X4                     A  
                  DLY1X4                     Y  
                 AOI22X2                    B1  
                 AOI22X2                    B0  
                 AOI22X2                    A1  
                 AOI22X2                    A0  
                 AOI22X2                     Y  
                  NOR3X2                     C  
                  NOR3X2                     B  
                  NOR3X2                     A  
                  NOR3X2                     Y  
                 NAND4X1                     D  
                 NAND4X1                     C  
                 NAND4X1                     B  
                 NAND4X1                     A  
                 NAND4X1                     Y  
                 NAND2X1                     B  
                 NAND2X1                     A  
                 NAND2X1                     Y  
                OAI222X1                    C1  
                OAI222X1                    C0  
                OAI222X1                    B1  
                OAI222X1                    B0  
                OAI222X1                    A1  
                OAI222X1                    A0  
                OAI222X1                     Y  
                   TIEHI                     Y  
                   TIELO                     Y  
                  TLATX1                     G  
                  TLATX1                     D  
                  TLATX1                    QN  
                  TLATX1                     Q  
                TLATSRX1                    SN  
                TLATSRX1                    RN  
                TLATSRX1                     G  
                TLATSRX1                     D  
                TLATSRX1                    QN  
                TLATSRX1                     Q  
                   ICGX1                     E  
                   ICGX1                    CK  
                   ICGX1                   ECK  
                 ANTENNA                     A  For more information click here  
# Cells Missing LEF Info: 0  
# Cells with Dimension Errors: 
    ------------------------------
    Size of cell is not an integer multiple of its site
    ------------------------------
               Cell Name        Tech Site name  
                OAI221X2              CoreSite  1  

==============================
Netlist Information
==============================
# HFO (>200) Nets: 0  
# No-driven Nets: 0  
# Multi-driven Nets: 0  
# Assign Statements: 0  
Is Design Uniquified: YES  
# Pins in Netlist without timing lib: 0  

==============================

==============================
: Internal  External  
No of Nets:        183           0  
No of Connections:        325           0  
Total Net Length (X): 8.4851e+03  0.0000e+00  
Total Net Length (Y): 9.8025e+03  0.0000e+00  
Total Net Length: 1.8288e+04  0.0000e+00  

==============================
Timing Information
==============================
# Clocks in design: 
    ------------------------------
    Clocks in Design
    ------------------------------
    tt_v1.8_25C_Nominal_25_func/core_clock  1  
# Generated clocks: 0  
# "dont_use" cells from .libs: 
    ------------------------------
    Dont_use Cell List
    ------------------------------
    ICGX1  
    sky130_sram_2kbyte_1rw1r_32x512_8  2  
# "dont_touch" cells from .libs: 
    ------------------------------
    Dont_touch Cell List
    ------------------------------
    ICGX1  
    sky130_sram_2kbyte_1rw1r_32x512_8  2  
# Cells in .lib with max_tran: 
    ------------------------------
    Cell List with max_tran
    ------------------------------
               Cell Name  Max Transition (ps)  
                AOI221X1  600  
                  SDFFX1  600  
                   OR3X2  600  
                OAI211X1  600  
                AOI222X1  600  
                  AND4X2  600  
                  AND2X2  600  
                  NOR3X4  600  
                  DFFRX1  600  
                 SDFFRX1  600  
                 OAI22X2  600  
                   DFFX4  600  
                 XNOR2X2  600  
                   INVX2  600  
                   BUFX4  600  
                  XOR2X1  600  
                  NOR4X1  600  
                  NOR2X1  600  
                 NAND3X2  600  
                  DFFSX4  600  
                 SDFFSX4  600  
                CLKINVX2  600  
                 OAI21X2  600  
                CLKBUFX4  600  
                  XOR2X4  600  
                  AND3X2  600  
                  NOR4X4  600  
                  NOR2X4  600  
                  DFFSX1  600  
                 SDFFSX1  600  
                   DFFX1  600  
                  BUFX16  600  
                   OR4X2  600  
                   OR2X2  600  
                  INVX16  600  
                OAI222X2  600  
                CLKMX2X2  600  
                  NOR3X1  600  
                 NAND4X2  600  
                 NAND2X2  600  
                  DFFRX4  600  
                  ADDFX1  600  
                 AOI22X1  600  
                 SDFFRX4  600  
                CLKBUFX8  600  
                 AOI21X1  600  
                OAI221X2  600  
                  SDFFX4  600  
                AOI211X2  600  
                   BUFX8  600  
                  DLY1X1  600  
                CLKINVX8  600  
                 NAND4X4  600  
                 NAND2X4  600  
                  AND4X1  600  
                  AND2X1  600  
                AOI222X2  600  
                   OR3X1  600  
                OAI211X2  600  
                   INVX8  600  
                AOI221X2  600  
                  TBUFX1  600  
                SDFFSRX4  600  
                  ADDHX1  600  
                   MX4X4  600  
                   MX2X4  600  
                 OAI21X1  600  
                 DFFSRX1  600  
                CLKINVX1  600  
                  NOR4X2  600  
                  NOR2X2  600  
                 NAND3X1  600  
                  XOR2X2  600  
                   INVX1  600  
                 XNOR2X1  600  
                  TBUFX8  600  
                 OAI22X1  600  
                   OR4X1  600  
                   OR2X1  600  
                   BUFX2  600  
                 XNOR2X4  600  
                   INVX4  600  
                CLKBUFX2  600  
               CLKAND2X2  600  
                 DFFSRX4  600  
                CLKINVX4  600  
                 NAND3X4  600  
                  AND3X1  600  
                AOI211X1  600  
                OAI221X1  600  
                SDFFSRX1  600  
                  TBUFX4  600  
                   MX4X1  600  
                   MX2X1  600  
                  DLY4X4  600  
                  DLY2X4  600  
                 AOI21X2  600  
               CLKXOR2X1  600  
                  DLY1X4  600  
                 AOI22X2  600  
                  NOR3X2  600  
                 NAND4X1  600  
                 NAND2X1  600  
                OAI222X1  600  
                   TIEHI  600  
                   TIELO  600  
                  TLATX1  150  
                TLATSRX1  600  
                   ICGX1  600  109  
# Cells in .lib with max_cap: 
    ------------------------------
    Cell List with max_cap
    ------------------------------
               Cell Name  Max Capacitance (pf)  
                AOI221X1  0.021675  
                  SDFFX1  0.089738  
                   OR3X2  0.172739  
                OAI211X1  0.037657  
                AOI222X1  0.020439  
                  AND4X2  0.171629  
                  AND2X2  0.172889  
                  NOR3X4  0.096284  
                  DFFRX1  0.089578  
                 SDFFRX1  0.089504  
                 OAI22X2  0.062683  
                   DFFX4  0.355857  
                 XNOR2X2  0.176784  
                   INVX2  0.164857  
                   BUFX4  0.351548  
                  XOR2X1  0.089409  
                  NOR4X1  0.017331  
                  NOR2X1  0.039876  
                 NAND3X2  0.123568  
                  DFFSX4  0.356858  
                 SDFFSX4  0.356317  
                CLKINVX2  0.160576  
                 OAI21X2  0.072203  
                CLKBUFX4  0.352668  
                  XOR2X4  0.349044  
                  AND3X2  0.172888  
                  NOR4X4  0.066772  
                  NOR2X4  0.150263  
                  DFFSX1  0.089479  
                 SDFFSX1  0.089616  
                   DFFX1  0.089669  
                  BUFX16  1.421830  
                   OR4X2  0.172784  
                   OR2X2  0.173577  
                  INVX16  1.289350  
                OAI222X2  0.060182  
                CLKMX2X2  0.178135  
                  NOR3X1  0.025099  
                 NAND4X2  0.091049  
                 NAND2X2  0.158352  
                  DFFRX4  0.355764  
                  ADDFX1  0.089232  
                 AOI22X1  0.036056  
                 SDFFRX4  0.355885  
                CLKBUFX8  0.715526  
                 AOI21X1  0.037009  
                OAI221X2  0.066503  
                  SDFFX4  0.356978  
                AOI211X2  0.045397  
                   BUFX8  0.713404  
                  DLY1X1  0.089788  
                CLKINVX8  0.645327  
                 NAND4X4  0.172103  
                 NAND2X4  0.315977  
                  AND4X1  0.087704  
                  AND2X1  0.089097  
                AOI222X2  0.039065  
                   OR3X1  0.088178  
                OAI211X2  0.072852  
                   INVX8  0.647363  
                AOI221X2  0.042395  
                  TBUFX1  0.089630  
                SDFFSRX4  0.356905  
                  ADDHX1  0.089137  
                   MX4X4  0.352323  
                   MX2X4  0.345089  
                 OAI21X1  0.038728  
                 DFFSRX1  0.089303  
                CLKINVX1  0.082565  
                  NOR4X2  0.032558  
                  NOR2X2  0.078063  
                 NAND3X1  0.071402  
                  XOR2X2  0.172582  
                   INVX1  0.082513  
                 XNOR2X1  0.089072  
                  TBUFX8  0.711890  
                 OAI22X1  0.035758  
                   OR4X1  0.088154  
                   OR2X1  0.088206  
                   BUFX2  0.173974  
                 XNOR2X4  0.354775  
                   INVX4  0.324994  
                CLKBUFX2  0.173921  
               CLKAND2X2  0.173637  
                 DFFSRX4  0.356392  
                CLKINVX4  0.320078  
                 NAND3X4  0.234533  
                  AND3X1  0.088226  
                AOI211X1  0.024073  
                OAI221X1  0.034825  
                SDFFSRX1  0.089641  
                  TBUFX4  0.355931  
                   MX4X1  0.089365  
                   MX2X1  0.089069  
                  DLY4X4  0.356510  
                  DLY2X4  0.357504  
                 AOI21X2  0.075191  
               CLKXOR2X1  0.089357  
                  DLY1X4  0.356590  
                 AOI22X2  0.070376  
                  NOR3X2  0.046335  
                 NAND4X1  0.054198  
                 NAND2X1  0.081757  
                OAI222X1  0.032082  
                  TLATX1  0.089622  
                TLATSRX1  0.089443  
                   ICGX1  0.089196  107  
# Cells in .lib with max_fanout: 0  
SDC max_cap: N/A  
SDC max_tran: N/A  
SDC max_fanout: N/A  
Default Ext. Scale Factor: 1.000  
Detail Ext. Scale Factor: 1.000  

==============================
Floorplan/Placement Information
==============================
Total area of Standard cells: 2414.779 um^2  
Total area of Standard cells(Subtracting Physical Cells): 2414.779 um^2  
Total area of Macros: 0.000 um^2  
Total area of Blockages: 0.000 um^2  
Total area of Pad cells: 0.000 um^2  
Total area of Core: 1199772.000 um^2  
Total area of Chip: 1335386.440 um^2  
Effective Utilization: 2.0127e-03  
Number of Cell Rows: 300  
% Pure Gate Density #1 (Subtracting BLOCKAGES): 0.201%  
% Pure Gate Density #2 (Subtracting BLOCKAGES and Physical Cells): 0.201%  
% Pure Gate Density #3 (Subtracting MACROS): 0.201%  
% Pure Gate Density #4 (Subtracting MACROS and Physical Cells): 0.201%  
% Pure Gate Density #5 (Subtracting MACROS and BLOCKAGES): 0.201%  
% Pure Gate Density #6 ((Unpreplaced Standard Inst + Unpreplaced Block Inst + Unpreplaced Black Blob Inst + Fixed Clock Inst Area) / (Free Site Area + Fixed Clock Inst Area) for insts are placed): 0.201%  
% Core Density (Counting Std Cells and MACROs): 0.201%  
% Core Density #2(Subtracting Physical Cells): 0.201%  
% Chip Density (Counting Std Cells and MACROs and IOs): 0.181%  
% Chip Density #2(Subtracting Physical Cells): 0.181%  
# Macros within 5 sites of IO pad: No  
Macro halo defined?: No  

==============================
Wire Length Distribution
==============================
Total met1 wire length: 804.6250 um  
Total met2 wire length: 7033.6940 um  
Total met3 wire length: 6803.3070 um  
Total met4 wire length: 2869.3350 um  
Total met5 wire length: 949.7250 um  
Total wire length: 18460.6860 um  
Average wire length/net: 99.7875 um  
Area of Power Net Distribution: 
    ------------------------------
    Area of Power Net Distribution
    ------------------------------
    Layer Name  Area of Power Net  Routable Area  Percentage  
    met1  59167.8400  1199772.0000  4.9316%  
    met2  0.0000  1199772.0000  0.0000%  
    met3  0.0000  1199772.0000  0.0000%  
    met4  87432.9600  1199772.0000  7.2875%  
    met5  82910.1600  1199772.0000  6.9105%  For more information click here  
