
Cadence Innovus(TM) Implementation System.
Copyright 2025 Cadence Design Systems, Inc. All rights reserved worldwide.

Version:	v25.11-s102_1, built Wed Aug 27 13:03:08 PDT 2025
Options:	-stylus 
Date:		Wed Oct  8 14:34:57 2025
Host:		ece-rschsrv.ece.gatech.edu (x86_64 w/Linux 4.18.0-553.69.1.el8_10.x86_64) (22cores*88cpus*Intel(R) Xeon(R) CPU E5-2699 v4 @ 2.20GHz 56320KB)
OS:		Red Hat Enterprise Linux 8.10 (Ootpa)

License:
		[14:34:57.185793] Configured Lic search path (25.01-s002): 5280@ece-winlic.ece.gatech.edu

		invs	Innovus Implementation System	25.1	checkout succeeded
		8 CPU jobs allowed with the current license(s). Use set_multi_cpu_usage to set your required CPU count.
**ERROR: (IMPOAX-124):	OpenAccess (OA) shared library installation is older than the one that was used to build this Innovus version. For using the OA installation built and tested with this Innovus version, unset the shell variable OA_HOME. For using 'p010' or higher version of OA, reset OA_HOME to point to that installation.
Type 'man IMPOAX-124' for more detail.
**ERROR: (IMPOAX-332):	Failed to initialize OpenAccess (OA) database. OA related commands cannot be run in this session. Confirm that the OA shared library is installed and OA_HOME is set correctly. Typically the OA_HOME environment variable should not be set.
Type 'man IMPOAX-332' for more detail.
INFO: OA features are disabled in this session.


Create and set the environment variable TMPDIR to /nethome/dkhalil8/Physical-Design-Onboarding/RTL2GDS/design/innovus_temp_1992810_cffa76d2-b579-47b4-9f48-d838991d1674_ece-rschsrv.ece.gatech.edu_dkhalil8_M5Vdar.

Change the soft stacksize limit to 0.2%RAM (515 mbytes). Set global soft_stack_size_limit to change the value.
[INFO] Loading Pegasus 24.13 fill procedures
Info: Process UID = 1992810 / cffa76d2-b579-47b4-9f48-d838991d1674 / 0nuWvpFqMS

**INFO:  MMMC transition support version v31-84 

@innovus 1> gui_select -point {0.05500 0.04600}
@innovus 2> 