###############################################################
#  Generated by:      Cadence Innovus 25.11-s102_1
#  OS:                Linux x86_64(Host ID ece-rschsrv.ece.gatech.edu)
#  Generated on:      Fri Oct 10 16:26:30 2025
#  Design:            top_lvl
#  Command:           report_constraint -early -all_violators -drv_violation_type {min_capacitance min_transition min_fanout} > reports/postroute/hold.all_violators.rpt
###############################################################
# format : frame 0 : split 0

min_delay/hold
---------------------------
No paths found

Check type : min_capacitance
---------------------------
     ----------------------------------------------------------------------------------------------  
      Pin Name               Required          Actual            Slack             View              
     ----------------------------------------------------------------------------------------------  
     sram_B/dout0[0]       0.002             0.000             -0.002            tt_v1.8_25C_Nominal_25_func
     sram_B/dout0[1]       0.002             0.000             -0.002            tt_v1.8_25C_Nominal_25_func
     sram_B/dout0[2]       0.002             0.000             -0.002            tt_v1.8_25C_Nominal_25_func
     sram_B/dout0[3]       0.002             0.000             -0.002            tt_v1.8_25C_Nominal_25_func
     sram_B/dout0[4]       0.002             0.000             -0.002            tt_v1.8_25C_Nominal_25_func
     sram_B/dout0[5]       0.002             0.000             -0.002            tt_v1.8_25C_Nominal_25_func
     sram_B/dout0[6]       0.002             0.000             -0.002            tt_v1.8_25C_Nominal_25_func
     sram_B/dout0[7]       0.002             0.000             -0.002            tt_v1.8_25C_Nominal_25_func
     sram_B/dout0[8]       0.002             0.000             -0.002            tt_v1.8_25C_Nominal_25_func
     sram_B/dout0[9]       0.002             0.000             -0.002            tt_v1.8_25C_Nominal_25_func
     sram_B/dout0[10]      0.002             0.000             -0.002            tt_v1.8_25C_Nominal_25_func
     sram_B/dout0[11]      0.002             0.000             -0.002            tt_v1.8_25C_Nominal_25_func
     sram_B/dout0[12]      0.002             0.000             -0.002            tt_v1.8_25C_Nominal_25_func
     sram_B/dout0[13]      0.002             0.000             -0.002            tt_v1.8_25C_Nominal_25_func
     sram_B/dout0[14]      0.002             0.000             -0.002            tt_v1.8_25C_Nominal_25_func
     sram_B/dout0[15]      0.002             0.000             -0.002            tt_v1.8_25C_Nominal_25_func
     sram_B/dout0[16]      0.002             0.000             -0.002            tt_v1.8_25C_Nominal_25_func
     sram_B/dout0[17]      0.002             0.000             -0.002            tt_v1.8_25C_Nominal_25_func
     sram_B/dout0[18]      0.002             0.000             -0.002            tt_v1.8_25C_Nominal_25_func
     sram_B/dout0[19]      0.002             0.000             -0.002            tt_v1.8_25C_Nominal_25_func
     sram_B/dout0[20]      0.002             0.000             -0.002            tt_v1.8_25C_Nominal_25_func
     sram_B/dout0[21]      0.002             0.000             -0.002            tt_v1.8_25C_Nominal_25_func
     sram_B/dout0[22]      0.002             0.000             -0.002            tt_v1.8_25C_Nominal_25_func
     sram_B/dout0[23]      0.002             0.000             -0.002            tt_v1.8_25C_Nominal_25_func
     sram_B/dout0[24]      0.002             0.000             -0.002            tt_v1.8_25C_Nominal_25_func
     sram_B/dout0[25]      0.002             0.000             -0.002            tt_v1.8_25C_Nominal_25_func
     sram_B/dout0[26]      0.002             0.000             -0.002            tt_v1.8_25C_Nominal_25_func
     sram_B/dout0[27]      0.002             0.000             -0.002            tt_v1.8_25C_Nominal_25_func
     sram_B/dout0[28]      0.002             0.000             -0.002            tt_v1.8_25C_Nominal_25_func
     sram_B/dout0[29]      0.002             0.000             -0.002            tt_v1.8_25C_Nominal_25_func
     sram_B/dout0[30]      0.002             0.000             -0.002            tt_v1.8_25C_Nominal_25_func
     sram_B/dout0[31]      0.002             0.000             -0.002            tt_v1.8_25C_Nominal_25_func
     sram_A/dout0[0]       0.002             0.000             -0.002            tt_v1.8_25C_Nominal_25_func
     sram_A/dout0[1]       0.002             0.000             -0.002            tt_v1.8_25C_Nominal_25_func
     sram_A/dout0[2]       0.002             0.000             -0.002            tt_v1.8_25C_Nominal_25_func
     sram_A/dout0[3]       0.002             0.000             -0.002            tt_v1.8_25C_Nominal_25_func
     sram_A/dout0[4]       0.002             0.000             -0.002            tt_v1.8_25C_Nominal_25_func
     sram_A/dout0[5]       0.002             0.000             -0.002            tt_v1.8_25C_Nominal_25_func
     sram_A/dout0[6]       0.002             0.000             -0.002            tt_v1.8_25C_Nominal_25_func
     sram_A/dout0[7]       0.002             0.000             -0.002            tt_v1.8_25C_Nominal_25_func
     sram_A/dout0[8]       0.002             0.000             -0.002            tt_v1.8_25C_Nominal_25_func
     sram_A/dout0[9]       0.002             0.000             -0.002            tt_v1.8_25C_Nominal_25_func
     sram_A/dout0[10]      0.002             0.000             -0.002            tt_v1.8_25C_Nominal_25_func
     sram_A/dout0[11]      0.002             0.000             -0.002            tt_v1.8_25C_Nominal_25_func
     sram_A/dout0[12]      0.002             0.000             -0.002            tt_v1.8_25C_Nominal_25_func
     sram_A/dout0[13]      0.002             0.000             -0.002            tt_v1.8_25C_Nominal_25_func
     sram_A/dout0[14]      0.002             0.000             -0.002            tt_v1.8_25C_Nominal_25_func
     sram_A/dout0[15]      0.002             0.000             -0.002            tt_v1.8_25C_Nominal_25_func
     sram_A/dout0[16]      0.002             0.000             -0.002            tt_v1.8_25C_Nominal_25_func
     sram_A/dout0[17]      0.002             0.000             -0.002            tt_v1.8_25C_Nominal_25_func
     sram_A/dout0[18]      0.002             0.000             -0.002            tt_v1.8_25C_Nominal_25_func
     sram_A/dout0[19]      0.002             0.000             -0.002            tt_v1.8_25C_Nominal_25_func
     sram_A/dout0[20]      0.002             0.000             -0.002            tt_v1.8_25C_Nominal_25_func
     sram_A/dout0[21]      0.002             0.000             -0.002            tt_v1.8_25C_Nominal_25_func
     sram_A/dout0[22]      0.002             0.000             -0.002            tt_v1.8_25C_Nominal_25_func
     sram_A/dout0[23]      0.002             0.000             -0.002            tt_v1.8_25C_Nominal_25_func
     sram_A/dout0[24]      0.002             0.000             -0.002            tt_v1.8_25C_Nominal_25_func
     sram_A/dout0[25]      0.002             0.000             -0.002            tt_v1.8_25C_Nominal_25_func
     sram_A/dout0[26]      0.002             0.000             -0.002            tt_v1.8_25C_Nominal_25_func
     sram_A/dout0[27]      0.002             0.000             -0.002            tt_v1.8_25C_Nominal_25_func
     sram_A/dout0[28]      0.002             0.000             -0.002            tt_v1.8_25C_Nominal_25_func
     sram_A/dout0[29]      0.002             0.000             -0.002            tt_v1.8_25C_Nominal_25_func
     sram_A/dout0[30]      0.002             0.000             -0.002            tt_v1.8_25C_Nominal_25_func
     sram_A/dout0[31]      0.002             0.000             -0.002            tt_v1.8_25C_Nominal_25_func
     u_ctrl_w_data_reg[40]/QN   0.001             0.000             -0.001            tt_v1.8_25C_Nominal_25_func
     u_ctrl_w_data_reg[39]/QN   0.001             0.000             -0.001            tt_v1.8_25C_Nominal_25_func
     u_ctrl_w_data_reg[38]/QN   0.001             0.000             -0.001            tt_v1.8_25C_Nominal_25_func
     u_ctrl_w_data_reg[37]/QN   0.001             0.000             -0.001            tt_v1.8_25C_Nominal_25_func
     u_ctrl_w_data_reg[36]/QN   0.001             0.000             -0.001            tt_v1.8_25C_Nominal_25_func
     u_ctrl_w_data_reg[35]/QN   0.001             0.000             -0.001            tt_v1.8_25C_Nominal_25_func
     u_ctrl_w_data_reg[34]/QN   0.001             0.000             -0.001            tt_v1.8_25C_Nominal_25_func
     u_ctrl_w_data_reg[33]/QN   0.001             0.000             -0.001            tt_v1.8_25C_Nominal_25_func
     u_ctrl_w_data_reg[32]/QN   0.001             0.000             -0.001            tt_v1.8_25C_Nominal_25_func
     u_ctrl_w_data_reg[31]/QN   0.001             0.000             -0.001            tt_v1.8_25C_Nominal_25_func
     u_ctrl_w_data_reg[30]/QN   0.001             0.000             -0.001            tt_v1.8_25C_Nominal_25_func
     u_ctrl_w_data_reg[29]/QN   0.001             0.000             -0.001            tt_v1.8_25C_Nominal_25_func
     u_ctrl_w_data_reg[28]/QN   0.001             0.000             -0.001            tt_v1.8_25C_Nominal_25_func
     u_ctrl_w_data_reg[27]/QN   0.001             0.000             -0.001            tt_v1.8_25C_Nominal_25_func
     u_ctrl_w_data_reg[26]/QN   0.001             0.000             -0.001            tt_v1.8_25C_Nominal_25_func
     u_ctrl_w_data_reg[25]/QN   0.001             0.000             -0.001            tt_v1.8_25C_Nominal_25_func
     u_ctrl_w_data_reg[24]/QN   0.001             0.000             -0.001            tt_v1.8_25C_Nominal_25_func
     u_ctrl_w_data_reg[23]/QN   0.001             0.000             -0.001            tt_v1.8_25C_Nominal_25_func
     u_ctrl_w_data_reg[22]/QN   0.001             0.000             -0.001            tt_v1.8_25C_Nominal_25_func
     u_ctrl_w_data_reg[21]/QN   0.001             0.000             -0.001            tt_v1.8_25C_Nominal_25_func
     u_ctrl_w_data_reg[20]/QN   0.001             0.000             -0.001            tt_v1.8_25C_Nominal_25_func
     u_ctrl_w_data_reg[19]/QN   0.001             0.000             -0.001            tt_v1.8_25C_Nominal_25_func
     u_ctrl_w_data_reg[18]/QN   0.001             0.000             -0.001            tt_v1.8_25C_Nominal_25_func
     u_ctrl_w_data_reg[17]/QN   0.001             0.000             -0.001            tt_v1.8_25C_Nominal_25_func
     u_ctrl_w_data_reg[16]/QN   0.001             0.000             -0.001            tt_v1.8_25C_Nominal_25_func
     u_ctrl_w_data_reg[15]/QN   0.001             0.000             -0.001            tt_v1.8_25C_Nominal_25_func
     u_ctrl_w_data_reg[14]/QN   0.001             0.000             -0.001            tt_v1.8_25C_Nominal_25_func
     u_ctrl_w_data_reg[13]/QN   0.001             0.000             -0.001            tt_v1.8_25C_Nominal_25_func
     u_ctrl_w_data_reg[12]/QN   0.001             0.000             -0.001            tt_v1.8_25C_Nominal_25_func
     u_ctrl_w_data_reg[11]/QN   0.001             0.000             -0.001            tt_v1.8_25C_Nominal_25_func
     u_ctrl_w_data_reg[10]/QN   0.001             0.000             -0.001            tt_v1.8_25C_Nominal_25_func
     u_ctrl_w_data_reg[9]/QN   0.001             0.000             -0.001            tt_v1.8_25C_Nominal_25_func
     u_ctrl_w_data_reg[8]/QN   0.001             0.000             -0.001            tt_v1.8_25C_Nominal_25_func
     u_ctrl_w_data_reg[7]/QN   0.001             0.000             -0.001            tt_v1.8_25C_Nominal_25_func
     u_ctrl_w_data_reg[6]/QN   0.001             0.000             -0.001            tt_v1.8_25C_Nominal_25_func
     u_ctrl_w_data_reg[5]/QN   0.001             0.000             -0.001            tt_v1.8_25C_Nominal_25_func
     u_ctrl_w_data_reg[4]/QN   0.001             0.000             -0.001            tt_v1.8_25C_Nominal_25_func
     u_ctrl_w_data_reg[3]/QN   0.001             0.000             -0.001            tt_v1.8_25C_Nominal_25_func
     u_ctrl_w_data_reg[2]/QN   0.001             0.000             -0.001            tt_v1.8_25C_Nominal_25_func
     u_ctrl_w_data_reg[1]/QN   0.001             0.000             -0.001            tt_v1.8_25C_Nominal_25_func
     u_ctrl_w_data_reg[0]/QN   0.001             0.000             -0.001            tt_v1.8_25C_Nominal_25_func
     u_ctrl_w_addr_reg[8]/QN   0.001             0.000             -0.001            tt_v1.8_25C_Nominal_25_func
     u_ctrl_w_addr_reg[7]/QN   0.001             0.000             -0.001            tt_v1.8_25C_Nominal_25_func
     u_ctrl_w_addr_reg[6]/QN   0.001             0.000             -0.001            tt_v1.8_25C_Nominal_25_func
     u_ctrl_w_addr_reg[5]/QN   0.001             0.000             -0.001            tt_v1.8_25C_Nominal_25_func
     u_ctrl_w_addr_reg[4]/QN   0.001             0.000             -0.001            tt_v1.8_25C_Nominal_25_func
     u_ctrl_w_addr_reg[3]/QN   0.001             0.000             -0.001            tt_v1.8_25C_Nominal_25_func
     u_ctrl_w_addr_reg[2]/QN   0.001             0.000             -0.001            tt_v1.8_25C_Nominal_25_func
     u_ctrl_w_addr_reg[1]/QN   0.001             0.000             -0.001            tt_v1.8_25C_Nominal_25_func
     u_ctrl_w_addr_reg[0]/QN   0.001             0.000             -0.001            tt_v1.8_25C_Nominal_25_func
     u_ctrl_read_reg/Q     0.001             0.000             -0.001            tt_v1.8_25C_Nominal_25_func
     u_ctrl_r_addr_reg[8]/QN   0.001             0.000             -0.001            tt_v1.8_25C_Nominal_25_func
     u_ctrl_r_addr_reg[7]/QN   0.001             0.000             -0.001            tt_v1.8_25C_Nominal_25_func
     u_ctrl_r_addr_reg[6]/QN   0.001             0.000             -0.001            tt_v1.8_25C_Nominal_25_func
     u_ctrl_r_addr_reg[5]/QN   0.001             0.000             -0.001            tt_v1.8_25C_Nominal_25_func
     u_ctrl_r_addr_reg[4]/QN   0.001             0.000             -0.001            tt_v1.8_25C_Nominal_25_func
     u_ctrl_r_addr_reg[3]/QN   0.001             0.000             -0.001            tt_v1.8_25C_Nominal_25_func
     u_ctrl_r_addr_reg[2]/QN   0.001             0.000             -0.001            tt_v1.8_25C_Nominal_25_func
     u_ctrl_r_addr_reg[1]/QN   0.001             0.000             -0.001            tt_v1.8_25C_Nominal_25_func
     u_ctrl_r_addr_reg[0]/QN   0.001             0.000             -0.001            tt_v1.8_25C_Nominal_25_func
     u_ctrl_op_b_reg[31]/QN   0.001             0.000             -0.001            tt_v1.8_25C_Nominal_25_func
     u_ctrl_op_b_reg[30]/QN   0.001             0.000             -0.001            tt_v1.8_25C_Nominal_25_func
     u_ctrl_op_b_reg[29]/QN   0.001             0.000             -0.001            tt_v1.8_25C_Nominal_25_func
     u_ctrl_op_b_reg[28]/QN   0.001             0.000             -0.001            tt_v1.8_25C_Nominal_25_func
     u_ctrl_op_b_reg[27]/QN   0.001             0.000             -0.001            tt_v1.8_25C_Nominal_25_func
     u_ctrl_op_b_reg[26]/QN   0.001             0.000             -0.001            tt_v1.8_25C_Nominal_25_func
     u_ctrl_op_b_reg[25]/QN   0.001             0.000             -0.001            tt_v1.8_25C_Nominal_25_func
     u_ctrl_op_b_reg[24]/QN   0.001             0.000             -0.001            tt_v1.8_25C_Nominal_25_func
     u_ctrl_op_b_reg[23]/QN   0.001             0.000             -0.001            tt_v1.8_25C_Nominal_25_func
     u_ctrl_op_b_reg[22]/QN   0.001             0.000             -0.001            tt_v1.8_25C_Nominal_25_func
     u_ctrl_op_b_reg[21]/QN   0.001             0.000             -0.001            tt_v1.8_25C_Nominal_25_func
     u_ctrl_op_b_reg[20]/QN   0.001             0.000             -0.001            tt_v1.8_25C_Nominal_25_func
     u_ctrl_op_b_reg[19]/QN   0.001             0.000             -0.001            tt_v1.8_25C_Nominal_25_func
     u_ctrl_op_b_reg[18]/QN   0.001             0.000             -0.001            tt_v1.8_25C_Nominal_25_func
     u_ctrl_op_b_reg[17]/QN   0.001             0.000             -0.001            tt_v1.8_25C_Nominal_25_func
     u_ctrl_op_b_reg[16]/QN   0.001             0.000             -0.001            tt_v1.8_25C_Nominal_25_func
     u_ctrl_op_b_reg[15]/QN   0.001             0.000             -0.001            tt_v1.8_25C_Nominal_25_func
     u_ctrl_op_b_reg[14]/QN   0.001             0.000             -0.001            tt_v1.8_25C_Nominal_25_func
     u_ctrl_op_b_reg[13]/QN   0.001             0.000             -0.001            tt_v1.8_25C_Nominal_25_func
     u_ctrl_op_b_reg[12]/QN   0.001             0.000             -0.001            tt_v1.8_25C_Nominal_25_func
     u_ctrl_op_b_reg[11]/QN   0.001             0.000             -0.001            tt_v1.8_25C_Nominal_25_func
     u_ctrl_op_b_reg[10]/QN   0.001             0.000             -0.001            tt_v1.8_25C_Nominal_25_func
     u_ctrl_op_b_reg[9]/QN 0.001             0.000             -0.001            tt_v1.8_25C_Nominal_25_func
     u_ctrl_op_b_reg[8]/QN 0.001             0.000             -0.001            tt_v1.8_25C_Nominal_25_func
     u_ctrl_op_b_reg[7]/QN 0.001             0.000             -0.001            tt_v1.8_25C_Nominal_25_func
     u_ctrl_op_b_reg[6]/QN 0.001             0.000             -0.001            tt_v1.8_25C_Nominal_25_func
     u_ctrl_op_b_reg[5]/QN 0.001             0.000             -0.001            tt_v1.8_25C_Nominal_25_func
     u_ctrl_op_b_reg[4]/QN 0.001             0.000             -0.001            tt_v1.8_25C_Nominal_25_func
     u_ctrl_op_b_reg[3]/QN 0.001             0.000             -0.001            tt_v1.8_25C_Nominal_25_func
     u_ctrl_op_b_reg[2]/QN 0.001             0.000             -0.001            tt_v1.8_25C_Nominal_25_func
     u_ctrl_op_b_reg[1]/QN 0.001             0.000             -0.001            tt_v1.8_25C_Nominal_25_func
     u_ctrl_op_b_reg[0]/QN 0.001             0.000             -0.001            tt_v1.8_25C_Nominal_25_func
     u_ctrl_op_a_reg[31]/QN   0.001             0.000             -0.001            tt_v1.8_25C_Nominal_25_func
     u_ctrl_op_a_reg[30]/QN   0.001             0.000             -0.001            tt_v1.8_25C_Nominal_25_func
     u_ctrl_op_a_reg[29]/QN   0.001             0.000             -0.001            tt_v1.8_25C_Nominal_25_func
     u_ctrl_op_a_reg[28]/QN   0.001             0.000             -0.001            tt_v1.8_25C_Nominal_25_func
     u_resbuf_internal_buffer_reg[37]/QN   0.001             0.000             -0.001            tt_v1.8_25C_Nominal_25_func
     u_resbuf_internal_buffer_reg[36]/QN   0.001             0.000             -0.001            tt_v1.8_25C_Nominal_25_func
     u_resbuf_internal_buffer_reg[35]/QN   0.001             0.000             -0.001            tt_v1.8_25C_Nominal_25_func
     u_resbuf_internal_buffer_reg[34]/QN   0.001             0.000             -0.001            tt_v1.8_25C_Nominal_25_func
     u_resbuf_internal_buffer_reg[33]/QN   0.001             0.000             -0.001            tt_v1.8_25C_Nominal_25_func
     u_resbuf_internal_buffer_reg[32]/QN   0.001             0.000             -0.001            tt_v1.8_25C_Nominal_25_func
     u_resbuf_internal_buffer_reg[14]/QN   0.001             0.000             -0.001            tt_v1.8_25C_Nominal_25_func
     u_resbuf_internal_buffer_reg[13]/QN   0.001             0.000             -0.001            tt_v1.8_25C_Nominal_25_func
     u_resbuf_internal_buffer_reg[12]/QN   0.001             0.000             -0.001            tt_v1.8_25C_Nominal_25_func
     u_resbuf_internal_buffer_reg[11]/QN   0.001             0.000             -0.001            tt_v1.8_25C_Nominal_25_func
     u_resbuf_internal_buffer_reg[10]/QN   0.001             0.000             -0.001            tt_v1.8_25C_Nominal_25_func
     u_resbuf_internal_buffer_reg[9]/QN   0.001             0.000             -0.001            tt_v1.8_25C_Nominal_25_func
     u_resbuf_internal_buffer_reg[8]/QN   0.001             0.000             -0.001            tt_v1.8_25C_Nominal_25_func
     u_resbuf_internal_buffer_reg[7]/QN   0.001             0.000             -0.001            tt_v1.8_25C_Nominal_25_func
     u_resbuf_internal_buffer_reg[6]/QN   0.001             0.000             -0.001            tt_v1.8_25C_Nominal_25_func
     u_resbuf_internal_buffer_reg[5]/QN   0.001             0.000             -0.001            tt_v1.8_25C_Nominal_25_func
     u_resbuf_internal_buffer_reg[4]/QN   0.001             0.000             -0.001            tt_v1.8_25C_Nominal_25_func
     u_resbuf_internal_buffer_reg[3]/QN   0.001             0.000             -0.001            tt_v1.8_25C_Nominal_25_func
     u_resbuf_internal_buffer_reg[2]/QN   0.001             0.000             -0.001            tt_v1.8_25C_Nominal_25_func
     u_resbuf_internal_buffer_reg[1]/QN   0.001             0.000             -0.001            tt_v1.8_25C_Nominal_25_func
     u_resbuf_internal_buffer_reg[0]/QN   0.001             0.000             -0.001            tt_v1.8_25C_Nominal_25_func
     u_ctrl_w_ptr_reg[6]/QN   0.001             0.000             -0.001            tt_v1.8_25C_Nominal_25_func
     u_ctrl_w_ptr_reg[5]/QN   0.001             0.000             -0.001            tt_v1.8_25C_Nominal_25_func
     u_ctrl_w_ptr_reg[4]/QN   0.001             0.000             -0.001            tt_v1.8_25C_Nominal_25_func
     u_ctrl_w_ptr_reg[3]/QN   0.001             0.000             -0.001            tt_v1.8_25C_Nominal_25_func
     u_ctrl_w_ptr_reg[2]/QN   0.001             0.000             -0.001            tt_v1.8_25C_Nominal_25_func
     u_ctrl_w_ptr_reg[1]/QN   0.001             0.000             -0.001            tt_v1.8_25C_Nominal_25_func
     u_ctrl_w_ptr_reg[0]/QN   0.001             0.000             -0.001            tt_v1.8_25C_Nominal_25_func
     u_ctrl_state_reg[2]/QN   0.001             0.000             -0.001            tt_v1.8_25C_Nominal_25_func
     u_ctrl_state_reg[0]/QN   0.001             0.000             -0.001            tt_v1.8_25C_Nominal_25_func
     u_ctrl_r_ptr_reg[8]/QN   0.001             0.000             -0.001            tt_v1.8_25C_Nominal_25_func
     u_ctrl_r_ptr_reg[7]/QN   0.001             0.000             -0.001            tt_v1.8_25C_Nominal_25_func
     u_ctrl_r_ptr_reg[6]/QN   0.001             0.000             -0.001            tt_v1.8_25C_Nominal_25_func
     u_ctrl_r_ptr_reg[5]/QN   0.001             0.000             -0.001            tt_v1.8_25C_Nominal_25_func
     u_ctrl_r_ptr_reg[4]/QN   0.001             0.000             -0.001            tt_v1.8_25C_Nominal_25_func
     u_ctrl_r_ptr_reg[3]/QN   0.001             0.000             -0.001            tt_v1.8_25C_Nominal_25_func
     u_ctrl_r_ptr_reg[2]/QN   0.001             0.000             -0.001            tt_v1.8_25C_Nominal_25_func
     u_ctrl_r_ptr_reg[1]/QN   0.001             0.000             -0.001            tt_v1.8_25C_Nominal_25_func
     u_ctrl_r_ptr_reg[0]/QN   0.001             0.000             -0.001            tt_v1.8_25C_Nominal_25_func
     u_ctrl_buffer_loc_reg/QN   0.001             0.000             -0.001            tt_v1.8_25C_Nominal_25_func
     u_ctrl_write_reg/Q    0.001             0.000             -0.001            tt_v1.8_25C_Nominal_25_func
     u_ctrl_w_data_reg[63]/QN   0.001             0.000             -0.001            tt_v1.8_25C_Nominal_25_func
     u_ctrl_w_data_reg[62]/QN   0.001             0.000             -0.001            tt_v1.8_25C_Nominal_25_func
     u_ctrl_w_data_reg[61]/QN   0.001             0.000             -0.001            tt_v1.8_25C_Nominal_25_func
     u_ctrl_w_data_reg[60]/QN   0.001             0.000             -0.001            tt_v1.8_25C_Nominal_25_func
     u_ctrl_w_data_reg[59]/QN   0.001             0.000             -0.001            tt_v1.8_25C_Nominal_25_func
     u_ctrl_w_data_reg[58]/QN   0.001             0.000             -0.001            tt_v1.8_25C_Nominal_25_func
     u_ctrl_w_data_reg[57]/QN   0.001             0.000             -0.001            tt_v1.8_25C_Nominal_25_func
     u_ctrl_w_data_reg[56]/QN   0.001             0.000             -0.001            tt_v1.8_25C_Nominal_25_func
     u_ctrl_w_data_reg[55]/QN   0.001             0.000             -0.001            tt_v1.8_25C_Nominal_25_func
     u_ctrl_w_data_reg[54]/QN   0.001             0.000             -0.001            tt_v1.8_25C_Nominal_25_func
     u_ctrl_w_data_reg[53]/QN   0.001             0.000             -0.001            tt_v1.8_25C_Nominal_25_func
     u_ctrl_w_data_reg[52]/QN   0.001             0.000             -0.001            tt_v1.8_25C_Nominal_25_func
     u_ctrl_w_data_reg[51]/QN   0.001             0.000             -0.001            tt_v1.8_25C_Nominal_25_func
     u_ctrl_w_data_reg[50]/QN   0.001             0.000             -0.001            tt_v1.8_25C_Nominal_25_func
     u_ctrl_w_data_reg[49]/QN   0.001             0.000             -0.001            tt_v1.8_25C_Nominal_25_func
     u_ctrl_w_data_reg[48]/QN   0.001             0.000             -0.001            tt_v1.8_25C_Nominal_25_func
     u_ctrl_w_data_reg[47]/QN   0.001             0.000             -0.001            tt_v1.8_25C_Nominal_25_func
     u_ctrl_w_data_reg[46]/QN   0.001             0.000             -0.001            tt_v1.8_25C_Nominal_25_func
     u_ctrl_w_data_reg[45]/QN   0.001             0.000             -0.001            tt_v1.8_25C_Nominal_25_func
     u_ctrl_w_data_reg[44]/QN   0.001             0.000             -0.001            tt_v1.8_25C_Nominal_25_func
     u_ctrl_w_data_reg[43]/QN   0.001             0.000             -0.001            tt_v1.8_25C_Nominal_25_func
     u_ctrl_w_data_reg[42]/QN   0.001             0.000             -0.001            tt_v1.8_25C_Nominal_25_func
     u_ctrl_w_data_reg[41]/QN   0.001             0.000             -0.001            tt_v1.8_25C_Nominal_25_func
     u_ctrl_op_a_reg[27]/QN   0.001             0.000             -0.001            tt_v1.8_25C_Nominal_25_func
     u_ctrl_op_a_reg[26]/QN   0.001             0.000             -0.001            tt_v1.8_25C_Nominal_25_func
     u_ctrl_op_a_reg[25]/QN   0.001             0.000             -0.001            tt_v1.8_25C_Nominal_25_func
     u_ctrl_op_a_reg[24]/QN   0.001             0.000             -0.001            tt_v1.8_25C_Nominal_25_func
     u_ctrl_op_a_reg[23]/QN   0.001             0.000             -0.001            tt_v1.8_25C_Nominal_25_func
     u_ctrl_op_a_reg[22]/QN   0.001             0.000             -0.001            tt_v1.8_25C_Nominal_25_func
     u_ctrl_op_a_reg[21]/QN   0.001             0.000             -0.001            tt_v1.8_25C_Nominal_25_func
     u_ctrl_op_a_reg[20]/QN   0.001             0.000             -0.001            tt_v1.8_25C_Nominal_25_func
     u_ctrl_op_a_reg[19]/QN   0.001             0.000             -0.001            tt_v1.8_25C_Nominal_25_func
     u_ctrl_op_a_reg[18]/QN   0.001             0.000             -0.001            tt_v1.8_25C_Nominal_25_func
     u_ctrl_op_a_reg[17]/QN   0.001             0.000             -0.001            tt_v1.8_25C_Nominal_25_func
     u_ctrl_op_a_reg[16]/QN   0.001             0.000             -0.001            tt_v1.8_25C_Nominal_25_func
     u_ctrl_op_a_reg[15]/QN   0.001             0.000             -0.001            tt_v1.8_25C_Nominal_25_func
     u_ctrl_op_a_reg[14]/QN   0.001             0.000             -0.001            tt_v1.8_25C_Nominal_25_func
     u_ctrl_op_a_reg[13]/QN   0.001             0.000             -0.001            tt_v1.8_25C_Nominal_25_func
     u_ctrl_op_a_reg[12]/QN   0.001             0.000             -0.001            tt_v1.8_25C_Nominal_25_func
     u_resbuf_internal_buffer_reg[21]/QN   0.001             0.000             -0.001            tt_v1.8_25C_Nominal_25_func
     u_resbuf_internal_buffer_reg[20]/QN   0.001             0.000             -0.001            tt_v1.8_25C_Nominal_25_func
     u_resbuf_internal_buffer_reg[19]/QN   0.001             0.000             -0.001            tt_v1.8_25C_Nominal_25_func
     u_resbuf_internal_buffer_reg[18]/QN   0.001             0.000             -0.001            tt_v1.8_25C_Nominal_25_func
     u_resbuf_internal_buffer_reg[17]/QN   0.001             0.000             -0.001            tt_v1.8_25C_Nominal_25_func
     u_resbuf_internal_buffer_reg[16]/QN   0.001             0.000             -0.001            tt_v1.8_25C_Nominal_25_func
     u_resbuf_internal_buffer_reg[15]/QN   0.001             0.000             -0.001            tt_v1.8_25C_Nominal_25_func
     u_resbuf_internal_buffer_reg[46]/QN   0.001             0.000             -0.001            tt_v1.8_25C_Nominal_25_func
     u_resbuf_internal_buffer_reg[45]/QN   0.001             0.000             -0.001            tt_v1.8_25C_Nominal_25_func
     u_resbuf_internal_buffer_reg[44]/QN   0.001             0.000             -0.001            tt_v1.8_25C_Nominal_25_func
     u_resbuf_internal_buffer_reg[43]/QN   0.001             0.000             -0.001            tt_v1.8_25C_Nominal_25_func
     u_resbuf_internal_buffer_reg[42]/QN   0.001             0.000             -0.001            tt_v1.8_25C_Nominal_25_func
     u_resbuf_internal_buffer_reg[41]/QN   0.001             0.000             -0.001            tt_v1.8_25C_Nominal_25_func
     u_resbuf_internal_buffer_reg[40]/QN   0.001             0.000             -0.001            tt_v1.8_25C_Nominal_25_func
     u_resbuf_internal_buffer_reg[39]/QN   0.001             0.000             -0.001            tt_v1.8_25C_Nominal_25_func
     u_resbuf_internal_buffer_reg[38]/QN   0.001             0.000             -0.001            tt_v1.8_25C_Nominal_25_func
     u_ctrl_op_a_reg[11]/QN   0.001             0.000             -0.001            tt_v1.8_25C_Nominal_25_func
     u_ctrl_op_a_reg[10]/QN   0.001             0.000             -0.001            tt_v1.8_25C_Nominal_25_func
     u_ctrl_op_a_reg[9]/QN 0.001             0.000             -0.001            tt_v1.8_25C_Nominal_25_func
     u_ctrl_op_a_reg[8]/QN 0.001             0.000             -0.001            tt_v1.8_25C_Nominal_25_func
     u_ctrl_op_a_reg[7]/QN 0.001             0.000             -0.001            tt_v1.8_25C_Nominal_25_func
     u_ctrl_op_a_reg[6]/QN 0.001             0.000             -0.001            tt_v1.8_25C_Nominal_25_func
     u_ctrl_op_a_reg[5]/QN 0.001             0.000             -0.001            tt_v1.8_25C_Nominal_25_func
     u_ctrl_op_a_reg[4]/QN 0.001             0.000             -0.001            tt_v1.8_25C_Nominal_25_func
     u_resbuf_internal_buffer_reg[57]/QN   0.001             0.000             -0.001            tt_v1.8_25C_Nominal_25_func
     u_resbuf_internal_buffer_reg[56]/QN   0.001             0.000             -0.001            tt_v1.8_25C_Nominal_25_func
     u_resbuf_internal_buffer_reg[54]/QN   0.001             0.000             -0.001            tt_v1.8_25C_Nominal_25_func
     u_resbuf_internal_buffer_reg[52]/QN   0.001             0.000             -0.001            tt_v1.8_25C_Nominal_25_func
     u_resbuf_internal_buffer_reg[51]/QN   0.001             0.000             -0.001            tt_v1.8_25C_Nominal_25_func
     u_resbuf_internal_buffer_reg[50]/QN   0.001             0.000             -0.001            tt_v1.8_25C_Nominal_25_func
     u_resbuf_internal_buffer_reg[48]/QN   0.001             0.000             -0.001            tt_v1.8_25C_Nominal_25_func
     u_resbuf_internal_buffer_reg[31]/QN   0.001             0.000             -0.001            tt_v1.8_25C_Nominal_25_func
     u_resbuf_internal_buffer_reg[29]/QN   0.001             0.000             -0.001            tt_v1.8_25C_Nominal_25_func
     u_resbuf_internal_buffer_reg[28]/QN   0.001             0.000             -0.001            tt_v1.8_25C_Nominal_25_func
     u_resbuf_internal_buffer_reg[27]/QN   0.001             0.000             -0.001            tt_v1.8_25C_Nominal_25_func
     u_resbuf_internal_buffer_reg[26]/QN   0.001             0.000             -0.001            tt_v1.8_25C_Nominal_25_func
     u_resbuf_internal_buffer_reg[25]/QN   0.001             0.000             -0.001            tt_v1.8_25C_Nominal_25_func
     u_resbuf_internal_buffer_reg[24]/QN   0.001             0.000             -0.001            tt_v1.8_25C_Nominal_25_func
     u_resbuf_internal_buffer_reg[23]/QN   0.001             0.000             -0.001            tt_v1.8_25C_Nominal_25_func
     u_resbuf_internal_buffer_reg[22]/QN   0.001             0.000             -0.001            tt_v1.8_25C_Nominal_25_func
     u_ctrl_op_a_reg[3]/QN 0.001             0.000             -0.001            tt_v1.8_25C_Nominal_25_func
     u_ctrl_op_a_reg[2]/QN 0.001             0.000             -0.001            tt_v1.8_25C_Nominal_25_func
     u_ctrl_op_a_reg[1]/QN 0.001             0.000             -0.001            tt_v1.8_25C_Nominal_25_func
     u_ctrl_op_a_reg[0]/QN 0.001             0.000             -0.001            tt_v1.8_25C_Nominal_25_func
     u_ctrl_w_ptr_reg[8]/QN   0.001             0.000             -0.001            tt_v1.8_25C_Nominal_25_func
     u_ctrl_w_ptr_reg[7]/QN   0.001             0.000             -0.001            tt_v1.8_25C_Nominal_25_func
     u_resbuf_internal_buffer_reg[63]/QN   0.001             0.000             -0.001            tt_v1.8_25C_Nominal_25_func
     u_resbuf_internal_buffer_reg[62]/QN   0.001             0.000             -0.001            tt_v1.8_25C_Nominal_25_func
     u_resbuf_internal_buffer_reg[61]/QN   0.001             0.000             -0.001            tt_v1.8_25C_Nominal_25_func
     u_resbuf_internal_buffer_reg[60]/QN   0.001             0.000             -0.001            tt_v1.8_25C_Nominal_25_func
     u_resbuf_internal_buffer_reg[59]/QN   0.001             0.000             -0.001            tt_v1.8_25C_Nominal_25_func
     u_resbuf_internal_buffer_reg[58]/QN   0.001             0.000             -0.001            tt_v1.8_25C_Nominal_25_func
     u_ctrl_next_reg[2]/QN 0.001             0.000             -0.001            tt_v1.8_25C_Nominal_25_func
     u_ctrl_next_reg[1]/QN 0.001             0.000             -0.001            tt_v1.8_25C_Nominal_25_func
     u_resbuf_internal_buffer_reg[53]/QN   0.001             0.000             -0.001            tt_v1.8_25C_Nominal_25_func
     u_resbuf_internal_buffer_reg[49]/QN   0.001             0.000             -0.001            tt_v1.8_25C_Nominal_25_func
     u_resbuf_internal_buffer_reg[47]/QN   0.001             0.000             -0.001            tt_v1.8_25C_Nominal_25_func
     u_resbuf_internal_buffer_reg[30]/QN   0.001             0.000             -0.001            tt_v1.8_25C_Nominal_25_func
     u_ctrl_next_reg[0]/QN 0.001             0.000             -0.001            tt_v1.8_25C_Nominal_25_func
     u_resbuf_internal_buffer_reg[55]/QN   0.001             0.000             -0.001            tt_v1.8_25C_Nominal_25_func
     u_ctrl_buffer_control_reg/Q   0.001             0.000             -0.001            tt_v1.8_25C_Nominal_25_func
     g14264/CO             0.001             0.000             -0.001            tt_v1.8_25C_Nominal_25_func

Check type : min_transition
---------------------------
 No Violations found

Check type : min_fanout
---------------------------
 No Violations found
