*----------------------------------------------------------------------------------------
*	Innovus 25.11-s102_1 (64bit) 08/27/2025 13:03 (Linux 4.18.0-305.el8.x86_64)
*	
*
* 	Date & Time:	2026-Feb-14 12:59:55 (2026-Feb-14 17:59:55 GMT)
*
*----------------------------------------------------------------------------------------
*
*	Design: counter_16bit
*
*	Liberty Libraries used: 
*	        /nethome/dkhalil8/InnovateECE/RTL2GDS/SiliconJackets/sram_sky130/lib/sky130_sram_2kbyte_1rw1r_32x512_8_TT_1p8V_25C.lib
*	        /nethome/dkhalil8/InnovateECE/RTL2GDS/SiliconJackets/cadence_sky130/sky130_scl_9T_0.0.5/lib/sky130_tt_1.8_25_nldm.lib
*
*	Power Domain used: 
*              Rail:        VDD      Voltage:        1.8 
*
*       Dynamic View: tt_v1.8_25C_Nominal_25_func
*
*       Leakage View: tt_v1.8_25C_Nominal_25_func
*
*       User-Defined Activity : N.A.
*
*       Activity File: N.A.
*
*       Hierarchical Global Activity: N.A.
*
*       Global Activity: N.A.
*
*       Sequential Element Activity: 0.200000
*
*       Primary Input Activity: 0.200000
*
*       Default icg ratio: N.A.
*
*       Global Comb ClockGate Ratio: N.A.
*
*	Power Units = 1mW
*
*	Time Units = 1e-09 secs 
*
*       report_power -outfile reports/postroute/power.all.rpt -no_wrap
*
-----------------------------------------------------------------------------------------


Total Power 
-----------------------------------------------------------------------------------------
Total Internal Power:        1.35743932 	   53.2344%
Total Switching Power:       1.19237549 	   46.7611%
Total Leakage Power:         0.00011459 	    0.0045%
Total Power:                 2.54992940 
-----------------------------------------------------------------------------------------


Group                           Internal   Switching     Leakage       Total  Percentage 
                                Power      Power         Power         Power  (%)        
-----------------------------------------------------------------------------------------
Sequential                        0.9983      0.1787   5.393e-05       1.177       46.16 
Macro                                  0           0           0           0           0 
IO                                     0           0           0           0           0 
Combinational                     0.3591       1.014   6.066e-05       1.373       53.84 
Clock (Combinational)                  0           0           0           0           0 
Clock (Sequential)                     0           0           0           0           0 
-----------------------------------------------------------------------------------------
Total                              1.357       1.192   0.0001146        2.55         100 
-----------------------------------------------------------------------------------------


Rail                  Voltage   Internal   Switching     Leakage       Total  Percentage 
                                Power      Power         Power         Power  (%)        
-----------------------------------------------------------------------------------------
VDD                       1.8      1.357       1.192   0.0001146        2.55         100 


-----------------------------------------------------------------------------------------
*	Power Distribution Summary: 
*                Highest Average Power:             count_reg[15] (DFFRX4):           0.1078 
*                Highest Leakage Power:              count_reg[0] (DFFRX4):        3.372e-06 
*          Total Cap:      4.01738e-12 F
*          Total instances in design:   184
*          Total instances in design with no power:     0
*          Total instances in design with no activity:     0
*          Total Fillers and Decap:     0
-----------------------------------------------------------------------------------------

