###############################################################
#  Generated by:      Cadence Innovus 25.11-s102_1
#  OS:                Linux x86_64(Host ID ece-rschsrv.ece.gatech.edu)
#  Generated on:      Fri Oct 10 16:27:29 2025
#  Design:            top_lvl
#  Command:           check_connectivity -out_file reports/postroute/route.open.rpt
###############################################################
Verify Connectivity Report is created on Fri Oct 10 16:27:29 2025



Net VDD: dangling Wire at (179.720, 1131.140) (179.720, 1131.140) on layer: met1
Net VDD: dangling Wire at (179.720, 1122.860) (179.720, 1122.860) on layer: met1
Net VDD: dangling Wire at (179.720, 1114.580) (179.720, 1114.580) on layer: met1
Net VDD: dangling Wire at (179.720, 1106.300) (179.720, 1106.300) on layer: met1
Net VDD: dangling Wire at (179.720, 1098.020) (179.720, 1098.020) on layer: met1
Net VDD: dangling Wire at (179.720, 1089.740) (179.720, 1089.740) on layer: met1
Net VDD: dangling Wire at (179.720, 1081.460) (179.720, 1081.460) on layer: met1
Net VDD: dangling Wire at (179.720, 1073.180) (179.720, 1073.180) on layer: met1
Net VDD: dangling Wire at (179.720, 1064.900) (179.720, 1064.900) on layer: met1
Net VDD: dangling Wire at (179.720, 1056.620) (179.720, 1056.620) on layer: met1
Net VDD: dangling Wire at (179.720, 1048.340) (179.720, 1048.340) on layer: met1
Net VDD: dangling Wire at (179.720, 1040.060) (179.720, 1040.060) on layer: met1
Net VDD: dangling Wire at (179.720, 1031.780) (179.720, 1031.780) on layer: met1
Net VDD: dangling Wire at (179.720, 1023.500) (179.720, 1023.500) on layer: met1
Net VDD: dangling Wire at (179.720, 1015.220) (179.720, 1015.220) on layer: met1
Net VDD: dangling Wire at (179.720, 1006.940) (179.720, 1006.940) on layer: met1
Net VDD: dangling Wire at (179.720, 998.660) (179.720, 998.660) on layer: met1
Net VDD: dangling Wire at (179.720, 990.380) (179.720, 990.380) on layer: met1
Net VDD: dangling Wire at (179.720, 982.100) (179.720, 982.100) on layer: met1
Net VDD: dangling Wire at (179.720, 973.820) (179.720, 973.820) on layer: met1
Net VDD: dangling Wire at (179.720, 965.540) (179.720, 965.540) on layer: met1
Net VDD: dangling Wire at (179.720, 957.260) (179.720, 957.260) on layer: met1
Net VDD: dangling Wire at (179.720, 948.980) (179.720, 948.980) on layer: met1
Net VDD: dangling Wire at (179.720, 940.700) (179.720, 940.700) on layer: met1
Net VDD: dangling Wire at (179.720, 932.420) (179.720, 932.420) on layer: met1
Net VDD: dangling Wire at (179.720, 924.140) (179.720, 924.140) on layer: met1
Net VDD: dangling Wire at (179.720, 915.860) (179.720, 915.860) on layer: met1
Net VDD: dangling Wire at (179.720, 907.580) (179.720, 907.580) on layer: met1
Net VDD: dangling Wire at (179.720, 899.300) (179.720, 899.300) on layer: met1
Net VDD: dangling Wire at (179.720, 891.020) (179.720, 891.020) on layer: met1
Net VDD: dangling Wire at (179.720, 882.740) (179.720, 882.740) on layer: met1
Net VDD: dangling Wire at (179.720, 874.460) (179.720, 874.460) on layer: met1
Net VDD: dangling Wire at (179.720, 866.180) (179.720, 866.180) on layer: met1
Net VDD: dangling Wire at (179.720, 857.900) (179.720, 857.900) on layer: met1
Net VDD: dangling Wire at (179.720, 849.620) (179.720, 849.620) on layer: met1
Net VDD: dangling Wire at (179.720, 841.340) (179.720, 841.340) on layer: met1
Net VDD: dangling Wire at (179.720, 833.060) (179.720, 833.060) on layer: met1
Net VDD: dangling Wire at (179.720, 824.780) (179.720, 824.780) on layer: met1
Net VDD: dangling Wire at (179.720, 816.500) (179.720, 816.500) on layer: met1
Net VDD: dangling Wire at (179.720, 808.220) (179.720, 808.220) on layer: met1
Net VDD: dangling Wire at (179.720, 799.940) (179.720, 799.940) on layer: met1
Net VDD: dangling Wire at (179.720, 791.660) (179.720, 791.660) on layer: met1
Net VDD: dangling Wire at (179.720, 783.380) (179.720, 783.380) on layer: met1
Net VDD: dangling Wire at (179.720, 775.100) (179.720, 775.100) on layer: met1
Net VDD: dangling Wire at (179.720, 766.820) (179.720, 766.820) on layer: met1
Net VDD: dangling Wire at (179.720, 758.540) (179.720, 758.540) on layer: met1
Net VDD: dangling Wire at (179.720, 750.260) (179.720, 750.260) on layer: met1
Net VDD: dangling Wire at (179.720, 741.980) (179.720, 741.980) on layer: met1
Net VDD: dangling Wire at (179.720, 733.700) (179.720, 733.700) on layer: met1
Net VDD: dangling Wire at (179.720, 725.420) (179.720, 725.420) on layer: met1
Net VDD: dangling Wire at (179.720, 634.340) (179.720, 634.340) on layer: met1
Net VDD: dangling Wire at (179.720, 626.060) (179.720, 626.060) on layer: met1
Net VDD: dangling Wire at (179.720, 617.780) (179.720, 617.780) on layer: met1
Net VDD: dangling Wire at (179.720, 609.500) (179.720, 609.500) on layer: met1
Net VDD: dangling Wire at (179.720, 601.220) (179.720, 601.220) on layer: met1
Net VDD: dangling Wire at (179.720, 592.940) (179.720, 592.940) on layer: met1
Net VDD: dangling Wire at (179.720, 584.660) (179.720, 584.660) on layer: met1
Net VDD: dangling Wire at (179.720, 576.380) (179.720, 576.380) on layer: met1
Net VDD: dangling Wire at (179.720, 568.100) (179.720, 568.100) on layer: met1
Net VDD: dangling Wire at (179.720, 559.820) (179.720, 559.820) on layer: met1
Net VDD: dangling Wire at (179.720, 551.540) (179.720, 551.540) on layer: met1
Net VDD: dangling Wire at (179.720, 543.260) (179.720, 543.260) on layer: met1
Net VDD: dangling Wire at (179.720, 534.980) (179.720, 534.980) on layer: met1
Net VDD: dangling Wire at (179.720, 526.700) (179.720, 526.700) on layer: met1
Net VDD: dangling Wire at (179.720, 518.420) (179.720, 518.420) on layer: met1
Net VDD: dangling Wire at (179.720, 510.140) (179.720, 510.140) on layer: met1
Net VDD: dangling Wire at (179.720, 501.860) (179.720, 501.860) on layer: met1
Net VDD: dangling Wire at (179.720, 493.580) (179.720, 493.580) on layer: met1
Net VDD: dangling Wire at (179.720, 485.300) (179.720, 485.300) on layer: met1
Net VDD: dangling Wire at (179.720, 477.020) (179.720, 477.020) on layer: met1
Net VDD: dangling Wire at (179.720, 468.740) (179.720, 468.740) on layer: met1
Net VDD: dangling Wire at (179.720, 460.460) (179.720, 460.460) on layer: met1
Net VDD: dangling Wire at (179.720, 452.180) (179.720, 452.180) on layer: met1
Net VDD: dangling Wire at (179.720, 443.900) (179.720, 443.900) on layer: met1
Net VDD: dangling Wire at (179.720, 435.620) (179.720, 435.620) on layer: met1
Net VDD: dangling Wire at (179.720, 427.340) (179.720, 427.340) on layer: met1
Net VDD: dangling Wire at (179.720, 419.060) (179.720, 419.060) on layer: met1
Net VDD: dangling Wire at (179.720, 410.780) (179.720, 410.780) on layer: met1
Net VDD: dangling Wire at (179.720, 402.500) (179.720, 402.500) on layer: met1
Net VDD: dangling Wire at (179.720, 394.220) (179.720, 394.220) on layer: met1
Net VDD: dangling Wire at (179.720, 385.940) (179.720, 385.940) on layer: met1
Net VDD: dangling Wire at (179.720, 377.660) (179.720, 377.660) on layer: met1
Net VDD: dangling Wire at (179.720, 369.380) (179.720, 369.380) on layer: met1
Net VDD: dangling Wire at (179.720, 361.100) (179.720, 361.100) on layer: met1
Net VDD: dangling Wire at (179.720, 352.820) (179.720, 352.820) on layer: met1
Net VDD: dangling Wire at (179.720, 344.540) (179.720, 344.540) on layer: met1
Net VDD: dangling Wire at (179.720, 336.260) (179.720, 336.260) on layer: met1
Net VDD: dangling Wire at (179.720, 327.980) (179.720, 327.980) on layer: met1
Net VDD: dangling Wire at (179.720, 319.700) (179.720, 319.700) on layer: met1
Net VDD: dangling Wire at (179.720, 311.420) (179.720, 311.420) on layer: met1
Net VDD: dangling Wire at (179.720, 303.140) (179.720, 303.140) on layer: met1
Net VDD: dangling Wire at (179.720, 294.860) (179.720, 294.860) on layer: met1
Net VDD: dangling Wire at (179.720, 286.580) (179.720, 286.580) on layer: met1
Net VDD: dangling Wire at (179.720, 278.300) (179.720, 278.300) on layer: met1
Net VDD: dangling Wire at (179.720, 270.020) (179.720, 270.020) on layer: met1
Net VDD: dangling Wire at (179.720, 261.740) (179.720, 261.740) on layer: met1
Net VDD: dangling Wire at (179.720, 253.460) (179.720, 253.460) on layer: met1
Net VDD: dangling Wire at (179.720, 245.180) (179.720, 245.180) on layer: met1
Net VDD: dangling Wire at (179.720, 236.900) (179.720, 236.900) on layer: met1
Net VDD: dangling Wire at (179.720, 228.620) (179.720, 228.620) on layer: met1
Net VDD: dangling Wire at (863.100, 1131.140) (863.100, 1131.140) on layer: met1
Net VDD: dangling Wire at (863.100, 1122.860) (863.100, 1122.860) on layer: met1
Net VDD: dangling Wire at (863.100, 1114.580) (863.100, 1114.580) on layer: met1
Net VDD: dangling Wire at (863.100, 1106.300) (863.100, 1106.300) on layer: met1
Net VDD: dangling Wire at (863.100, 1098.020) (863.100, 1098.020) on layer: met1
Net VDD: dangling Wire at (863.100, 1089.740) (863.100, 1089.740) on layer: met1
Net VDD: dangling Wire at (863.100, 1081.460) (863.100, 1081.460) on layer: met1
Net VDD: dangling Wire at (863.100, 1073.180) (863.100, 1073.180) on layer: met1
Net VDD: dangling Wire at (863.100, 1064.900) (863.100, 1064.900) on layer: met1
Net VDD: dangling Wire at (863.100, 1056.620) (863.100, 1056.620) on layer: met1
Net VDD: dangling Wire at (863.100, 1048.340) (863.100, 1048.340) on layer: met1
Net VDD: dangling Wire at (863.100, 1040.060) (863.100, 1040.060) on layer: met1
Net VDD: dangling Wire at (863.100, 1031.780) (863.100, 1031.780) on layer: met1
Net VDD: dangling Wire at (863.100, 1023.500) (863.100, 1023.500) on layer: met1
Net VDD: dangling Wire at (863.100, 1015.220) (863.100, 1015.220) on layer: met1
Net VDD: dangling Wire at (863.100, 1006.940) (863.100, 1006.940) on layer: met1
Net VDD: dangling Wire at (863.100, 998.660) (863.100, 998.660) on layer: met1
Net VDD: dangling Wire at (863.100, 990.380) (863.100, 990.380) on layer: met1
Net VDD: dangling Wire at (863.100, 982.100) (863.100, 982.100) on layer: met1
Net VDD: dangling Wire at (863.100, 973.820) (863.100, 973.820) on layer: met1
Net VDD: dangling Wire at (863.100, 965.540) (863.100, 965.540) on layer: met1
Net VDD: dangling Wire at (863.100, 957.260) (863.100, 957.260) on layer: met1
Net VDD: dangling Wire at (863.100, 948.980) (863.100, 948.980) on layer: met1
Net VDD: dangling Wire at (863.100, 940.700) (863.100, 940.700) on layer: met1
Net VDD: dangling Wire at (863.100, 932.420) (863.100, 932.420) on layer: met1
Net VDD: dangling Wire at (863.100, 924.140) (863.100, 924.140) on layer: met1
Net VDD: dangling Wire at (863.100, 915.860) (863.100, 915.860) on layer: met1
Net VDD: dangling Wire at (863.100, 907.580) (863.100, 907.580) on layer: met1
Net VDD: dangling Wire at (863.100, 899.300) (863.100, 899.300) on layer: met1
Net VDD: dangling Wire at (863.100, 891.020) (863.100, 891.020) on layer: met1
Net VDD: dangling Wire at (863.100, 882.740) (863.100, 882.740) on layer: met1
Net VDD: dangling Wire at (863.100, 874.460) (863.100, 874.460) on layer: met1
Net VDD: dangling Wire at (863.100, 866.180) (863.100, 866.180) on layer: met1
Net VDD: dangling Wire at (863.100, 857.900) (863.100, 857.900) on layer: met1
Net VDD: dangling Wire at (863.100, 849.620) (863.100, 849.620) on layer: met1
Net VDD: dangling Wire at (863.100, 841.340) (863.100, 841.340) on layer: met1
Net VDD: dangling Wire at (863.100, 833.060) (863.100, 833.060) on layer: met1
Net VDD: dangling Wire at (863.100, 824.780) (863.100, 824.780) on layer: met1
Net VDD: dangling Wire at (863.100, 816.500) (863.100, 816.500) on layer: met1
Net VDD: dangling Wire at (863.100, 808.220) (863.100, 808.220) on layer: met1
Net VDD: dangling Wire at (863.100, 799.940) (863.100, 799.940) on layer: met1
Net VDD: dangling Wire at (863.100, 791.660) (863.100, 791.660) on layer: met1
Net VDD: dangling Wire at (863.100, 783.380) (863.100, 783.380) on layer: met1
Net VDD: dangling Wire at (863.100, 775.100) (863.100, 775.100) on layer: met1
Net VDD: dangling Wire at (863.100, 766.820) (863.100, 766.820) on layer: met1
Net VDD: dangling Wire at (863.100, 758.540) (863.100, 758.540) on layer: met1
Net VDD: dangling Wire at (863.100, 750.260) (863.100, 750.260) on layer: met1
Net VDD: dangling Wire at (863.100, 741.980) (863.100, 741.980) on layer: met1
Net VDD: dangling Wire at (863.100, 733.700) (863.100, 733.700) on layer: met1
Net VDD: dangling Wire at (863.100, 725.420) (863.100, 725.420) on layer: met1
Net VDD: dangling Wire at (863.100, 634.340) (863.100, 634.340) on layer: met1
Net VDD: dangling Wire at (863.100, 626.060) (863.100, 626.060) on layer: met1
Net VDD: dangling Wire at (863.100, 617.780) (863.100, 617.780) on layer: met1
Net VDD: dangling Wire at (863.100, 609.500) (863.100, 609.500) on layer: met1
Net VDD: dangling Wire at (863.100, 601.220) (863.100, 601.220) on layer: met1
Net VDD: dangling Wire at (863.100, 592.940) (863.100, 592.940) on layer: met1
Net VDD: dangling Wire at (863.100, 584.660) (863.100, 584.660) on layer: met1
Net VDD: dangling Wire at (863.100, 576.380) (863.100, 576.380) on layer: met1
Net VDD: dangling Wire at (863.100, 568.100) (863.100, 568.100) on layer: met1
Net VDD: dangling Wire at (863.100, 559.820) (863.100, 559.820) on layer: met1
Net VDD: dangling Wire at (863.100, 551.540) (863.100, 551.540) on layer: met1
Net VDD: dangling Wire at (863.100, 543.260) (863.100, 543.260) on layer: met1
Net VDD: dangling Wire at (863.100, 534.980) (863.100, 534.980) on layer: met1
Net VDD: dangling Wire at (863.100, 526.700) (863.100, 526.700) on layer: met1
Net VDD: dangling Wire at (863.100, 518.420) (863.100, 518.420) on layer: met1
Net VDD: dangling Wire at (863.100, 510.140) (863.100, 510.140) on layer: met1
Net VDD: dangling Wire at (863.100, 501.860) (863.100, 501.860) on layer: met1
Net VDD: dangling Wire at (863.100, 493.580) (863.100, 493.580) on layer: met1
Net VDD: dangling Wire at (863.100, 485.300) (863.100, 485.300) on layer: met1
Net VDD: dangling Wire at (863.100, 477.020) (863.100, 477.020) on layer: met1
Net VDD: dangling Wire at (863.100, 468.740) (863.100, 468.740) on layer: met1
Net VDD: dangling Wire at (863.100, 460.460) (863.100, 460.460) on layer: met1
Net VDD: dangling Wire at (863.100, 452.180) (863.100, 452.180) on layer: met1
Net VDD: dangling Wire at (863.100, 443.900) (863.100, 443.900) on layer: met1
Net VDD: dangling Wire at (863.100, 435.620) (863.100, 435.620) on layer: met1
Net VDD: dangling Wire at (863.100, 427.340) (863.100, 427.340) on layer: met1
Net VDD: dangling Wire at (863.100, 419.060) (863.100, 419.060) on layer: met1
Net VDD: dangling Wire at (863.100, 410.780) (863.100, 410.780) on layer: met1
Net VDD: dangling Wire at (863.100, 402.500) (863.100, 402.500) on layer: met1
Net VDD: dangling Wire at (863.100, 394.220) (863.100, 394.220) on layer: met1
Net VDD: dangling Wire at (863.100, 385.940) (863.100, 385.940) on layer: met1
Net VDD: dangling Wire at (863.100, 377.660) (863.100, 377.660) on layer: met1
Net VDD: dangling Wire at (863.100, 369.380) (863.100, 369.380) on layer: met1
Net VDD: dangling Wire at (863.100, 361.100) (863.100, 361.100) on layer: met1
Net VDD: dangling Wire at (863.100, 352.820) (863.100, 352.820) on layer: met1
Net VDD: dangling Wire at (863.100, 344.540) (863.100, 344.540) on layer: met1
Net VDD: dangling Wire at (863.100, 336.260) (863.100, 336.260) on layer: met1
Net VDD: dangling Wire at (863.100, 327.980) (863.100, 327.980) on layer: met1
Net VDD: dangling Wire at (863.100, 319.700) (863.100, 319.700) on layer: met1
Net VDD: dangling Wire at (863.100, 311.420) (863.100, 311.420) on layer: met1
Net VDD: dangling Wire at (863.100, 303.140) (863.100, 303.140) on layer: met1
Net VDD: dangling Wire at (863.100, 294.860) (863.100, 294.860) on layer: met1
Net VDD: dangling Wire at (863.100, 286.580) (863.100, 286.580) on layer: met1
Net VDD: dangling Wire at (863.100, 278.300) (863.100, 278.300) on layer: met1
Net VDD: dangling Wire at (863.100, 270.020) (863.100, 270.020) on layer: met1
Net VDD: dangling Wire at (863.100, 261.740) (863.100, 261.740) on layer: met1
Net VDD: dangling Wire at (863.100, 253.460) (863.100, 253.460) on layer: met1
Net VDD: dangling Wire at (863.100, 245.180) (863.100, 245.180) on layer: met1
Net VDD: dangling Wire at (863.100, 236.900) (863.100, 236.900) on layer: met1
Net VDD: dangling Wire at (863.100, 228.620) (863.100, 228.620) on layer: met1
Net VDD: dangling Wire at (179.720, 220.340) (179.720, 220.340) on layer: met1
Net VDD: dangling Wire at (863.100, 220.340) (863.100, 220.340) on layer: met1
Net VDD: dangling Wire at (836.400, 217.940) (836.400, 217.940) on layer: met4
Net VDD: dangling Wire at (786.400, 217.940) (786.400, 217.940) on layer: met4
Net VDD: dangling Wire at (736.400, 217.940) (736.400, 217.940) on layer: met4
Net VDD: dangling Wire at (686.400, 217.940) (686.400, 217.940) on layer: met4
Net VDD: dangling Wire at (636.400, 217.940) (636.400, 217.940) on layer: met4
Net VDD: dangling Wire at (586.400, 217.940) (586.400, 217.940) on layer: met4
Net VDD: dangling Wire at (536.400, 217.940) (536.400, 217.940) on layer: met4
Net VDD: dangling Wire at (486.400, 217.940) (486.400, 217.940) on layer: met4
Net VDD: dangling Wire at (436.400, 217.940) (436.400, 217.940) on layer: met4
Net VDD: dangling Wire at (386.400, 217.940) (386.400, 217.940) on layer: met4
Net VDD: dangling Wire at (336.400, 217.940) (336.400, 217.940) on layer: met4
Net VDD: dangling Wire at (286.400, 217.940) (286.400, 217.940) on layer: met4
Net VDD: dangling Wire at (236.400, 217.940) (236.400, 217.940) on layer: met4
Net VDD: dangling Wire at (186.400, 217.940) (186.400, 217.940) on layer: met4
Net VDD: dangling Wire at (836.400, 1140.220) (836.400, 1140.220) on layer: met4
Net VDD: dangling Wire at (786.400, 1140.220) (786.400, 1140.220) on layer: met4
Net VDD: dangling Wire at (736.400, 1140.220) (736.400, 1140.220) on layer: met4
Net VDD: dangling Wire at (686.400, 1140.220) (686.400, 1140.220) on layer: met4
Net VDD: dangling Wire at (636.400, 1140.220) (636.400, 1140.220) on layer: met4
Net VDD: dangling Wire at (586.400, 1140.220) (586.400, 1140.220) on layer: met4
Net VDD: dangling Wire at (536.400, 1140.220) (536.400, 1140.220) on layer: met4
Net VDD: dangling Wire at (486.400, 1140.220) (486.400, 1140.220) on layer: met4
Net VDD: dangling Wire at (436.400, 1140.220) (436.400, 1140.220) on layer: met4
Net VDD: dangling Wire at (386.400, 1140.220) (386.400, 1140.220) on layer: met4
Net VDD: dangling Wire at (336.400, 1140.220) (336.400, 1140.220) on layer: met4
Net VDD: dangling Wire at (286.400, 1140.220) (286.400, 1140.220) on layer: met4
Net VDD: dangling Wire at (236.400, 1140.220) (236.400, 1140.220) on layer: met4
Net VDD: dangling Wire at (186.400, 1140.220) (186.400, 1140.220) on layer: met4
Net VDD: dangling Wire at (836.400, 639.280) (836.400, 639.280) on layer: met4
Net VDD: dangling Wire at (836.400, 718.880) (836.400, 718.880) on layer: met4
Net VDD: dangling Wire at (786.400, 639.280) (786.400, 639.280) on layer: met4
Net VDD: dangling Wire at (786.400, 718.880) (786.400, 718.880) on layer: met4
Net VDD: dangling Wire at (736.400, 639.280) (736.400, 639.280) on layer: met4
Net VDD: dangling Wire at (736.400, 718.880) (736.400, 718.880) on layer: met4
Net VDD: dangling Wire at (686.400, 639.280) (686.400, 639.280) on layer: met4
Net VDD: dangling Wire at (686.400, 718.880) (686.400, 718.880) on layer: met4
Net VDD: dangling Wire at (636.400, 639.280) (636.400, 639.280) on layer: met4
Net VDD: dangling Wire at (636.400, 718.880) (636.400, 718.880) on layer: met4
Net VDD: dangling Wire at (586.400, 639.280) (586.400, 639.280) on layer: met4
Net VDD: dangling Wire at (586.400, 718.880) (586.400, 718.880) on layer: met4
Net VDD: dangling Wire at (536.400, 639.280) (536.400, 639.280) on layer: met4
Net VDD: dangling Wire at (536.400, 718.880) (536.400, 718.880) on layer: met4
Net VDD: dangling Wire at (486.400, 639.280) (486.400, 639.280) on layer: met4
Net VDD: dangling Wire at (486.400, 718.880) (486.400, 718.880) on layer: met4
Net VDD: dangling Wire at (436.400, 639.280) (436.400, 639.280) on layer: met4
Net VDD: dangling Wire at (436.400, 718.880) (436.400, 718.880) on layer: met4
Net VDD: dangling Wire at (386.400, 639.280) (386.400, 639.280) on layer: met4
Net VDD: dangling Wire at (386.400, 718.880) (386.400, 718.880) on layer: met4
Net VDD: dangling Wire at (336.400, 639.280) (336.400, 639.280) on layer: met4
Net VDD: dangling Wire at (336.400, 718.880) (336.400, 718.880) on layer: met4
Net VDD: dangling Wire at (286.400, 639.280) (286.400, 639.280) on layer: met4
Net VDD: dangling Wire at (286.400, 718.880) (286.400, 718.880) on layer: met4
Net VDD: dangling Wire at (236.400, 639.280) (236.400, 639.280) on layer: met4
Net VDD: dangling Wire at (236.400, 718.880) (236.400, 718.880) on layer: met4
Net VDD: dangling Wire at (186.400, 639.280) (186.400, 639.280) on layer: met4
Net VDD: dangling Wire at (186.400, 718.880) (186.400, 718.880) on layer: met4
Net VSS: dangling Wire at (179.720, 1135.280) (179.720, 1135.280) on layer: met1
Net VSS: dangling Wire at (179.720, 1127.000) (179.720, 1127.000) on layer: met1
Net VSS: dangling Wire at (179.720, 1118.720) (179.720, 1118.720) on layer: met1
Net VSS: dangling Wire at (179.720, 1110.440) (179.720, 1110.440) on layer: met1
Net VSS: dangling Wire at (179.720, 1102.160) (179.720, 1102.160) on layer: met1
Net VSS: dangling Wire at (179.720, 1093.880) (179.720, 1093.880) on layer: met1
Net VSS: dangling Wire at (179.720, 1085.600) (179.720, 1085.600) on layer: met1
Net VSS: dangling Wire at (179.720, 1077.320) (179.720, 1077.320) on layer: met1
Net VSS: dangling Wire at (179.720, 1069.040) (179.720, 1069.040) on layer: met1
Net VSS: dangling Wire at (179.720, 1060.760) (179.720, 1060.760) on layer: met1
Net VSS: dangling Wire at (179.720, 1052.480) (179.720, 1052.480) on layer: met1
Net VSS: dangling Wire at (179.720, 1044.200) (179.720, 1044.200) on layer: met1
Net VSS: dangling Wire at (179.720, 1035.920) (179.720, 1035.920) on layer: met1
Net VSS: dangling Wire at (179.720, 1027.640) (179.720, 1027.640) on layer: met1
Net VSS: dangling Wire at (179.720, 1019.360) (179.720, 1019.360) on layer: met1
Net VSS: dangling Wire at (179.720, 1011.080) (179.720, 1011.080) on layer: met1
Net VSS: dangling Wire at (179.720, 1002.800) (179.720, 1002.800) on layer: met1
Net VSS: dangling Wire at (179.720, 994.520) (179.720, 994.520) on layer: met1
Net VSS: dangling Wire at (179.720, 986.240) (179.720, 986.240) on layer: met1
Net VSS: dangling Wire at (179.720, 977.960) (179.720, 977.960) on layer: met1
Net VSS: dangling Wire at (179.720, 969.680) (179.720, 969.680) on layer: met1
Net VSS: dangling Wire at (179.720, 961.400) (179.720, 961.400) on layer: met1
Net VSS: dangling Wire at (179.720, 953.120) (179.720, 953.120) on layer: met1
Net VSS: dangling Wire at (179.720, 944.840) (179.720, 944.840) on layer: met1
Net VSS: dangling Wire at (179.720, 936.560) (179.720, 936.560) on layer: met1
Net VSS: dangling Wire at (179.720, 928.280) (179.720, 928.280) on layer: met1
Net VSS: dangling Wire at (179.720, 920.000) (179.720, 920.000) on layer: met1
Net VSS: dangling Wire at (179.720, 911.720) (179.720, 911.720) on layer: met1
Net VSS: dangling Wire at (179.720, 903.440) (179.720, 903.440) on layer: met1
Net VSS: dangling Wire at (179.720, 895.160) (179.720, 895.160) on layer: met1
Net VSS: dangling Wire at (179.720, 886.880) (179.720, 886.880) on layer: met1
Net VSS: dangling Wire at (179.720, 878.600) (179.720, 878.600) on layer: met1
Net VSS: dangling Wire at (179.720, 870.320) (179.720, 870.320) on layer: met1
Net VSS: dangling Wire at (179.720, 862.040) (179.720, 862.040) on layer: met1
Net VSS: dangling Wire at (179.720, 853.760) (179.720, 853.760) on layer: met1
Net VSS: dangling Wire at (179.720, 845.480) (179.720, 845.480) on layer: met1
Net VSS: dangling Wire at (179.720, 837.200) (179.720, 837.200) on layer: met1
Net VSS: dangling Wire at (179.720, 828.920) (179.720, 828.920) on layer: met1
Net VSS: dangling Wire at (179.720, 820.640) (179.720, 820.640) on layer: met1
Net VSS: dangling Wire at (179.720, 812.360) (179.720, 812.360) on layer: met1
Net VSS: dangling Wire at (179.720, 804.080) (179.720, 804.080) on layer: met1
Net VSS: dangling Wire at (179.720, 795.800) (179.720, 795.800) on layer: met1
Net VSS: dangling Wire at (179.720, 787.520) (179.720, 787.520) on layer: met1
Net VSS: dangling Wire at (179.720, 779.240) (179.720, 779.240) on layer: met1
Net VSS: dangling Wire at (179.720, 770.960) (179.720, 770.960) on layer: met1
Net VSS: dangling Wire at (179.720, 762.680) (179.720, 762.680) on layer: met1
Net VSS: dangling Wire at (179.720, 754.400) (179.720, 754.400) on layer: met1
Net VSS: dangling Wire at (179.720, 746.120) (179.720, 746.120) on layer: met1
Net VSS: dangling Wire at (179.720, 737.840) (179.720, 737.840) on layer: met1
Net VSS: dangling Wire at (179.720, 729.560) (179.720, 729.560) on layer: met1
Net VSS: dangling Wire at (179.720, 721.280) (179.720, 721.280) on layer: met1
Net VSS: dangling Wire at (179.720, 630.200) (179.720, 630.200) on layer: met1
Net VSS: dangling Wire at (179.720, 621.920) (179.720, 621.920) on layer: met1
Net VSS: dangling Wire at (179.720, 613.640) (179.720, 613.640) on layer: met1
Net VSS: dangling Wire at (179.720, 605.360) (179.720, 605.360) on layer: met1
Net VSS: dangling Wire at (179.720, 597.080) (179.720, 597.080) on layer: met1
Net VSS: dangling Wire at (179.720, 588.800) (179.720, 588.800) on layer: met1
Net VSS: dangling Wire at (179.720, 580.520) (179.720, 580.520) on layer: met1
Net VSS: dangling Wire at (179.720, 572.240) (179.720, 572.240) on layer: met1
Net VSS: dangling Wire at (179.720, 563.960) (179.720, 563.960) on layer: met1
Net VSS: dangling Wire at (179.720, 555.680) (179.720, 555.680) on layer: met1
Net VSS: dangling Wire at (179.720, 547.400) (179.720, 547.400) on layer: met1
Net VSS: dangling Wire at (179.720, 539.120) (179.720, 539.120) on layer: met1
Net VSS: dangling Wire at (179.720, 530.840) (179.720, 530.840) on layer: met1
Net VSS: dangling Wire at (179.720, 522.560) (179.720, 522.560) on layer: met1
Net VSS: dangling Wire at (179.720, 514.280) (179.720, 514.280) on layer: met1
Net VSS: dangling Wire at (179.720, 506.000) (179.720, 506.000) on layer: met1
Net VSS: dangling Wire at (179.720, 497.720) (179.720, 497.720) on layer: met1
Net VSS: dangling Wire at (179.720, 489.440) (179.720, 489.440) on layer: met1
Net VSS: dangling Wire at (179.720, 481.160) (179.720, 481.160) on layer: met1
Net VSS: dangling Wire at (179.720, 472.880) (179.720, 472.880) on layer: met1
Net VSS: dangling Wire at (179.720, 464.600) (179.720, 464.600) on layer: met1
Net VSS: dangling Wire at (179.720, 456.320) (179.720, 456.320) on layer: met1
Net VSS: dangling Wire at (179.720, 448.040) (179.720, 448.040) on layer: met1
Net VSS: dangling Wire at (179.720, 439.760) (179.720, 439.760) on layer: met1
Net VSS: dangling Wire at (179.720, 431.480) (179.720, 431.480) on layer: met1
Net VSS: dangling Wire at (179.720, 423.200) (179.720, 423.200) on layer: met1
Net VSS: dangling Wire at (179.720, 414.920) (179.720, 414.920) on layer: met1
Net VSS: dangling Wire at (179.720, 406.640) (179.720, 406.640) on layer: met1
Net VSS: dangling Wire at (179.720, 398.360) (179.720, 398.360) on layer: met1
Net VSS: dangling Wire at (179.720, 390.080) (179.720, 390.080) on layer: met1
Net VSS: dangling Wire at (179.720, 381.800) (179.720, 381.800) on layer: met1
Net VSS: dangling Wire at (179.720, 373.520) (179.720, 373.520) on layer: met1
Net VSS: dangling Wire at (179.720, 365.240) (179.720, 365.240) on layer: met1
Net VSS: dangling Wire at (179.720, 356.960) (179.720, 356.960) on layer: met1
Net VSS: dangling Wire at (179.720, 348.680) (179.720, 348.680) on layer: met1
Net VSS: dangling Wire at (179.720, 340.400) (179.720, 340.400) on layer: met1
Net VSS: dangling Wire at (179.720, 332.120) (179.720, 332.120) on layer: met1
Net VSS: dangling Wire at (179.720, 323.840) (179.720, 323.840) on layer: met1
Net VSS: dangling Wire at (179.720, 315.560) (179.720, 315.560) on layer: met1
Net VSS: dangling Wire at (179.720, 307.280) (179.720, 307.280) on layer: met1
Net VSS: dangling Wire at (179.720, 299.000) (179.720, 299.000) on layer: met1
Net VSS: dangling Wire at (179.720, 290.720) (179.720, 290.720) on layer: met1
Net VSS: dangling Wire at (179.720, 282.440) (179.720, 282.440) on layer: met1
Net VSS: dangling Wire at (179.720, 274.160) (179.720, 274.160) on layer: met1
Net VSS: dangling Wire at (179.720, 265.880) (179.720, 265.880) on layer: met1
Net VSS: dangling Wire at (179.720, 257.600) (179.720, 257.600) on layer: met1
Net VSS: dangling Wire at (179.720, 249.320) (179.720, 249.320) on layer: met1
Net VSS: dangling Wire at (179.720, 241.040) (179.720, 241.040) on layer: met1
Net VSS: dangling Wire at (179.720, 232.760) (179.720, 232.760) on layer: met1
Net VSS: dangling Wire at (863.100, 1135.280) (863.100, 1135.280) on layer: met1
Net VSS: dangling Wire at (863.100, 1127.000) (863.100, 1127.000) on layer: met1
Net VSS: dangling Wire at (863.100, 1118.720) (863.100, 1118.720) on layer: met1
Net VSS: dangling Wire at (863.100, 1110.440) (863.100, 1110.440) on layer: met1
Net VSS: dangling Wire at (863.100, 1102.160) (863.100, 1102.160) on layer: met1
Net VSS: dangling Wire at (863.100, 1093.880) (863.100, 1093.880) on layer: met1
Net VSS: dangling Wire at (863.100, 1085.600) (863.100, 1085.600) on layer: met1
Net VSS: dangling Wire at (863.100, 1077.320) (863.100, 1077.320) on layer: met1
Net VSS: dangling Wire at (863.100, 1069.040) (863.100, 1069.040) on layer: met1
Net VSS: dangling Wire at (863.100, 1060.760) (863.100, 1060.760) on layer: met1
Net VSS: dangling Wire at (863.100, 1052.480) (863.100, 1052.480) on layer: met1
Net VSS: dangling Wire at (863.100, 1044.200) (863.100, 1044.200) on layer: met1
Net VSS: dangling Wire at (863.100, 1035.920) (863.100, 1035.920) on layer: met1
Net VSS: dangling Wire at (863.100, 1027.640) (863.100, 1027.640) on layer: met1
Net VSS: dangling Wire at (863.100, 1019.360) (863.100, 1019.360) on layer: met1
Net VSS: dangling Wire at (863.100, 1011.080) (863.100, 1011.080) on layer: met1
Net VSS: dangling Wire at (863.100, 1002.800) (863.100, 1002.800) on layer: met1
Net VSS: dangling Wire at (863.100, 994.520) (863.100, 994.520) on layer: met1
Net VSS: dangling Wire at (863.100, 986.240) (863.100, 986.240) on layer: met1
Net VSS: dangling Wire at (863.100, 977.960) (863.100, 977.960) on layer: met1
Net VSS: dangling Wire at (863.100, 969.680) (863.100, 969.680) on layer: met1
Net VSS: dangling Wire at (863.100, 961.400) (863.100, 961.400) on layer: met1
Net VSS: dangling Wire at (863.100, 953.120) (863.100, 953.120) on layer: met1
Net VSS: dangling Wire at (863.100, 944.840) (863.100, 944.840) on layer: met1
Net VSS: dangling Wire at (863.100, 936.560) (863.100, 936.560) on layer: met1
Net VSS: dangling Wire at (863.100, 928.280) (863.100, 928.280) on layer: met1
Net VSS: dangling Wire at (863.100, 920.000) (863.100, 920.000) on layer: met1
Net VSS: dangling Wire at (863.100, 911.720) (863.100, 911.720) on layer: met1
Net VSS: dangling Wire at (863.100, 903.440) (863.100, 903.440) on layer: met1
Net VSS: dangling Wire at (863.100, 895.160) (863.100, 895.160) on layer: met1
Net VSS: dangling Wire at (863.100, 886.880) (863.100, 886.880) on layer: met1
Net VSS: dangling Wire at (863.100, 878.600) (863.100, 878.600) on layer: met1
Net VSS: dangling Wire at (863.100, 870.320) (863.100, 870.320) on layer: met1
Net VSS: dangling Wire at (863.100, 862.040) (863.100, 862.040) on layer: met1
Net VSS: dangling Wire at (863.100, 853.760) (863.100, 853.760) on layer: met1
Net VSS: dangling Wire at (863.100, 845.480) (863.100, 845.480) on layer: met1
Net VSS: dangling Wire at (863.100, 837.200) (863.100, 837.200) on layer: met1
Net VSS: dangling Wire at (863.100, 828.920) (863.100, 828.920) on layer: met1
Net VSS: dangling Wire at (863.100, 820.640) (863.100, 820.640) on layer: met1
Net VSS: dangling Wire at (863.100, 812.360) (863.100, 812.360) on layer: met1
Net VSS: dangling Wire at (863.100, 804.080) (863.100, 804.080) on layer: met1
Net VSS: dangling Wire at (863.100, 795.800) (863.100, 795.800) on layer: met1
Net VSS: dangling Wire at (863.100, 787.520) (863.100, 787.520) on layer: met1
Net VSS: dangling Wire at (863.100, 779.240) (863.100, 779.240) on layer: met1
Net VSS: dangling Wire at (863.100, 770.960) (863.100, 770.960) on layer: met1
Net VSS: dangling Wire at (863.100, 762.680) (863.100, 762.680) on layer: met1
Net VSS: dangling Wire at (863.100, 754.400) (863.100, 754.400) on layer: met1
Net VSS: dangling Wire at (863.100, 746.120) (863.100, 746.120) on layer: met1
Net VSS: dangling Wire at (863.100, 737.840) (863.100, 737.840) on layer: met1
Net VSS: dangling Wire at (863.100, 729.560) (863.100, 729.560) on layer: met1
Net VSS: dangling Wire at (863.100, 721.280) (863.100, 721.280) on layer: met1
Net VSS: dangling Wire at (863.100, 630.200) (863.100, 630.200) on layer: met1
Net VSS: dangling Wire at (863.100, 621.920) (863.100, 621.920) on layer: met1
Net VSS: dangling Wire at (863.100, 613.640) (863.100, 613.640) on layer: met1
Net VSS: dangling Wire at (863.100, 605.360) (863.100, 605.360) on layer: met1
Net VSS: dangling Wire at (863.100, 597.080) (863.100, 597.080) on layer: met1
Net VSS: dangling Wire at (863.100, 588.800) (863.100, 588.800) on layer: met1
Net VSS: dangling Wire at (863.100, 580.520) (863.100, 580.520) on layer: met1
Net VSS: dangling Wire at (863.100, 572.240) (863.100, 572.240) on layer: met1
Net VSS: dangling Wire at (863.100, 563.960) (863.100, 563.960) on layer: met1
Net VSS: dangling Wire at (863.100, 555.680) (863.100, 555.680) on layer: met1
Net VSS: dangling Wire at (863.100, 547.400) (863.100, 547.400) on layer: met1
Net VSS: dangling Wire at (863.100, 539.120) (863.100, 539.120) on layer: met1
Net VSS: dangling Wire at (863.100, 530.840) (863.100, 530.840) on layer: met1
Net VSS: dangling Wire at (863.100, 522.560) (863.100, 522.560) on layer: met1
Net VSS: dangling Wire at (863.100, 514.280) (863.100, 514.280) on layer: met1
Net VSS: dangling Wire at (863.100, 506.000) (863.100, 506.000) on layer: met1
Net VSS: dangling Wire at (863.100, 497.720) (863.100, 497.720) on layer: met1
Net VSS: dangling Wire at (863.100, 489.440) (863.100, 489.440) on layer: met1
Net VSS: dangling Wire at (863.100, 481.160) (863.100, 481.160) on layer: met1
Net VSS: dangling Wire at (863.100, 472.880) (863.100, 472.880) on layer: met1
Net VSS: dangling Wire at (863.100, 464.600) (863.100, 464.600) on layer: met1
Net VSS: dangling Wire at (863.100, 456.320) (863.100, 456.320) on layer: met1
Net VSS: dangling Wire at (863.100, 448.040) (863.100, 448.040) on layer: met1
Net VSS: dangling Wire at (863.100, 439.760) (863.100, 439.760) on layer: met1
Net VSS: dangling Wire at (863.100, 431.480) (863.100, 431.480) on layer: met1
Net VSS: dangling Wire at (863.100, 423.200) (863.100, 423.200) on layer: met1
Net VSS: dangling Wire at (863.100, 414.920) (863.100, 414.920) on layer: met1
Net VSS: dangling Wire at (863.100, 406.640) (863.100, 406.640) on layer: met1
Net VSS: dangling Wire at (863.100, 398.360) (863.100, 398.360) on layer: met1
Net VSS: dangling Wire at (863.100, 390.080) (863.100, 390.080) on layer: met1
Net VSS: dangling Wire at (863.100, 381.800) (863.100, 381.800) on layer: met1
Net VSS: dangling Wire at (863.100, 373.520) (863.100, 373.520) on layer: met1
Net VSS: dangling Wire at (863.100, 365.240) (863.100, 365.240) on layer: met1
Net VSS: dangling Wire at (863.100, 356.960) (863.100, 356.960) on layer: met1
Net VSS: dangling Wire at (863.100, 348.680) (863.100, 348.680) on layer: met1
Net VSS: dangling Wire at (863.100, 340.400) (863.100, 340.400) on layer: met1
Net VSS: dangling Wire at (863.100, 332.120) (863.100, 332.120) on layer: met1
Net VSS: dangling Wire at (863.100, 323.840) (863.100, 323.840) on layer: met1
Net VSS: dangling Wire at (863.100, 315.560) (863.100, 315.560) on layer: met1
Net VSS: dangling Wire at (863.100, 307.280) (863.100, 307.280) on layer: met1
Net VSS: dangling Wire at (863.100, 299.000) (863.100, 299.000) on layer: met1
Net VSS: dangling Wire at (863.100, 290.720) (863.100, 290.720) on layer: met1
Net VSS: dangling Wire at (863.100, 282.440) (863.100, 282.440) on layer: met1
Net VSS: dangling Wire at (863.100, 274.160) (863.100, 274.160) on layer: met1
Net VSS: dangling Wire at (863.100, 265.880) (863.100, 265.880) on layer: met1
Net VSS: dangling Wire at (863.100, 257.600) (863.100, 257.600) on layer: met1
Net VSS: dangling Wire at (863.100, 249.320) (863.100, 249.320) on layer: met1
Net VSS: dangling Wire at (863.100, 241.040) (863.100, 241.040) on layer: met1
Net VSS: dangling Wire at (863.100, 232.760) (863.100, 232.760) on layer: met1
Net VSS: dangling Wire at (179.720, 224.480) (179.720, 224.480) on layer: met1
Net VSS: dangling Wire at (863.100, 224.480) (863.100, 224.480) on layer: met1
Net VSS: dangling Wire at (859.400, 217.940) (859.400, 217.940) on layer: met4
Net VSS: dangling Wire at (809.400, 217.940) (809.400, 217.940) on layer: met4
Net VSS: dangling Wire at (759.400, 217.940) (759.400, 217.940) on layer: met4
Net VSS: dangling Wire at (709.400, 217.940) (709.400, 217.940) on layer: met4
Net VSS: dangling Wire at (659.400, 217.940) (659.400, 217.940) on layer: met4
Net VSS: dangling Wire at (609.400, 217.940) (609.400, 217.940) on layer: met4
Net VSS: dangling Wire at (559.400, 217.940) (559.400, 217.940) on layer: met4
Net VSS: dangling Wire at (509.400, 217.940) (509.400, 217.940) on layer: met4
Net VSS: dangling Wire at (459.400, 217.940) (459.400, 217.940) on layer: met4
Net VSS: dangling Wire at (409.400, 217.940) (409.400, 217.940) on layer: met4
Net VSS: dangling Wire at (359.400, 217.940) (359.400, 217.940) on layer: met4
Net VSS: dangling Wire at (309.400, 217.940) (309.400, 217.940) on layer: met4
Net VSS: dangling Wire at (259.400, 217.940) (259.400, 217.940) on layer: met4
Net VSS: dangling Wire at (209.400, 217.940) (209.400, 217.940) on layer: met4
Net VSS: dangling Wire at (859.400, 1140.220) (859.400, 1140.220) on layer: met4
Net VSS: dangling Wire at (809.400, 1140.220) (809.400, 1140.220) on layer: met4
Net VSS: dangling Wire at (759.400, 1140.220) (759.400, 1140.220) on layer: met4
Net VSS: dangling Wire at (709.400, 1140.220) (709.400, 1140.220) on layer: met4
Net VSS: dangling Wire at (659.400, 1140.220) (659.400, 1140.220) on layer: met4
Net VSS: dangling Wire at (609.400, 1140.220) (609.400, 1140.220) on layer: met4
Net VSS: dangling Wire at (559.400, 1140.220) (559.400, 1140.220) on layer: met4
Net VSS: dangling Wire at (509.400, 1140.220) (509.400, 1140.220) on layer: met4
Net VSS: dangling Wire at (459.400, 1140.220) (459.400, 1140.220) on layer: met4
Net VSS: dangling Wire at (409.400, 1140.220) (409.400, 1140.220) on layer: met4
Net VSS: dangling Wire at (359.400, 1140.220) (359.400, 1140.220) on layer: met4
Net VSS: dangling Wire at (309.400, 1140.220) (309.400, 1140.220) on layer: met4
Net VSS: dangling Wire at (259.400, 1140.220) (259.400, 1140.220) on layer: met4
Net VSS: dangling Wire at (209.400, 1140.220) (209.400, 1140.220) on layer: met4
Net VSS: dangling Wire at (859.400, 639.280) (859.400, 639.280) on layer: met4
Net VSS: dangling Wire at (859.400, 718.880) (859.400, 718.880) on layer: met4
Net VSS: dangling Wire at (809.400, 639.280) (809.400, 639.280) on layer: met4
Net VSS: dangling Wire at (809.400, 718.880) (809.400, 718.880) on layer: met4
Net VSS: dangling Wire at (759.400, 639.280) (759.400, 639.280) on layer: met4
Net VSS: dangling Wire at (759.400, 718.880) (759.400, 718.880) on layer: met4
Net VSS: dangling Wire at (709.400, 639.280) (709.400, 639.280) on layer: met4
Net VSS: dangling Wire at (709.400, 718.880) (709.400, 718.880) on layer: met4
Net VSS: dangling Wire at (659.400, 639.280) (659.400, 639.280) on layer: met4
Net VSS: dangling Wire at (659.400, 718.880) (659.400, 718.880) on layer: met4
Net VSS: dangling Wire at (609.400, 639.280) (609.400, 639.280) on layer: met4
Net VSS: dangling Wire at (609.400, 718.880) (609.400, 718.880) on layer: met4
Net VSS: dangling Wire at (559.400, 639.280) (559.400, 639.280) on layer: met4
Net VSS: dangling Wire at (559.400, 718.880) (559.400, 718.880) on layer: met4
Net VSS: dangling Wire at (509.400, 639.280) (509.400, 639.280) on layer: met4
Net VSS: dangling Wire at (509.400, 718.880) (509.400, 718.880) on layer: met4
Net VSS: dangling Wire at (459.400, 639.280) (459.400, 639.280) on layer: met4
Net VSS: dangling Wire at (459.400, 718.880) (459.400, 718.880) on layer: met4
Net VSS: dangling Wire at (409.400, 639.280) (409.400, 639.280) on layer: met4
Net VSS: dangling Wire at (409.400, 718.880) (409.400, 718.880) on layer: met4
Net VSS: dangling Wire at (359.400, 639.280) (359.400, 639.280) on layer: met4
Net VSS: dangling Wire at (359.400, 718.880) (359.400, 718.880) on layer: met4
Net VSS: dangling Wire at (309.400, 639.280) (309.400, 639.280) on layer: met4
Net VSS: dangling Wire at (309.400, 718.880) (309.400, 718.880) on layer: met4
Net VSS: dangling Wire at (259.400, 639.280) (259.400, 639.280) on layer: met4
Net VSS: dangling Wire at (259.400, 718.880) (259.400, 718.880) on layer: met4
Net VSS: dangling Wire at (209.400, 639.280) (209.400, 639.280) on layer: met4
Net VSS: dangling Wire at (209.400, 718.880) (209.400, 718.880) on layer: met4

Begin Summary
    516 Problem(s) (IMPVFC-94): The net has dangling wire(s).
    516 total info(s) created.
End Summary
