###############################################################
#  Generated by:      Cadence Innovus 25.11-s102_1
#  OS:                Linux x86_64(Host ID ece-rschsrv.ece.gatech.edu)
#  Generated on:      Fri Oct 10 16:26:51 2025
#  Design:            top_lvl
#  Command:           report_timing_summary -checks {setup drv} > [file join [get_db flow_report_directory] [get_db flow_report_name] [get_db flow_report_prefix]setup.analysis_summary.rpt]
###############################################################
# SETUP                WNS    TNS   FEP   
#----------------------------------------
 View : ALL          0.040  0.000     0  
    Group : in2out     N/A    N/A     0  
    Group : reg2out    N/A    N/A     0  
    Group : in2reg   0.065    0.0     0  
    Group : reg2reg  0.040    0.0     0  
                                         
#----------------------------------------
 
# DRV                         WNS   TNS   FEP   
#----------------------------------------------
 View : ALL                                    
    Check : max_transition    N/A   N/A     0  
    Check : min_transition    N/A   N/A     0  
    Check : max_capacitance   N/A   N/A     0  
    Check : min_capacitance   N/A   N/A     0  
    Check : max_fanout        N/A   N/A     0  
    Check : min_fanout        N/A   N/A     0  
                                               
#----------------------------------------------
 
