###############################################################
#  Generated by:      Cadence Innovus 25.11-s102_1
#  OS:                Linux x86_64(Host ID ece-rschsrv.ece.gatech.edu)
#  Generated on:      Fri Oct 10 16:27:01 2025
#  Design:            top_lvl
#  Command:           report_timing -max_paths 1   -nworst 1 -path_type full_clock -net > [file join [get_db flow_report_directory] [get_db flow_report_name] setup.worst.rpt]
###############################################################
Path 1: MET (0.040 ns) Setup Check with Pin u_ctrl_r_ptr_reg[4]/CK->SI
               View: tt_v1.8_25C_Nominal_25_func
              Group: core_clock
         Startpoint: (R) u_ctrl_r_ptr_reg[0]/CK
              Clock: (R) core_clock
           Endpoint: (F) u_ctrl_r_ptr_reg[4]/SI
              Clock: (R) core_clock

                       Capture       Launch
         Clock Edge:+    1.300        0.000
        Src Latency:+   -0.334       -0.334
        Net Latency:+    0.300 (P)    0.307 (P)
            Arrival:=    1.266       -0.027

              Setup:-    0.191
        Uncertainty:-    0.250
        Cppr Adjust:+    0.004
      Required Time:=    0.830
       Launch Clock:=   -0.027
          Data Path:+    0.817
              Slack:=    0.040
     Timing Path:

#--------------------------------------------------------------------------------------
# Timing Point            Flags  Arc    Edge  Cell       Fanout  Trans   Delay  Arrival  
#                                                                 (ns)    (ns)     (ns)  
#--------------------------------------------------------------------------------------
  clk                     -      clk    R     (arrival)       1  0.003   0.007   -0.326  
  clk                     -      -      R     (net)           1      -       -        -  
  CTS_ccl_buf_00006/Y     -      A->Y   R     CLKBUFX8        5  0.010   0.140   -0.186  
  CTS_6                   -      -      R     (net)           5      -       -        -  
  CTS_ccl_a_buf_00004/Y   -      A->Y   R     CLKBUFX8       12  0.110   0.159   -0.027  
  CTS_4                   -      -      R     (net)          12      -       -        -  
  u_ctrl_r_ptr_reg[0]/Q   -      CK->Q  R     SDFFX4          6  0.082   0.331    0.304  
  n_360                   -      -      R     (net)           6      -       -        -  
  cts_FE_RC_32_0/Y        -      B->Y   F     NAND3X1         2  0.073   0.108    0.412  
  n_859                   -      -      F     (net)           2      -       -        -  
  cts_FE_OFC99_n_859/Y    -      A->Y   R     CLKINVX2        2  0.093   0.074    0.486  
  n_860                   -      -      R     (net)           2      -       -        -  
  cts_FE_RC_61_0/Y        -      B->Y   R     CLKAND2X2       1  0.056   0.083    0.569  
  FE_RN_23_0              -      -      R     (net)           1      -       -        -  
  cts_FE_RC_60_0/Y        -      A->Y   F     NAND2X1         2  0.025   0.079    0.648  
  n_861                   -      -      F     (net)           2      -       -        -  
  cts_FE_RC_53_0/Y        -      C->Y   R     NAND3X2         1  0.079   0.064    0.712  
  n_107                   -      -      R     (net)           1      -       -        -  
  cts_FE_RC_23_0/Y        -      C0->Y  F     OAI211X2        1  0.062   0.078    0.790  
  n_127                   -      -      F     (net)           1      -       -        -  
  u_ctrl_r_ptr_reg[4]/SI  -      SI     F     SDFFX4          1  0.066   0.000    0.790  
#--------------------------------------------------------------------------------------
     Other End Path:

#-------------------------------------------------------------------------------------
# Timing Point            Flags  Arc   Edge  Cell       Fanout  Trans   Delay  Arrival  
#                                                                (ns)    (ns)     (ns)  
#-------------------------------------------------------------------------------------
  clk                     -      clk   R     (arrival)       1  0.003   0.006    0.972  
  clk                     -      -     R     (net)           1      -       -        -  
  CTS_ccl_buf_00006/Y     -      A->Y  R     CLKBUFX8        5  0.010   0.136    1.108  
  CTS_6                   -      -     R     (net)           5      -       -        -  
  CTS_ccl_a_buf_00004/Y   -      A->Y  R     CLKBUFX8       12  0.105   0.158    1.266  
  CTS_4                   -      -     R     (net)          12      -       -        -  
  u_ctrl_r_ptr_reg[4]/CK  -      CK    R     SDFFX4         12  0.082   0.000    1.266  
#-------------------------------------------------------------------------------------

