###############################################################
#  Generated by:      Cadence Innovus 25.11-s102_1
#  OS:                Linux x86_64(Host ID ece-rschsrv.ece.gatech.edu)
#  Generated on:      Fri Oct 10 16:26:52 2025
#  Design:            top_lvl
#  Command:           report_constraint -late -all_violators -drv_violation_type {max_capacitance max_transition max_fanout} > reports/postroute/setup.all_violators.rpt
###############################################################
# format : frame 0 : split 0

max_delay/setup
---------------------------
No paths found

Check type : max_capacitance
---------------------------
 No Violations found

Check type : max_transition
---------------------------
 No Violations found

Check type : max_fanout
---------------------------
 No Violations found
