Command: report datapath reports/syn_generic/area.datapath.rpt
Warning: '-sort' is not specified. By default, 'report datapath' orders the components based on instance name
============================================================
  Generated by:           Genus(TM) Synthesis Solution 25.11-s095_1
  Generated on:           Feb 09 2026  01:48:20 pm
  Module:                 counter_16bit
  Library domain:         tt_v1.8_25C
    Domain index:         0
    Technology libraries: sky130_tt_1.8_25 1.0
                          sky130_sram_2kbyte_1rw1r_32x512_8_TT_1p8V_25C_lib 
  Operating conditions:   tt_1.8_25 
  Interconnect mode:      global
  Area mode:              physical library
============================================================



Inferred components

                            Operator Signedness          Architecture                    Inputs    Outputs        CellArea LogicLevels 
=======================================================================================================================================
counter_16bit
inc_ADD_UNS_OP module:increment_unsigned_8 
                           increment   unsigned             very_fast                      16x1         16         1111.35           7 
=======================================================================================================================================
Type              CellArea  Percentage
--------------------------------------
datapath modules   1111.35       62.46
external muxes        0.00        0.00
others              667.99       37.54
--------------------------------------
total              1779.35      100.00
