============================================================
  Generated by:           Genus(TM) Synthesis Solution 25.11-s095_1
  Generated on:           Feb 09 2026  01:48:36 pm
  Operating conditions:   tt_1.8_25 
  Interconnect mode:      global
  Area mode:              physical library
============================================================

                         Leakage   Internal          Library 
 Gate  Instances  Area Power (nW) Power (nW) Library  Domain 
-------------------------------------------------------------
-------------------------------------------------------------
total          0 0.000      0.000      0.000                 
                                        Leakage  Leakage  Internal  Internal 
     Type      Instances  Area Area % Power (nW) Power % Power (nW)  Power % 
-----------------------------------------------------------------------------
sequential            16 0.000    0.0     47.658    76.0 546390.223     89.9 
inverter               1 0.000    0.0      0.112     0.2      0.000      0.0 
logic                 94 0.000    0.0     14.919    23.8  61662.354     10.1 
physical_cells         0 0.000    0.0      0.000     0.0      0.000      0.0 
-----------------------------------------------------------------------------
total                111 0.000    0.0     62.689   100.0 608052.576    100.0 
