============================================================
  Generated by:           Genus(TM) Synthesis Solution 25.11-s095_1
  Generated on:           Feb 09 2026  01:48:26 pm
  Module:                 counter_16bit
  Library domain:         tt_v1.8_25C
    Domain index:         0
    Technology libraries: sky130_tt_1.8_25 1.0
                          sky130_sram_2kbyte_1rw1r_32x512_8_TT_1p8V_25C_lib 
  Operating conditions:   tt_1.8_25 
  Interconnect mode:      global
  Area mode:              physical library
============================================================

Timing
--------

       Analysis view           Clock   Period 
----------------------------------------------
tt_v1.8_25C_Nominal_25_func core_clock 1000.0 


          Analysis             Cost     Critical           Violating 
            View               Group   Path Slack   TNS      Paths   
---------------------------------------------------------------------
tt_v1.8_25C_Nominal_25_func core_clock     -412.9 -5056.4         15 
                               default   No paths     0.0          0 
---------------------------------------------------------------------
Total                                             -5056.4         15 
                                                                     

Instance Count
--------------
Leaf Instance Count             111 
Physical Instance count           0 
Sequential Instance Count        16 
Combinational Instance Count     95 
Hierarchical Instance Count       1 

Area
----
Cell Area                          1779.346
Physical Cell Area                 0.000
Total Cell Area (Cell+Physical)    1779.346
Net Area                           208.864
Total Area (Cell+Physical+Net)     1988.210

Max Fanout                         16 (clk)
Min Fanout                         0 (rst_n)
Average Fanout                     2.1
Terms to net ratio                 3.6140
Terms to instance ratio            3.7117
Runtime                            51.999196 seconds
Elapsed Runtime                    58 seconds
Genus peak memory usage            1937.60 
Innovus peak memory usage          no_value 
Hostname                           ece-rschsrv.ece.gatech.edu
