###############################################################
#  Generated by:      Cadence Innovus 25.11-s102_1
#  OS:                Linux x86_64(Host ID ece-rschsrv.ece.gatech.edu)
#  Generated on:      Sat Feb 14 12:49:52 2026
#  Design:            counter_16bit
#  Command:           report_constraint -early -all_violators -drv_violation_type {min_capacitance min_transition min_fanout} > reports/cts/hold.all_violators.rpt
###############################################################
# format : frame 0 : split 0

min_delay/hold
---------------------------
      -------------------------------------------------------------------------------------------------------------------------------------------  
       End Point                                  Slack                                         Cause                                       View   
      -------------------------------------------------------------------------------------------------------------------------------------------  
      count_reg[11]/RN r                         -0.331     VIOLATED                                   tt_v1.8_25C_Nominal_25_func
      count_reg[8]/RN r                          -0.331     VIOLATED                                   tt_v1.8_25C_Nominal_25_func
      count_reg[15]/RN r                         -0.330     VIOLATED                                   tt_v1.8_25C_Nominal_25_func
      count_reg[10]/RN r                         -0.330     VIOLATED                                   tt_v1.8_25C_Nominal_25_func
      count_reg[12]/RN r                         -0.328     VIOLATED                                   tt_v1.8_25C_Nominal_25_func
      count_reg[14]/RN r                         -0.327     VIOLATED                                   tt_v1.8_25C_Nominal_25_func
      count_reg[0]/RN r                          -0.327     VIOLATED                                   tt_v1.8_25C_Nominal_25_func
      count_reg[13]/RN r                         -0.327     VIOLATED                                   tt_v1.8_25C_Nominal_25_func
      count_reg[9]/RN r                          -0.327     VIOLATED                                   tt_v1.8_25C_Nominal_25_func
      count_reg[4]/RN r                          -0.326     VIOLATED                                   tt_v1.8_25C_Nominal_25_func
      count_reg[7]/RN r                          -0.326     VIOLATED                                   tt_v1.8_25C_Nominal_25_func
      count_reg[3]/RN r                          -0.326     VIOLATED                                   tt_v1.8_25C_Nominal_25_func
      count_reg[1]/RN r                          -0.326     VIOLATED                                   tt_v1.8_25C_Nominal_25_func
      count_reg[2]/RN r                          -0.326     VIOLATED                                   tt_v1.8_25C_Nominal_25_func
      count_reg[6]/RN r                          -0.326     VIOLATED                                   tt_v1.8_25C_Nominal_25_func
      count_reg[5]/RN r                          -0.326     VIOLATED                                   tt_v1.8_25C_Nominal_25_func
      count_reg[0]/D f                           -0.020     VIOLATED                                   tt_v1.8_25C_Nominal_25_func
      -------------------------------------------------------------------------------------------------------------------------------------------

Check type : min_capacitance
---------------------------
     ----------------------------------------------------------------------------------------------  
      Pin Name               Required          Actual            Slack             View              
     ----------------------------------------------------------------------------------------------  
     count_reg[3]/QN       0.001             0.000             -0.001            tt_v1.8_25C_Nominal_25_func
     count_reg[2]/QN       0.001             0.000             -0.001            tt_v1.8_25C_Nominal_25_func
     count_reg[9]/QN       0.001             0.000             -0.001            tt_v1.8_25C_Nominal_25_func
     count_reg[6]/QN       0.001             0.000             -0.001            tt_v1.8_25C_Nominal_25_func
     count_reg[5]/QN       0.001             0.000             -0.001            tt_v1.8_25C_Nominal_25_func
     count_reg[0]/QN       0.001             0.000             -0.001            tt_v1.8_25C_Nominal_25_func
     count_reg[1]/QN       0.001             0.000             -0.001            tt_v1.8_25C_Nominal_25_func
     count_reg[7]/QN       0.001             0.000             -0.001            tt_v1.8_25C_Nominal_25_func
     count_reg[4]/QN       0.001             0.000             -0.001            tt_v1.8_25C_Nominal_25_func
     count_reg[13]/QN      0.001             0.000             -0.001            tt_v1.8_25C_Nominal_25_func

Check type : min_transition
---------------------------
 No Violations found

Check type : min_fanout
---------------------------
 No Violations found
