###############################################################
#  Generated by:      Cadence Innovus 25.11-s102_1
#  OS:                Linux x86_64(Host ID ece-rschsrv.ece.gatech.edu)
#  Generated on:      Sat Feb 14 12:50:00 2026
#  Design:            counter_16bit
#  Command:           report_timing -early -max_paths 1   -nworst 1 -path_type full_clock -net > [file join [get_db flow_report_directory] [get_db flow_report_name] hold.worst.rpt]
###############################################################
Path 1: VIOLATED (-0.331 ns) Removal Check with Pin count_reg[11]/CK->RN
               View: tt_v1.8_25C_Nominal_25_func
              Group: async_default
         Startpoint: (R) rst_n
              Clock:
           Endpoint: (R) count_reg[11]/RN
              Clock: (R) core_clock

                       Capture       Launch
         Clock Edge:+    0.000        0.000
        Src Latency:+   -0.015        0.000
        Net Latency:+    0.002 (P)    0.000 (I)
            Arrival:=   -0.013        0.000

            Removal:+    0.144
        Uncertainty:+    0.250
        Cppr Adjust:-    0.000
      Required Time:=    0.381
       Launch Clock:=    0.000
          Data Path:+    0.049
              Slack:=   -0.331
     Timing Path:

#--------------------------------------------------------------------------------
# Timing Point      Flags  Arc    Edge  Cell       Fanout  Trans   Delay  Arrival  
#                                                           (ns)    (ns)     (ns)  
#--------------------------------------------------------------------------------
  rst_n             -      rst_n  R     (arrival)      16  0.003   0.049    0.049  
  rst_n             -      -      R     (net)          16      -       -        -  
  count_reg[11]/RN  -      RN     R     DFFRX4         16  0.103   0.000    0.049  
#--------------------------------------------------------------------------------
     Other End Path:

#------------------------------------------------------------------------------
# Timing Point      Flags  Arc  Edge  Cell       Fanout  Trans   Delay  Arrival  
#                                                         (ns)    (ns)     (ns)  
#------------------------------------------------------------------------------
  clk               -      clk  R     (arrival)      16  0.003   0.002   -0.013  
  clk               -      -    R     (net)          16      -       -        -  
  count_reg[11]/CK  -      CK   R     DFFRX4         16  0.004   0.000   -0.013  
#------------------------------------------------------------------------------

