*----------------------------------------------------------------------------------------
*	Innovus 25.11-s102_1 (64bit) 08/27/2025 13:03 (Linux 4.18.0-305.el8.x86_64)
*	
*
* 	Date & Time:	2026-Feb-14 12:50:33 (2026-Feb-14 17:50:33 GMT)
*
*----------------------------------------------------------------------------------------
*
*	Design: counter_16bit
*
*	Liberty Libraries used: 
*	        /nethome/dkhalil8/InnovateECE/RTL2GDS/SiliconJackets/sram_sky130/lib/sky130_sram_2kbyte_1rw1r_32x512_8_TT_1p8V_25C.lib
*	        /nethome/dkhalil8/InnovateECE/RTL2GDS/SiliconJackets/cadence_sky130/sky130_scl_9T_0.0.5/lib/sky130_tt_1.8_25_nldm.lib
*
*	Power Domain used: 
*              Rail:        VDD      Voltage:        1.8 
*
*       Dynamic View: tt_v1.8_25C_Nominal_25_func
*
*       Leakage View: tt_v1.8_25C_Nominal_25_func
*
*       User-Defined Activity : N.A.
*
*       Activity File: N.A.
*
*       Hierarchical Global Activity: N.A.
*
*       Global Activity: N.A.
*
*       Sequential Element Activity: 0.200000
*
*       Primary Input Activity: 0.200000
*
*       Default icg ratio: N.A.
*
*       Global Comb ClockGate Ratio: N.A.
*
*	Power Units = 1mW
*
*	Time Units = 1e-09 secs 
*
*       report_power -outfile reports/cts/power.all.rpt -no_wrap
*
-----------------------------------------------------------------------------------------


Total Power 
-----------------------------------------------------------------------------------------
Total Internal Power:        1.33617566 	   52.0775%
Total Switching Power:       1.22945580 	   47.9181%
Total Leakage Power:         0.00011182 	    0.0044%
Total Power:                 2.56574328 
-----------------------------------------------------------------------------------------


Group                           Internal   Switching     Leakage       Total  Percentage 
                                Power      Power         Power         Power  (%)        
-----------------------------------------------------------------------------------------
Sequential                        0.9986      0.1961   5.393e-05       1.195       46.56 
Macro                                  0           0           0           0           0 
IO                                     0           0           0           0           0 
Combinational                     0.3376       1.033   5.789e-05       1.371       53.44 
Clock (Combinational)                  0           0           0           0           0 
Clock (Sequential)                     0           0           0           0           0 
-----------------------------------------------------------------------------------------
Total                              1.336       1.229   0.0001118       2.566         100 
-----------------------------------------------------------------------------------------


Rail                  Voltage   Internal   Switching     Leakage       Total  Percentage 
                                Power      Power         Power         Power  (%)        
-----------------------------------------------------------------------------------------
VDD                       1.8      1.336       1.229   0.0001118       2.566         100 


-----------------------------------------------------------------------------------------
*	Power Distribution Summary: 
*                Highest Average Power:             count_reg[15] (DFFRX4):            0.122 
*                Highest Leakage Power:              count_reg[0] (DFFRX4):        3.372e-06 
*          Total Cap:      4.13063e-12 F
*          Total instances in design:   179
*          Total instances in design with no power:     0
*          Total instances in design with no activity:     0
*          Total Fillers and Decap:     0
-----------------------------------------------------------------------------------------

