###############################################################
#  Generated by:      Cadence Innovus 25.11-s102_1
#  OS:                Linux x86_64(Host ID ece-rschsrv.ece.gatech.edu)
#  Generated on:      Sat Feb 14 12:50:18 2026
#  Design:            counter_16bit
#  Command:           report_timing -max_paths 1   -nworst 1 -path_type full_clock -net > [file join [get_db flow_report_directory] [get_db flow_report_name] setup.worst.rpt]
###############################################################
Path 1: VIOLATED (-0.098 ns) Setup Check with Pin count_reg[11]/CK->D
               View: tt_v1.8_25C_Nominal_25_func
              Group: core_clock
         Startpoint: (R) count_reg[7]/CK
              Clock: (R) core_clock
           Endpoint: (F) count_reg[11]/D
              Clock: (R) core_clock

                       Capture       Launch
         Clock Edge:+    1.000        0.000
        Src Latency:+   -0.015       -0.015
        Net Latency:+    0.002 (P)    0.002 (P)
            Arrival:=    0.987       -0.013

              Setup:-    0.084
        Uncertainty:-    0.250
        Cppr Adjust:+    0.000
      Required Time:=    0.652
       Launch Clock:=   -0.013
          Data Path:+    0.763
              Slack:=   -0.098
     Timing Path:

#--------------------------------------------------------------------------------------------
# Timing Point                  Flags  Arc    Edge  Cell       Fanout  Trans   Delay  Arrival  
#                                                                       (ns)    (ns)     (ns)  
#--------------------------------------------------------------------------------------------
  clk                           -      clk    R     (arrival)      16  0.003   0.002   -0.013  
  clk                           -      -      R     (net)          16      -       -        -  
  count_reg[7]/Q                -      CK->Q  R     DFFRX4          5  0.004   0.326    0.313  
  FE_OFN21_count_7              -      -      R     (net)           5      -       -        -  
  g77_dup/Y                     -      C->Y   F     NAND3X4         1  0.067   0.069    0.382  
  n_360                         -      -      F     (net)           1      -       -        -  
  g2825/Y                       -      B->Y   R     NOR2X4          1  0.060   0.075    0.458  
  n_361                         -      -      R     (net)           1      -       -        -  
  g173/Y                        -      A->Y   F     NAND2X4         1  0.066   0.067    0.525  
  n_520                         -      -      F     (net)           1      -       -        -  
  g172/Y                        -      A->Y   R     CLKINVX8       12  0.050   0.084    0.609  
  n_521                         -      -      R     (net)          12      -       -        -  
  inc_ADD_UNS_OP_g2622__5526/Y  -      A->Y   F     NAND2X2         1  0.075   0.058    0.667  
  inc_ADD_UNS_OP_n_52           -      -      F     (net)           1      -       -        -  
  g31/Y                         -      B->Y   R     NAND2X2         1  0.037   0.046    0.714  
  n_428                         -      -      R     (net)           1      -       -        -  
  g2883/Y                       -      B->Y   F     NAND2X2         1  0.043   0.036    0.750  
  n_429                         -      -      F     (net)           1      -       -        -  
  count_reg[11]/D               -      D      F     DFFRX4          1  0.023   0.000    0.750  
#--------------------------------------------------------------------------------------------
     Other End Path:

#------------------------------------------------------------------------------
# Timing Point      Flags  Arc  Edge  Cell       Fanout  Trans   Delay  Arrival  
#                                                         (ns)    (ns)     (ns)  
#------------------------------------------------------------------------------
  clk               -      clk  R     (arrival)      16  0.003   0.002    0.987  
  clk               -      -    R     (net)          16      -       -        -  
  count_reg[11]/CK  -      CK   R     DFFRX4         16  0.004   0.000    0.987  
#------------------------------------------------------------------------------

