###############################################################
#  Generated by:      Cadence Innovus 25.11-s102_1
#  OS:                Linux x86_64(Host ID ece-rschsrv.ece.gatech.edu)
#  Generated on:      Sat Feb 14 12:50:10 2026
#  Design:            counter_16bit
#  Command:           report_constraint -late -all_violators -drv_violation_type {max_capacitance max_transition max_fanout} > reports/cts/setup.all_violators.rpt
###############################################################
# format : frame 0 : split 0

max_delay/setup
---------------------------
      -------------------------------------------------------------------------------------------------------------------------------------------  
       End Point                                  Slack                                         Cause                                       View   
      -------------------------------------------------------------------------------------------------------------------------------------------  
      count_reg[11]/D f                          -0.098     VIOLATED                                   tt_v1.8_25C_Nominal_25_func
      count_reg[15]/D f                          -0.095     VIOLATED                                   tt_v1.8_25C_Nominal_25_func
      count_reg[14]/D f                          -0.090     VIOLATED                                   tt_v1.8_25C_Nominal_25_func
      count_reg[13]/D f                          -0.086     VIOLATED                                   tt_v1.8_25C_Nominal_25_func
      count_reg[12]/D f                          -0.084     VIOLATED                                   tt_v1.8_25C_Nominal_25_func
      count_reg[6]/D r                           -0.077     VIOLATED                                   tt_v1.8_25C_Nominal_25_func
      count_reg[8]/D r                           -0.075     VIOLATED                                   tt_v1.8_25C_Nominal_25_func
      count_reg[5]/D f                           -0.073     VIOLATED                                   tt_v1.8_25C_Nominal_25_func
      count_reg[7]/D f                           -0.066     VIOLATED                                   tt_v1.8_25C_Nominal_25_func
      count_reg[9]/D f                           -0.063     VIOLATED                                   tt_v1.8_25C_Nominal_25_func
      count_reg[3]/D r                           -0.057     VIOLATED                                   tt_v1.8_25C_Nominal_25_func
      count_reg[4]/D f                           -0.044     VIOLATED                                   tt_v1.8_25C_Nominal_25_func
      count_reg[10]/D r                          -0.022     VIOLATED                                   tt_v1.8_25C_Nominal_25_func
      count_reg[1]/D f                           -0.013     VIOLATED                                   tt_v1.8_25C_Nominal_25_func
      count_reg[2]/D r                           -0.002     VIOLATED                                   tt_v1.8_25C_Nominal_25_func
      -------------------------------------------------------------------------------------------------------------------------------------------

Check type : max_capacitance
---------------------------
 No Violations found

Check type : max_transition
---------------------------
 No Violations found

Check type : max_fanout
---------------------------
 No Violations found
