###############################################################
#  Generated by:      Cadence Innovus 25.11-s102_1
#  OS:                Linux x86_64(Host ID ece-rschsrv.ece.gatech.edu)
#  Generated on:      Sat Feb 14 12:50:18 2026
#  Design:            counter_16bit
#  Command:           report_timing -max_paths 500 -nworst 1 -path_type full_clock      > [file join [get_db flow_report_directory] [get_db flow_report_name] setup.gba.rpt]
###############################################################
Path 1: VIOLATED (-0.098 ns) Setup Check with Pin count_reg[11]/CK->D
               View: tt_v1.8_25C_Nominal_25_func
              Group: core_clock
         Startpoint: (R) count_reg[7]/CK
              Clock: (R) core_clock
           Endpoint: (F) count_reg[11]/D
              Clock: (R) core_clock

                       Capture       Launch
         Clock Edge:+    1.000        0.000
        Src Latency:+   -0.015       -0.015
        Net Latency:+    0.002 (P)    0.002 (P)
            Arrival:=    0.987       -0.013

              Setup:-    0.084
        Uncertainty:-    0.250
        Cppr Adjust:+    0.000
      Required Time:=    0.652
       Launch Clock:=   -0.013
          Data Path:+    0.763
              Slack:=   -0.098
     Timing Path:

#--------------------------------------------------------------------------------------------
# Timing Point                  Flags  Arc    Edge  Cell       Fanout  Trans   Delay  Arrival  
#                                                                       (ns)    (ns)     (ns)  
#--------------------------------------------------------------------------------------------
  clk                           -      clk    R     (arrival)      16  0.003   0.002   -0.013  
  count_reg[7]/Q                -      CK->Q  R     DFFRX4          5  0.004   0.326    0.313  
  g77_dup/Y                     -      C->Y   F     NAND3X4         1  0.067   0.069    0.382  
  g2825/Y                       -      B->Y   R     NOR2X4          1  0.060   0.075    0.458  
  g173/Y                        -      A->Y   F     NAND2X4         1  0.066   0.067    0.525  
  g172/Y                        -      A->Y   R     CLKINVX8       12  0.050   0.084    0.609  
  inc_ADD_UNS_OP_g2622__5526/Y  -      A->Y   F     NAND2X2         1  0.075   0.058    0.667  
  g31/Y                         -      B->Y   R     NAND2X2         1  0.037   0.046    0.714  
  g2883/Y                       -      B->Y   F     NAND2X2         1  0.043   0.036    0.750  
  count_reg[11]/D               -      D      F     DFFRX4          1  0.023   0.000    0.750  
#--------------------------------------------------------------------------------------------
     Other End Path:

#------------------------------------------------------------------------------
# Timing Point      Flags  Arc  Edge  Cell       Fanout  Trans   Delay  Arrival  
#                                                         (ns)    (ns)     (ns)  
#------------------------------------------------------------------------------
  clk               -      clk  R     (arrival)      16  0.003   0.002    0.987  
  count_reg[11]/CK  -      CK   R     DFFRX4         16  0.004   0.000    0.987  
#------------------------------------------------------------------------------
Path 2: VIOLATED (-0.095 ns) Setup Check with Pin count_reg[15]/CK->D
               View: tt_v1.8_25C_Nominal_25_func
              Group: core_clock
         Startpoint: (R) count_reg[7]/CK
              Clock: (R) core_clock
           Endpoint: (F) count_reg[15]/D
              Clock: (R) core_clock

                       Capture       Launch
         Clock Edge:+    1.000        0.000
        Src Latency:+   -0.015       -0.015
        Net Latency:+    0.002 (P)    0.002 (P)
            Arrival:=    0.987       -0.013

              Setup:-    0.090
        Uncertainty:-    0.250
        Cppr Adjust:+    0.000
      Required Time:=    0.646
       Launch Clock:=   -0.013
          Data Path:+    0.754
              Slack:=   -0.095
     Timing Path:

#-------------------------------------------------------------------------------
# Timing Point     Flags  Arc    Edge  Cell       Fanout  Trans   Delay  Arrival  
#                                                          (ns)    (ns)     (ns)  
#-------------------------------------------------------------------------------
  clk              -      clk    R     (arrival)      16  0.003   0.002   -0.013  
  count_reg[7]/Q   -      CK->Q  R     DFFRX4          5  0.004   0.326    0.313  
  g77_dup/Y        -      C->Y   F     NAND3X4         1  0.067   0.069    0.382  
  g2825/Y          -      B->Y   R     NOR2X4          1  0.060   0.075    0.458  
  g173/Y           -      A->Y   F     NAND2X4         1  0.066   0.067    0.525  
  g172/Y           -      A->Y   R     CLKINVX8       12  0.050   0.084    0.609  
  g170/Y           -      A->Y   F     NAND2X4         1  0.075   0.047    0.656  
  cts_FE_RC_2_0/Y  -      A->Y   R     INVX2           1  0.030   0.039    0.696  
  cts_FE_RC_4_0/Y  -      A1->Y  F     OAI21X2         1  0.030   0.045    0.741  
  count_reg[15]/D  -      D      F     DFFRX4          1  0.036   0.000    0.741  
#-------------------------------------------------------------------------------
     Other End Path:

#------------------------------------------------------------------------------
# Timing Point      Flags  Arc  Edge  Cell       Fanout  Trans   Delay  Arrival  
#                                                         (ns)    (ns)     (ns)  
#------------------------------------------------------------------------------
  clk               -      clk  R     (arrival)      16  0.003   0.002    0.987  
  count_reg[15]/CK  -      CK   R     DFFRX4         16  0.004   0.000    0.987  
#------------------------------------------------------------------------------
Path 3: VIOLATED (-0.090 ns) Setup Check with Pin count_reg[14]/CK->D
               View: tt_v1.8_25C_Nominal_25_func
              Group: core_clock
         Startpoint: (R) count_reg[7]/CK
              Clock: (R) core_clock
           Endpoint: (F) count_reg[14]/D
              Clock: (R) core_clock

                       Capture       Launch
         Clock Edge:+    1.000        0.000
        Src Latency:+   -0.015       -0.015
        Net Latency:+    0.002 (P)    0.002 (P)
            Arrival:=    0.987       -0.013

              Setup:-    0.086
        Uncertainty:-    0.250
        Cppr Adjust:+    0.000
      Required Time:=    0.651
       Launch Clock:=   -0.013
          Data Path:+    0.754
              Slack:=   -0.090
     Timing Path:

#--------------------------------------------------------------------------------------------
# Timing Point                  Flags  Arc    Edge  Cell       Fanout  Trans   Delay  Arrival  
#                                                                       (ns)    (ns)     (ns)  
#--------------------------------------------------------------------------------------------
  clk                           -      clk    R     (arrival)      16  0.003   0.002   -0.013  
  count_reg[7]/Q                -      CK->Q  R     DFFRX4          5  0.004   0.326    0.313  
  g77_dup/Y                     -      C->Y   F     NAND3X4         1  0.067   0.069    0.382  
  g2825/Y                       -      B->Y   R     NOR2X4          1  0.060   0.075    0.458  
  g173/Y                        -      A->Y   F     NAND2X4         1  0.066   0.067    0.525  
  g172/Y                        -      A->Y   R     CLKINVX8       12  0.050   0.083    0.608  
  inc_ADD_UNS_OP_g2619__6260/Y  -      A->Y   F     NAND2X2         1  0.075   0.057    0.665  
  inc_ADD_UNS_OP_g2605__5115/Y  -      B->Y   R     NAND2X2         1  0.035   0.039    0.704  
  inc_ADD_UNS_OP_g2603__1881/Y  -      B->Y   F     NAND2X1         1  0.034   0.037    0.741  
  count_reg[14]/D               -      D      F     DFFRX4          1  0.026   0.000    0.741  
#--------------------------------------------------------------------------------------------
     Other End Path:

#------------------------------------------------------------------------------
# Timing Point      Flags  Arc  Edge  Cell       Fanout  Trans   Delay  Arrival  
#                                                         (ns)    (ns)     (ns)  
#------------------------------------------------------------------------------
  clk               -      clk  R     (arrival)      16  0.003   0.002    0.987  
  count_reg[14]/CK  -      CK   R     DFFRX4         16  0.004   0.000    0.987  
#------------------------------------------------------------------------------
Path 4: VIOLATED (-0.086 ns) Setup Check with Pin count_reg[13]/CK->D
               View: tt_v1.8_25C_Nominal_25_func
              Group: core_clock
         Startpoint: (R) count_reg[7]/CK
              Clock: (R) core_clock
           Endpoint: (F) count_reg[13]/D
              Clock: (R) core_clock

                       Capture       Launch
         Clock Edge:+    1.000        0.000
        Src Latency:+   -0.015       -0.015
        Net Latency:+    0.001 (P)    0.002 (P)
            Arrival:=    0.986       -0.013

              Setup:-    0.086
        Uncertainty:-    0.250
        Cppr Adjust:+    0.000
      Required Time:=    0.651
       Launch Clock:=   -0.013
          Data Path:+    0.750
              Slack:=   -0.086
     Timing Path:

#--------------------------------------------------------------------------------------------
# Timing Point                  Flags  Arc    Edge  Cell       Fanout  Trans   Delay  Arrival  
#                                                                       (ns)    (ns)     (ns)  
#--------------------------------------------------------------------------------------------
  clk                           -      clk    R     (arrival)      16  0.003   0.002   -0.013  
  count_reg[7]/Q                -      CK->Q  R     DFFRX4          5  0.004   0.326    0.313  
  g77_dup/Y                     -      C->Y   F     NAND3X4         1  0.067   0.069    0.382  
  g2825/Y                       -      B->Y   R     NOR2X4          1  0.060   0.075    0.458  
  g173/Y                        -      A->Y   F     NAND2X4         1  0.066   0.067    0.525  
  g172/Y                        -      A->Y   R     CLKINVX8       12  0.050   0.084    0.609  
  g15/Y                         -      A->Y   F     NAND2X2         1  0.075   0.056    0.665  
  g14/Y                         -      B->Y   R     NAND2X2         1  0.033   0.036    0.701  
  inc_ADD_UNS_OP_g2599__5122/Y  -      B->Y   F     NAND2X1         1  0.032   0.036    0.737  
  count_reg[13]/D               -      D      F     DFFRX4          1  0.026   0.000    0.737  
#--------------------------------------------------------------------------------------------
     Other End Path:

#------------------------------------------------------------------------------
# Timing Point      Flags  Arc  Edge  Cell       Fanout  Trans   Delay  Arrival  
#                                                         (ns)    (ns)     (ns)  
#------------------------------------------------------------------------------
  clk               -      clk  R     (arrival)      16  0.003   0.001    0.986  
  count_reg[13]/CK  -      CK   R     DFFRX4         16  0.004   0.000    0.986  
#------------------------------------------------------------------------------
Path 5: VIOLATED (-0.084 ns) Setup Check with Pin count_reg[12]/CK->D
               View: tt_v1.8_25C_Nominal_25_func
              Group: core_clock
         Startpoint: (R) count_reg[7]/CK
              Clock: (R) core_clock
           Endpoint: (F) count_reg[12]/D
              Clock: (R) core_clock

                       Capture       Launch
         Clock Edge:+    1.000        0.000
        Src Latency:+   -0.015       -0.015
        Net Latency:+    0.001 (P)    0.002 (P)
            Arrival:=    0.987       -0.013

              Setup:-    0.085
        Uncertainty:-    0.250
        Cppr Adjust:+    0.000
      Required Time:=    0.651
       Launch Clock:=   -0.013
          Data Path:+    0.749
              Slack:=   -0.084
     Timing Path:

#--------------------------------------------------------------------------------
# Timing Point      Flags  Arc    Edge  Cell       Fanout  Trans   Delay  Arrival  
#                                                           (ns)    (ns)     (ns)  
#--------------------------------------------------------------------------------
  clk               -      clk    R     (arrival)      16  0.003   0.002   -0.013  
  count_reg[7]/Q    -      CK->Q  R     DFFRX4          5  0.004   0.326    0.313  
  g77_dup/Y         -      C->Y   F     NAND3X4         1  0.067   0.069    0.382  
  g2825/Y           -      B->Y   R     NOR2X4          1  0.060   0.075    0.458  
  g173/Y            -      A->Y   F     NAND2X4         1  0.066   0.067    0.525  
  g172/Y            -      A->Y   R     CLKINVX8       12  0.050   0.083    0.608  
  cts_FE_RC_31_0/Y  -      A->Y   F     NAND2X4         1  0.075   0.049    0.657  
  cts_FE_RC_30_0/Y  -      B->Y   R     NAND2X2         1  0.027   0.041    0.698  
  cts_FE_RC_29_0/Y  -      B->Y   F     NAND2X2         1  0.039   0.038    0.736  
  count_reg[12]/D   -      D      F     DFFRX4          1  0.025   0.000    0.736  
#--------------------------------------------------------------------------------
     Other End Path:

#------------------------------------------------------------------------------
# Timing Point      Flags  Arc  Edge  Cell       Fanout  Trans   Delay  Arrival  
#                                                         (ns)    (ns)     (ns)  
#------------------------------------------------------------------------------
  clk               -      clk  R     (arrival)      16  0.003   0.001    0.987  
  count_reg[12]/CK  -      CK   R     DFFRX4         16  0.004   0.000    0.987  
#------------------------------------------------------------------------------
Path 6: VIOLATED (-0.077 ns) Setup Check with Pin count_reg[6]/CK->D
               View: tt_v1.8_25C_Nominal_25_func
              Group: core_clock
         Startpoint: (R) count_reg[0]/CK
              Clock: (R) core_clock
           Endpoint: (R) count_reg[6]/D
              Clock: (R) core_clock

                       Capture       Launch
         Clock Edge:+    1.000        0.000
        Src Latency:+   -0.015       -0.015
        Net Latency:+    0.002 (P)    0.002 (P)
            Arrival:=    0.987       -0.013

              Setup:-    0.100
        Uncertainty:-    0.250
        Cppr Adjust:+    0.000
      Required Time:=    0.638
       Launch Clock:=   -0.013
          Data Path:+    0.728
              Slack:=   -0.077
     Timing Path:

#---------------------------------------------------------------------------------------
# Timing Point             Flags  Arc    Edge  Cell       Fanout  Trans   Delay  Arrival  
#                                                                  (ns)    (ns)     (ns)  
#---------------------------------------------------------------------------------------
  clk                      -      clk    R     (arrival)      16  0.003   0.002   -0.013  
  count_reg[0]/Q           -      CK->Q  R     DFFRX4          4  0.004   0.328    0.314  
  g2931/Y                  -      A->Y   F     NAND2X4         2  0.069   0.072    0.386  
  prects_FE_DBTC0_n_527/Y  -      A->Y   R     INVX4           1  0.077   0.059    0.445  
  prects_FE_RC_16_0/Y      -      C->Y   F     NAND3X4         2  0.042   0.063    0.507  
  g9/Y                     -      A->Y   R     INVX4           2  0.056   0.068    0.575  
  g8/Y                     -      B->Y   F     NAND2X4         2  0.054   0.051    0.626  
  prects_FE_RC_0_0/Y       -      A1->Y  R     OAI21X2         1  0.035   0.089    0.715  
  count_reg[6]/D           -      D      R     DFFRX4          1  0.086   0.000    0.715  
#---------------------------------------------------------------------------------------
     Other End Path:

#-----------------------------------------------------------------------------
# Timing Point     Flags  Arc  Edge  Cell       Fanout  Trans   Delay  Arrival  
#                                                        (ns)    (ns)     (ns)  
#-----------------------------------------------------------------------------
  clk              -      clk  R     (arrival)      16  0.003   0.002    0.987  
  count_reg[6]/CK  -      CK   R     DFFRX4         16  0.004   0.000    0.987  
#-----------------------------------------------------------------------------
Path 7: VIOLATED (-0.075 ns) Setup Check with Pin count_reg[8]/CK->D
               View: tt_v1.8_25C_Nominal_25_func
              Group: core_clock
         Startpoint: (R) count_reg[7]/CK
              Clock: (R) core_clock
           Endpoint: (R) count_reg[8]/D
              Clock: (R) core_clock

                       Capture       Launch
         Clock Edge:+    1.000        0.000
        Src Latency:+   -0.015       -0.015
        Net Latency:+    0.001 (P)    0.002 (P)
            Arrival:=    0.987       -0.013

              Setup:-    0.099
        Uncertainty:-    0.250
        Cppr Adjust:+    0.000
      Required Time:=    0.638
       Launch Clock:=   -0.013
          Data Path:+    0.726
              Slack:=   -0.075
     Timing Path:

#-----------------------------------------------------------------------------------
# Timing Point         Flags  Arc    Edge  Cell       Fanout  Trans   Delay  Arrival  
#                                                              (ns)    (ns)     (ns)  
#-----------------------------------------------------------------------------------
  clk                  -      clk    R     (arrival)      16  0.003   0.002   -0.013  
  count_reg[7]/Q       -      CK->Q  R     DFFRX4          5  0.004   0.326    0.313  
  g77_dup/Y            -      C->Y   F     NAND3X4         1  0.067   0.069    0.382  
  g2825/Y              -      B->Y   R     NOR2X4          1  0.060   0.075    0.458  
  g173/Y               -      A->Y   F     NAND2X4         1  0.066   0.067    0.525  
  g172/Y               -      A->Y   R     CLKINVX8       12  0.050   0.084    0.609  
  prects_FE_RC_45_0/Y  -      A->Y   F     NAND2X1         1  0.075   0.058    0.667  
  cts_FE_RC_9_0/Y      -      B0->Y  R     OAI21X1         1  0.036   0.046    0.713  
  count_reg[8]/D       -      D      R     DFFRX4          1  0.084   0.000    0.713  
#-----------------------------------------------------------------------------------
     Other End Path:

#-----------------------------------------------------------------------------
# Timing Point     Flags  Arc  Edge  Cell       Fanout  Trans   Delay  Arrival  
#                                                        (ns)    (ns)     (ns)  
#-----------------------------------------------------------------------------
  clk              -      clk  R     (arrival)      16  0.003   0.001    0.987  
  count_reg[8]/CK  -      CK   R     DFFRX4         16  0.004   0.000    0.987  
#-----------------------------------------------------------------------------
Path 8: VIOLATED (-0.073 ns) Setup Check with Pin count_reg[5]/CK->D
               View: tt_v1.8_25C_Nominal_25_func
              Group: core_clock
         Startpoint: (R) count_reg[0]/CK
              Clock: (R) core_clock
           Endpoint: (F) count_reg[5]/D
              Clock: (R) core_clock

                       Capture       Launch
         Clock Edge:+    1.000        0.000
        Src Latency:+   -0.015       -0.015
        Net Latency:+    0.002 (P)    0.002 (P)
            Arrival:=    0.987       -0.013

              Setup:-    0.088
        Uncertainty:-    0.250
        Cppr Adjust:+    0.000
      Required Time:=    0.649
       Launch Clock:=   -0.013
          Data Path:+    0.735
              Slack:=   -0.073
     Timing Path:

#--------------------------------------------------------------------------------------------
# Timing Point                  Flags  Arc    Edge  Cell       Fanout  Trans   Delay  Arrival  
#                                                                       (ns)    (ns)     (ns)  
#--------------------------------------------------------------------------------------------
  clk                           -      clk    R     (arrival)      16  0.003   0.002   -0.013  
  count_reg[0]/Q                -      CK->Q  R     DFFRX4          4  0.004   0.328    0.314  
  g2931/Y                       -      A->Y   F     NAND2X4         2  0.069   0.072    0.386  
  prects_FE_DBTC0_n_527/Y       -      A->Y   R     INVX4           1  0.077   0.059    0.445  
  prects_FE_RC_16_0/Y           -      C->Y   F     NAND3X4         2  0.042   0.063    0.507  
  g9/Y                          -      A->Y   R     INVX4           2  0.056   0.068    0.575  
  inc_ADD_UNS_OP_g2593__6783/Y  -      B->Y   F     NAND2X4         2  0.054   0.055    0.630  
  prects_FE_RC_6_0/Y            -      B->Y   R     NAND2X2         1  0.039   0.045    0.675  
  prects_FE_RC_15_0/Y           -      B0->Y  F     OAI21X2         1  0.038   0.047    0.722  
  count_reg[5]/D                -      D      F     DFFRX4          1  0.032   0.000    0.722  
#--------------------------------------------------------------------------------------------
     Other End Path:

#-----------------------------------------------------------------------------
# Timing Point     Flags  Arc  Edge  Cell       Fanout  Trans   Delay  Arrival  
#                                                        (ns)    (ns)     (ns)  
#-----------------------------------------------------------------------------
  clk              -      clk  R     (arrival)      16  0.003   0.002    0.987  
  count_reg[5]/CK  -      CK   R     DFFRX4         16  0.004   0.000    0.987  
#-----------------------------------------------------------------------------
Path 9: VIOLATED (-0.066 ns) Setup Check with Pin count_reg[7]/CK->D
               View: tt_v1.8_25C_Nominal_25_func
              Group: core_clock
         Startpoint: (R) count_reg[3]/CK
              Clock: (R) core_clock
           Endpoint: (F) count_reg[7]/D
              Clock: (R) core_clock

                       Capture       Launch
         Clock Edge:+    1.000        0.000
        Src Latency:+   -0.015       -0.015
        Net Latency:+    0.002 (P)    0.002 (P)
            Arrival:=    0.987       -0.013

              Setup:-    0.104
        Uncertainty:-    0.250
        Cppr Adjust:+    0.000
      Required Time:=    0.633
       Launch Clock:=   -0.013
          Data Path:+    0.711
              Slack:=   -0.066
     Timing Path:

#------------------------------------------------------------------------------
# Timing Point    Flags  Arc    Edge  Cell       Fanout  Trans   Delay  Arrival  
#                                                         (ns)    (ns)     (ns)  
#------------------------------------------------------------------------------
  clk             -      clk    R     (arrival)      16  0.003   0.002   -0.013  
  count_reg[3]/Q  -      CK->Q  R     DFFRX4          3  0.004   0.313    0.300  
  g11/Y           -      A->Y   R     CLKAND2X2       2  0.054   0.118    0.418  
  g54/Y           -      B->Y   R     CLKAND2X2       2  0.067   0.114    0.532  
  g425/Y          -      A->Y   F     CLKINVX2        1  0.058   0.039    0.571  
  g2980/Y         -      B->Y   R     NAND2X2         1  0.026   0.039    0.610  
  g416/Y          -      B->Y   F     NAND4X2         1  0.040   0.089    0.699  
  count_reg[7]/D  -      D      F     DFFRX4          1  0.070   0.000    0.699  
#------------------------------------------------------------------------------
     Other End Path:

#-----------------------------------------------------------------------------
# Timing Point     Flags  Arc  Edge  Cell       Fanout  Trans   Delay  Arrival  
#                                                        (ns)    (ns)     (ns)  
#-----------------------------------------------------------------------------
  clk              -      clk  R     (arrival)      16  0.003   0.002    0.987  
  count_reg[7]/CK  -      CK   R     DFFRX4         16  0.004   0.000    0.987  
#-----------------------------------------------------------------------------
Path 10: VIOLATED (-0.063 ns) Setup Check with Pin count_reg[9]/CK->D
               View: tt_v1.8_25C_Nominal_25_func
              Group: core_clock
         Startpoint: (R) count_reg[8]/CK
              Clock: (R) core_clock
           Endpoint: (F) count_reg[9]/D
              Clock: (R) core_clock

                       Capture       Launch
         Clock Edge:+    1.000        0.000
        Src Latency:+   -0.015       -0.015
        Net Latency:+    0.002 (P)    0.002 (P)
            Arrival:=    0.987       -0.013

              Setup:-    0.088
        Uncertainty:-    0.250
        Cppr Adjust:+    0.000
      Required Time:=    0.649
       Launch Clock:=   -0.013
          Data Path:+    0.725
              Slack:=   -0.063
     Timing Path:

#--------------------------------------------------------------------------------------------
# Timing Point                  Flags  Arc    Edge  Cell       Fanout  Trans   Delay  Arrival  
#                                                                       (ns)    (ns)     (ns)  
#--------------------------------------------------------------------------------------------
  clk                           -      clk    R     (arrival)      16  0.003   0.002   -0.013  
  count_reg[8]/Q                -      CK->Q  R     DFFRX4          4  0.004   0.327    0.314  
  cts_FE_OCPC11_count_8/Y       -      A->Y   R     BUFX8           1  0.068   0.097    0.411  
  inc_ADD_UNS_OP_g2646__2894/Y  -      A->Y   F     NAND2X2         2  0.025   0.057    0.467  
  cts_FE_RC_8_0/Y               -      A->Y   R     NOR2X2          1  0.050   0.075    0.542  
  cts_FE_RC_12_0/Y              -      C->Y   F     NAND3X1         1  0.052   0.067    0.609  
  cts_FE_RC_10_0/Y              -      B->Y   R     NAND2X1         1  0.056   0.058    0.667  
  g38/Y                         -      A->Y   F     NAND2X1         1  0.045   0.045    0.712  
  count_reg[9]/D                -      D      F     DFFRX4          1  0.031   0.000    0.712  
#--------------------------------------------------------------------------------------------
     Other End Path:

#-----------------------------------------------------------------------------
# Timing Point     Flags  Arc  Edge  Cell       Fanout  Trans   Delay  Arrival  
#                                                        (ns)    (ns)     (ns)  
#-----------------------------------------------------------------------------
  clk              -      clk  R     (arrival)      16  0.003   0.002    0.987  
  count_reg[9]/CK  -      CK   R     DFFRX4         16  0.004   0.000    0.987  
#-----------------------------------------------------------------------------
Path 11: VIOLATED (-0.057 ns) Setup Check with Pin count_reg[3]/CK->D
               View: tt_v1.8_25C_Nominal_25_func
              Group: core_clock
         Startpoint: (R) count_reg[0]/CK
              Clock: (R) core_clock
           Endpoint: (R) count_reg[3]/D
              Clock: (R) core_clock

                       Capture       Launch
         Clock Edge:+    1.000        0.000
        Src Latency:+   -0.015       -0.015
        Net Latency:+    0.002 (P)    0.002 (P)
            Arrival:=    0.987       -0.013

              Setup:-    0.087
        Uncertainty:-    0.250
        Cppr Adjust:+    0.000
      Required Time:=    0.650
       Launch Clock:=   -0.013
          Data Path:+    0.720
              Slack:=   -0.057
     Timing Path:

#-----------------------------------------------------------------------------------------------
# Timing Point                     Flags  Arc    Edge  Cell       Fanout  Trans   Delay  Arrival  
#                                                                          (ns)    (ns)     (ns)  
#-----------------------------------------------------------------------------------------------
  clk                              -      clk    R     (arrival)      16  0.003   0.002   -0.013  
  count_reg[0]/Q                   -      CK->Q  R     DFFRX4          4  0.004   0.328    0.314  
  g2931/Y                          -      A->Y   F     NAND2X4         2  0.069   0.072    0.386  
  cts_prects_FE_DBTC0_n_527_dup/Y  -      A->Y   R     INVX4           4  0.077   0.081    0.467  
  inc_ADD_UNS_OP_g2626__1617/Y     -      A->Y   F     NAND2X4         3  0.063   0.063    0.530  
  inc_ADD_UNS_OP_g2604/Y           -      A->Y   R     INVX4           2  0.043   0.041    0.571  
  prects_FE_RC_29_0/Y              -      C->Y   F     NAND3X1         1  0.028   0.068    0.639  
  g95/Y                            -      A->Y   R     NAND2X2         1  0.069   0.068    0.707  
  count_reg[3]/D                   -      D      R     DFFRX4          1  0.047   0.000    0.707  
#-----------------------------------------------------------------------------------------------
     Other End Path:

#-----------------------------------------------------------------------------
# Timing Point     Flags  Arc  Edge  Cell       Fanout  Trans   Delay  Arrival  
#                                                        (ns)    (ns)     (ns)  
#-----------------------------------------------------------------------------
  clk              -      clk  R     (arrival)      16  0.003   0.002    0.987  
  count_reg[3]/CK  -      CK   R     DFFRX4         16  0.004   0.000    0.987  
#-----------------------------------------------------------------------------
Path 12: VIOLATED (-0.044 ns) Setup Check with Pin count_reg[4]/CK->D
               View: tt_v1.8_25C_Nominal_25_func
              Group: core_clock
         Startpoint: (R) count_reg[0]/CK
              Clock: (R) core_clock
           Endpoint: (F) count_reg[4]/D
              Clock: (R) core_clock

                       Capture       Launch
         Clock Edge:+    1.000        0.000
        Src Latency:+   -0.015       -0.015
        Net Latency:+    0.002 (P)    0.002 (P)
            Arrival:=    0.987       -0.013

              Setup:-    0.093
        Uncertainty:-    0.250
        Cppr Adjust:+    0.000
      Required Time:=    0.644
       Launch Clock:=   -0.013
          Data Path:+    0.700
              Slack:=   -0.044
     Timing Path:

#---------------------------------------------------------------------------------------
# Timing Point             Flags  Arc    Edge  Cell       Fanout  Trans   Delay  Arrival  
#                                                                  (ns)    (ns)     (ns)  
#---------------------------------------------------------------------------------------
  clk                      -      clk    R     (arrival)      16  0.003   0.002   -0.013  
  count_reg[0]/Q           -      CK->Q  R     DFFRX4          4  0.004   0.328    0.314  
  g2931/Y                  -      A->Y   F     NAND2X4         2  0.069   0.072    0.386  
  prects_FE_DBTC0_n_527/Y  -      A->Y   R     INVX4           1  0.077   0.059    0.445  
  prects_FE_RC_16_0/Y      -      C->Y   F     NAND3X4         2  0.042   0.063    0.507  
  cts_FE_RC_28_0/Y         -      A->Y   F     XNOR2X1         1  0.056   0.180    0.687  
  count_reg[4]/D           -      D      F     DFFRX4          1  0.043   0.000    0.687  
#---------------------------------------------------------------------------------------
     Other End Path:

#-----------------------------------------------------------------------------
# Timing Point     Flags  Arc  Edge  Cell       Fanout  Trans   Delay  Arrival  
#                                                        (ns)    (ns)     (ns)  
#-----------------------------------------------------------------------------
  clk              -      clk  R     (arrival)      16  0.003   0.002    0.987  
  count_reg[4]/CK  -      CK   R     DFFRX4         16  0.004   0.000    0.987  
#-----------------------------------------------------------------------------
Path 13: VIOLATED (-0.022 ns) Setup Check with Pin count_reg[10]/CK->D
               View: tt_v1.8_25C_Nominal_25_func
              Group: core_clock
         Startpoint: (R) count_reg[7]/CK
              Clock: (R) core_clock
           Endpoint: (R) count_reg[10]/D
              Clock: (R) core_clock

                       Capture       Launch
         Clock Edge:+    1.000        0.000
        Src Latency:+   -0.015       -0.015
        Net Latency:+    0.002 (P)    0.002 (P)
            Arrival:=    0.987       -0.013

              Setup:-    0.087
        Uncertainty:-    0.250
        Cppr Adjust:+    0.000
      Required Time:=    0.650
       Launch Clock:=   -0.013
          Data Path:+    0.685
              Slack:=   -0.022
     Timing Path:

#--------------------------------------------------------------------------------
# Timing Point      Flags  Arc    Edge  Cell       Fanout  Trans   Delay  Arrival  
#                                                           (ns)    (ns)     (ns)  
#--------------------------------------------------------------------------------
  clk               -      clk    R     (arrival)      16  0.003   0.002   -0.013  
  count_reg[7]/Q    -      CK->Q  F     DFFRX4          5  0.004   0.287    0.274  
  cts_FE_RC_34_0/Y  -      A->Y   F     CLKAND2X2       1  0.043   0.122    0.396  
  cts_FE_RC_33_0/Y  -      A->Y   F     CLKAND2X2       2  0.025   0.128    0.524  
  cts_FE_RC_20_0/Y  -      D->Y   R     NAND4X1         1  0.034   0.049    0.573  
  cts_FE_RC_22_0/Y  -      A->Y   F     NAND2X1         1  0.056   0.053    0.626  
  cts_FE_RC_21_0/Y  -      B->Y   R     NAND2X1         1  0.033   0.046    0.672  
  count_reg[10]/D   -      D      R     DFFRX4          1  0.045   0.000    0.672  
#--------------------------------------------------------------------------------
     Other End Path:

#------------------------------------------------------------------------------
# Timing Point      Flags  Arc  Edge  Cell       Fanout  Trans   Delay  Arrival  
#                                                         (ns)    (ns)     (ns)  
#------------------------------------------------------------------------------
  clk               -      clk  R     (arrival)      16  0.003   0.002    0.987  
  count_reg[10]/CK  -      CK   R     DFFRX4         16  0.004   0.000    0.987  
#------------------------------------------------------------------------------
Path 14: VIOLATED (-0.013 ns) Setup Check with Pin count_reg[1]/CK->D
               View: tt_v1.8_25C_Nominal_25_func
              Group: core_clock
         Startpoint: (R) count_reg[0]/CK
              Clock: (R) core_clock
           Endpoint: (F) count_reg[1]/D
              Clock: (R) core_clock

                       Capture       Launch
         Clock Edge:+    1.000        0.000
        Src Latency:+   -0.015       -0.015
        Net Latency:+    0.002 (P)    0.002 (P)
            Arrival:=    0.987       -0.013

              Setup:-    0.093
        Uncertainty:-    0.250
        Cppr Adjust:+    0.000
      Required Time:=    0.644
       Launch Clock:=   -0.013
          Data Path:+    0.670
              Slack:=   -0.013
     Timing Path:

#-----------------------------------------------------------------------------------------------
# Timing Point                     Flags  Arc    Edge  Cell       Fanout  Trans   Delay  Arrival  
#                                                                          (ns)    (ns)     (ns)  
#-----------------------------------------------------------------------------------------------
  clk                              -      clk    R     (arrival)      16  0.003   0.002   -0.013  
  count_reg[0]/Q                   -      CK->Q  R     DFFRX4          4  0.004   0.328    0.314  
  g2931/Y                          -      A->Y   F     NAND2X4         2  0.069   0.072    0.386  
  cts_prects_FE_DBTC0_n_527_dup/Y  -      A->Y   R     INVX4           4  0.077   0.081    0.467  
  inc_ADD_UNS_OP_g2623__6783/Y     -      B->Y   F     CLKXOR2X1       1  0.063   0.190    0.657  
  count_reg[1]/D                   -      D      F     DFFRX4          1  0.042   0.000    0.657  
#-----------------------------------------------------------------------------------------------
     Other End Path:

#-----------------------------------------------------------------------------
# Timing Point     Flags  Arc  Edge  Cell       Fanout  Trans   Delay  Arrival  
#                                                        (ns)    (ns)     (ns)  
#-----------------------------------------------------------------------------
  clk              -      clk  R     (arrival)      16  0.003   0.002    0.987  
  count_reg[1]/CK  -      CK   R     DFFRX4         16  0.004   0.000    0.987  
#-----------------------------------------------------------------------------
Path 15: VIOLATED (-0.002 ns) Setup Check with Pin count_reg[2]/CK->D
               View: tt_v1.8_25C_Nominal_25_func
              Group: core_clock
         Startpoint: (R) count_reg[0]/CK
              Clock: (R) core_clock
           Endpoint: (R) count_reg[2]/D
              Clock: (R) core_clock

                       Capture       Launch
         Clock Edge:+    1.000        0.000
        Src Latency:+   -0.015       -0.015
        Net Latency:+    0.002 (P)    0.002 (P)
            Arrival:=    0.987       -0.013

              Setup:-    0.105
        Uncertainty:-    0.250
        Cppr Adjust:+    0.000
      Required Time:=    0.632
       Launch Clock:=   -0.013
          Data Path:+    0.647
              Slack:=   -0.002
     Timing Path:

#-----------------------------------------------------------------------------------------------
# Timing Point                     Flags  Arc    Edge  Cell       Fanout  Trans   Delay  Arrival  
#                                                                          (ns)    (ns)     (ns)  
#-----------------------------------------------------------------------------------------------
  clk                              -      clk    R     (arrival)      16  0.003   0.002   -0.013  
  count_reg[0]/Q                   -      CK->Q  R     DFFRX4          4  0.004   0.328    0.314  
  g2931/Y                          -      A->Y   F     NAND2X4         2  0.069   0.072    0.386  
  cts_prects_FE_DBTC0_n_527_dup/Y  -      A->Y   R     INVX4           4  0.077   0.081    0.467  
  inc_ADD_UNS_OP_g2626__1617/Y     -      A->Y   F     NAND2X4         3  0.063   0.063    0.530  
  prects_FE_RC_38_0/Y              -      A1->Y  R     OAI21X1         1  0.043   0.104    0.634  
  count_reg[2]/D                   -      D      R     DFFRX4          1  0.103   0.000    0.634  
#-----------------------------------------------------------------------------------------------
     Other End Path:

#-----------------------------------------------------------------------------
# Timing Point     Flags  Arc  Edge  Cell       Fanout  Trans   Delay  Arrival  
#                                                        (ns)    (ns)     (ns)  
#-----------------------------------------------------------------------------
  clk              -      clk  R     (arrival)      16  0.003   0.002    0.987  
  count_reg[2]/CK  -      CK   R     DFFRX4         16  0.004   0.000    0.987  
#-----------------------------------------------------------------------------
Path 16: MET (0.074 ns) Setup Check with Pin count_reg[0]/CK->D
               View: tt_v1.8_25C_Nominal_25_func
              Group: core_clock
         Startpoint: (R) count_reg[0]/CK
              Clock: (R) core_clock
           Endpoint: (F) count_reg[0]/D
              Clock: (R) core_clock

                       Capture       Launch
         Clock Edge:+    1.000        0.000
        Src Latency:+   -0.015       -0.015
        Net Latency:+    0.002 (P)    0.002 (P)
            Arrival:=    0.987       -0.013

              Setup:-    0.093
        Uncertainty:-    0.250
        Cppr Adjust:+    0.000
      Required Time:=    0.644
       Launch Clock:=   -0.013
          Data Path:+    0.583
              Slack:=    0.074
     Timing Path:

#----------------------------------------------------------------------------------------------
# Timing Point                    Flags  Arc    Edge  Cell       Fanout  Trans   Delay  Arrival  
#                                                                         (ns)    (ns)     (ns)  
#----------------------------------------------------------------------------------------------
  clk                             -      clk    R     (arrival)      16  0.003   0.002   -0.013  
  count_reg[0]/Q                  -      CK->Q  R     DFFRX4          4  0.004   0.328    0.314  
  cts_FE_OCPC0_count_0/Y          -      A->Y   R     BUFX2           3  0.069   0.121    0.435  
  prects_FE_DBTC9_count_0__102/Y  -      A->Y   F     INVX2           1  0.057   0.029    0.464  
  g4/Y                            -      A->Y   R     NAND2X1         1  0.019   0.046    0.511  
  g5/Y                            -      B->Y   F     NAND2X1         1  0.075   0.059    0.570  
  count_reg[0]/D                  -      D      F     DFFRX4          1  0.043   0.000    0.570  
#----------------------------------------------------------------------------------------------
     Other End Path:

#-----------------------------------------------------------------------------
# Timing Point     Flags  Arc  Edge  Cell       Fanout  Trans   Delay  Arrival  
#                                                        (ns)    (ns)     (ns)  
#-----------------------------------------------------------------------------
  clk              -      clk  R     (arrival)      16  0.003   0.002    0.987  
  count_reg[0]/CK  -      CK   R     DFFRX4         16  0.004   0.000    0.987  
#-----------------------------------------------------------------------------
Path 17: MET (0.778 ns) Recovery Check with Pin count_reg[6]/CK->RN
               View: tt_v1.8_25C_Nominal_25_func
              Group: async_default
         Startpoint: (R) rst_n
              Clock:
           Endpoint: (R) count_reg[6]/RN
              Clock: (R) core_clock

                       Capture       Launch
         Clock Edge:+    1.000        0.000
        Src Latency:+   -0.015        0.000
        Net Latency:+    0.002 (P)    0.000 (I)
            Arrival:=    0.987        0.000

           Recovery:-   -0.101
        Uncertainty:-    0.250
        Cppr Adjust:+    0.000
      Required Time:=    0.838
       Launch Clock:=    0.000
          Data Path:+    0.060
              Slack:=    0.778
     Timing Path:

#-------------------------------------------------------------------------------
# Timing Point     Flags  Arc    Edge  Cell       Fanout  Trans   Delay  Arrival  
#                                                          (ns)    (ns)     (ns)  
#-------------------------------------------------------------------------------
  rst_n            -      rst_n  R     (arrival)      16  0.003   0.060    0.060  
  count_reg[6]/RN  -      RN     R     DFFRX4         16  0.111   0.000    0.060  
#-------------------------------------------------------------------------------
     Other End Path:

#-----------------------------------------------------------------------------
# Timing Point     Flags  Arc  Edge  Cell       Fanout  Trans   Delay  Arrival  
#                                                        (ns)    (ns)     (ns)  
#-----------------------------------------------------------------------------
  clk              -      clk  R     (arrival)      16  0.003   0.002    0.987  
  count_reg[6]/CK  -      CK   R     DFFRX4         16  0.004   0.000    0.987  
#-----------------------------------------------------------------------------
Path 18: MET (0.778 ns) Recovery Check with Pin count_reg[5]/CK->RN
               View: tt_v1.8_25C_Nominal_25_func
              Group: async_default
         Startpoint: (R) rst_n
              Clock:
           Endpoint: (R) count_reg[5]/RN
              Clock: (R) core_clock

                       Capture       Launch
         Clock Edge:+    1.000        0.000
        Src Latency:+   -0.015        0.000
        Net Latency:+    0.002 (P)    0.000 (I)
            Arrival:=    0.987        0.000

           Recovery:-   -0.101
        Uncertainty:-    0.250
        Cppr Adjust:+    0.000
      Required Time:=    0.838
       Launch Clock:=    0.000
          Data Path:+    0.060
              Slack:=    0.778
     Timing Path:

#-------------------------------------------------------------------------------
# Timing Point     Flags  Arc    Edge  Cell       Fanout  Trans   Delay  Arrival  
#                                                          (ns)    (ns)     (ns)  
#-------------------------------------------------------------------------------
  rst_n            -      rst_n  R     (arrival)      16  0.003   0.060    0.060  
  count_reg[5]/RN  -      RN     R     DFFRX4         16  0.111   0.000    0.060  
#-------------------------------------------------------------------------------
     Other End Path:

#-----------------------------------------------------------------------------
# Timing Point     Flags  Arc  Edge  Cell       Fanout  Trans   Delay  Arrival  
#                                                        (ns)    (ns)     (ns)  
#-----------------------------------------------------------------------------
  clk              -      clk  R     (arrival)      16  0.003   0.002    0.987  
  count_reg[5]/CK  -      CK   R     DFFRX4         16  0.004   0.000    0.987  
#-----------------------------------------------------------------------------
Path 19: MET (0.778 ns) Recovery Check with Pin count_reg[2]/CK->RN
               View: tt_v1.8_25C_Nominal_25_func
              Group: async_default
         Startpoint: (R) rst_n
              Clock:
           Endpoint: (R) count_reg[2]/RN
              Clock: (R) core_clock

                       Capture       Launch
         Clock Edge:+    1.000        0.000
        Src Latency:+   -0.015        0.000
        Net Latency:+    0.002 (P)    0.000 (I)
            Arrival:=    0.987        0.000

           Recovery:-   -0.101
        Uncertainty:-    0.250
        Cppr Adjust:+    0.000
      Required Time:=    0.838
       Launch Clock:=    0.000
          Data Path:+    0.059
              Slack:=    0.778
     Timing Path:

#-------------------------------------------------------------------------------
# Timing Point     Flags  Arc    Edge  Cell       Fanout  Trans   Delay  Arrival  
#                                                          (ns)    (ns)     (ns)  
#-------------------------------------------------------------------------------
  rst_n            -      rst_n  R     (arrival)      16  0.003   0.059    0.059  
  count_reg[2]/RN  -      RN     R     DFFRX4         16  0.111   0.000    0.059  
#-------------------------------------------------------------------------------
     Other End Path:

#-----------------------------------------------------------------------------
# Timing Point     Flags  Arc  Edge  Cell       Fanout  Trans   Delay  Arrival  
#                                                        (ns)    (ns)     (ns)  
#-----------------------------------------------------------------------------
  clk              -      clk  R     (arrival)      16  0.003   0.002    0.987  
  count_reg[2]/CK  -      CK   R     DFFRX4         16  0.004   0.000    0.987  
#-----------------------------------------------------------------------------
Path 20: MET (0.779 ns) Recovery Check with Pin count_reg[1]/CK->RN
               View: tt_v1.8_25C_Nominal_25_func
              Group: async_default
         Startpoint: (R) rst_n
              Clock:
           Endpoint: (R) count_reg[1]/RN
              Clock: (R) core_clock

                       Capture       Launch
         Clock Edge:+    1.000        0.000
        Src Latency:+   -0.015        0.000
        Net Latency:+    0.002 (P)    0.000 (I)
            Arrival:=    0.987        0.000

           Recovery:-   -0.101
        Uncertainty:-    0.250
        Cppr Adjust:+    0.000
      Required Time:=    0.838
       Launch Clock:=    0.000
          Data Path:+    0.059
              Slack:=    0.779
     Timing Path:

#-------------------------------------------------------------------------------
# Timing Point     Flags  Arc    Edge  Cell       Fanout  Trans   Delay  Arrival  
#                                                          (ns)    (ns)     (ns)  
#-------------------------------------------------------------------------------
  rst_n            -      rst_n  R     (arrival)      16  0.003   0.059    0.059  
  count_reg[1]/RN  -      RN     R     DFFRX4         16  0.111   0.000    0.059  
#-------------------------------------------------------------------------------
     Other End Path:

#-----------------------------------------------------------------------------
# Timing Point     Flags  Arc  Edge  Cell       Fanout  Trans   Delay  Arrival  
#                                                        (ns)    (ns)     (ns)  
#-----------------------------------------------------------------------------
  clk              -      clk  R     (arrival)      16  0.003   0.002    0.987  
  count_reg[1]/CK  -      CK   R     DFFRX4         16  0.004   0.000    0.987  
#-----------------------------------------------------------------------------
Path 21: MET (0.779 ns) Recovery Check with Pin count_reg[3]/CK->RN
               View: tt_v1.8_25C_Nominal_25_func
              Group: async_default
         Startpoint: (R) rst_n
              Clock:
           Endpoint: (R) count_reg[3]/RN
              Clock: (R) core_clock

                       Capture       Launch
         Clock Edge:+    1.000        0.000
        Src Latency:+   -0.015        0.000
        Net Latency:+    0.002 (P)    0.000 (I)
            Arrival:=    0.987        0.000

           Recovery:-   -0.101
        Uncertainty:-    0.250
        Cppr Adjust:+    0.000
      Required Time:=    0.838
       Launch Clock:=    0.000
          Data Path:+    0.059
              Slack:=    0.779
     Timing Path:

#-------------------------------------------------------------------------------
# Timing Point     Flags  Arc    Edge  Cell       Fanout  Trans   Delay  Arrival  
#                                                          (ns)    (ns)     (ns)  
#-------------------------------------------------------------------------------
  rst_n            -      rst_n  R     (arrival)      16  0.003   0.059    0.059  
  count_reg[3]/RN  -      RN     R     DFFRX4         16  0.111   0.000    0.059  
#-------------------------------------------------------------------------------
     Other End Path:

#-----------------------------------------------------------------------------
# Timing Point     Flags  Arc  Edge  Cell       Fanout  Trans   Delay  Arrival  
#                                                        (ns)    (ns)     (ns)  
#-----------------------------------------------------------------------------
  clk              -      clk  R     (arrival)      16  0.003   0.002    0.987  
  count_reg[3]/CK  -      CK   R     DFFRX4         16  0.004   0.000    0.987  
#-----------------------------------------------------------------------------
Path 22: MET (0.779 ns) Recovery Check with Pin count_reg[4]/CK->RN
               View: tt_v1.8_25C_Nominal_25_func
              Group: async_default
         Startpoint: (R) rst_n
              Clock:
           Endpoint: (R) count_reg[4]/RN
              Clock: (R) core_clock

                       Capture       Launch
         Clock Edge:+    1.000        0.000
        Src Latency:+   -0.015        0.000
        Net Latency:+    0.002 (P)    0.000 (I)
            Arrival:=    0.987        0.000

           Recovery:-   -0.101
        Uncertainty:-    0.250
        Cppr Adjust:+    0.000
      Required Time:=    0.838
       Launch Clock:=    0.000
          Data Path:+    0.059
              Slack:=    0.779
     Timing Path:

#-------------------------------------------------------------------------------
# Timing Point     Flags  Arc    Edge  Cell       Fanout  Trans   Delay  Arrival  
#                                                          (ns)    (ns)     (ns)  
#-------------------------------------------------------------------------------
  rst_n            -      rst_n  R     (arrival)      16  0.003   0.059    0.059  
  count_reg[4]/RN  -      RN     R     DFFRX4         16  0.111   0.000    0.059  
#-------------------------------------------------------------------------------
     Other End Path:

#-----------------------------------------------------------------------------
# Timing Point     Flags  Arc  Edge  Cell       Fanout  Trans   Delay  Arrival  
#                                                        (ns)    (ns)     (ns)  
#-----------------------------------------------------------------------------
  clk              -      clk  R     (arrival)      16  0.003   0.002    0.987  
  count_reg[4]/CK  -      CK   R     DFFRX4         16  0.004   0.000    0.987  
#-----------------------------------------------------------------------------
Path 23: MET (0.779 ns) Recovery Check with Pin count_reg[7]/CK->RN
               View: tt_v1.8_25C_Nominal_25_func
              Group: async_default
         Startpoint: (R) rst_n
              Clock:
           Endpoint: (R) count_reg[7]/RN
              Clock: (R) core_clock

                       Capture       Launch
         Clock Edge:+    1.000        0.000
        Src Latency:+   -0.015        0.000
        Net Latency:+    0.002 (P)    0.000 (I)
            Arrival:=    0.987        0.000

           Recovery:-   -0.101
        Uncertainty:-    0.250
        Cppr Adjust:+    0.000
      Required Time:=    0.838
       Launch Clock:=    0.000
          Data Path:+    0.059
              Slack:=    0.779
     Timing Path:

#-------------------------------------------------------------------------------
# Timing Point     Flags  Arc    Edge  Cell       Fanout  Trans   Delay  Arrival  
#                                                          (ns)    (ns)     (ns)  
#-------------------------------------------------------------------------------
  rst_n            -      rst_n  R     (arrival)      16  0.003   0.059    0.059  
  count_reg[7]/RN  -      RN     R     DFFRX4         16  0.111   0.000    0.059  
#-------------------------------------------------------------------------------
     Other End Path:

#-----------------------------------------------------------------------------
# Timing Point     Flags  Arc  Edge  Cell       Fanout  Trans   Delay  Arrival  
#                                                        (ns)    (ns)     (ns)  
#-----------------------------------------------------------------------------
  clk              -      clk  R     (arrival)      16  0.003   0.002    0.987  
  count_reg[7]/CK  -      CK   R     DFFRX4         16  0.004   0.000    0.987  
#-----------------------------------------------------------------------------
Path 24: MET (0.779 ns) Recovery Check with Pin count_reg[9]/CK->RN
               View: tt_v1.8_25C_Nominal_25_func
              Group: async_default
         Startpoint: (R) rst_n
              Clock:
           Endpoint: (R) count_reg[9]/RN
              Clock: (R) core_clock

                       Capture       Launch
         Clock Edge:+    1.000        0.000
        Src Latency:+   -0.015        0.000
        Net Latency:+    0.002 (P)    0.000 (I)
            Arrival:=    0.987        0.000

           Recovery:-   -0.101
        Uncertainty:-    0.250
        Cppr Adjust:+    0.000
      Required Time:=    0.838
       Launch Clock:=    0.000
          Data Path:+    0.058
              Slack:=    0.779
     Timing Path:

#-------------------------------------------------------------------------------
# Timing Point     Flags  Arc    Edge  Cell       Fanout  Trans   Delay  Arrival  
#                                                          (ns)    (ns)     (ns)  
#-------------------------------------------------------------------------------
  rst_n            -      rst_n  R     (arrival)      16  0.003   0.058    0.058  
  count_reg[9]/RN  -      RN     R     DFFRX4         16  0.111   0.000    0.058  
#-------------------------------------------------------------------------------
     Other End Path:

#-----------------------------------------------------------------------------
# Timing Point     Flags  Arc  Edge  Cell       Fanout  Trans   Delay  Arrival  
#                                                        (ns)    (ns)     (ns)  
#-----------------------------------------------------------------------------
  clk              -      clk  R     (arrival)      16  0.003   0.002    0.987  
  count_reg[9]/CK  -      CK   R     DFFRX4         16  0.004   0.000    0.987  
#-----------------------------------------------------------------------------
Path 25: MET (0.780 ns) Recovery Check with Pin count_reg[0]/CK->RN
               View: tt_v1.8_25C_Nominal_25_func
              Group: async_default
         Startpoint: (R) rst_n
              Clock:
           Endpoint: (R) count_reg[0]/RN
              Clock: (R) core_clock

                       Capture       Launch
         Clock Edge:+    1.000        0.000
        Src Latency:+   -0.015        0.000
        Net Latency:+    0.002 (P)    0.000 (I)
            Arrival:=    0.987        0.000

           Recovery:-   -0.101
        Uncertainty:-    0.250
        Cppr Adjust:+    0.000
      Required Time:=    0.838
       Launch Clock:=    0.000
          Data Path:+    0.058
              Slack:=    0.780
     Timing Path:

#-------------------------------------------------------------------------------
# Timing Point     Flags  Arc    Edge  Cell       Fanout  Trans   Delay  Arrival  
#                                                          (ns)    (ns)     (ns)  
#-------------------------------------------------------------------------------
  rst_n            -      rst_n  R     (arrival)      16  0.003   0.058    0.058  
  count_reg[0]/RN  -      RN     R     DFFRX4         16  0.111   0.000    0.058  
#-------------------------------------------------------------------------------
     Other End Path:

#-----------------------------------------------------------------------------
# Timing Point     Flags  Arc  Edge  Cell       Fanout  Trans   Delay  Arrival  
#                                                        (ns)    (ns)     (ns)  
#-----------------------------------------------------------------------------
  clk              -      clk  R     (arrival)      16  0.003   0.002    0.987  
  count_reg[0]/CK  -      CK   R     DFFRX4         16  0.004   0.000    0.987  
#-----------------------------------------------------------------------------
Path 26: MET (0.780 ns) Recovery Check with Pin count_reg[13]/CK->RN
               View: tt_v1.8_25C_Nominal_25_func
              Group: async_default
         Startpoint: (R) rst_n
              Clock:
           Endpoint: (R) count_reg[13]/RN
              Clock: (R) core_clock

                       Capture       Launch
         Clock Edge:+    1.000        0.000
        Src Latency:+   -0.015        0.000
        Net Latency:+    0.001 (P)    0.000 (I)
            Arrival:=    0.986        0.000

           Recovery:-   -0.101
        Uncertainty:-    0.250
        Cppr Adjust:+    0.000
      Required Time:=    0.837
       Launch Clock:=    0.000
          Data Path:+    0.057
              Slack:=    0.780
     Timing Path:

#--------------------------------------------------------------------------------
# Timing Point      Flags  Arc    Edge  Cell       Fanout  Trans   Delay  Arrival  
#                                                           (ns)    (ns)     (ns)  
#--------------------------------------------------------------------------------
  rst_n             -      rst_n  R     (arrival)      16  0.003   0.057    0.057  
  count_reg[13]/RN  -      RN     R     DFFRX4         16  0.111   0.000    0.057  
#--------------------------------------------------------------------------------
     Other End Path:

#------------------------------------------------------------------------------
# Timing Point      Flags  Arc  Edge  Cell       Fanout  Trans   Delay  Arrival  
#                                                         (ns)    (ns)     (ns)  
#------------------------------------------------------------------------------
  clk               -      clk  R     (arrival)      16  0.003   0.001    0.986  
  count_reg[13]/CK  -      CK   R     DFFRX4         16  0.004   0.000    0.986  
#------------------------------------------------------------------------------
Path 27: MET (0.780 ns) Recovery Check with Pin count_reg[14]/CK->RN
               View: tt_v1.8_25C_Nominal_25_func
              Group: async_default
         Startpoint: (R) rst_n
              Clock:
           Endpoint: (R) count_reg[14]/RN
              Clock: (R) core_clock

                       Capture       Launch
         Clock Edge:+    1.000        0.000
        Src Latency:+   -0.015        0.000
        Net Latency:+    0.002 (P)    0.000 (I)
            Arrival:=    0.987        0.000

           Recovery:-   -0.101
        Uncertainty:-    0.250
        Cppr Adjust:+    0.000
      Required Time:=    0.837
       Launch Clock:=    0.000
          Data Path:+    0.057
              Slack:=    0.780
     Timing Path:

#--------------------------------------------------------------------------------
# Timing Point      Flags  Arc    Edge  Cell       Fanout  Trans   Delay  Arrival  
#                                                           (ns)    (ns)     (ns)  
#--------------------------------------------------------------------------------
  rst_n             -      rst_n  R     (arrival)      16  0.003   0.057    0.057  
  count_reg[14]/RN  -      RN     R     DFFRX4         16  0.111   0.000    0.057  
#--------------------------------------------------------------------------------
     Other End Path:

#------------------------------------------------------------------------------
# Timing Point      Flags  Arc  Edge  Cell       Fanout  Trans   Delay  Arrival  
#                                                         (ns)    (ns)     (ns)  
#------------------------------------------------------------------------------
  clk               -      clk  R     (arrival)      16  0.003   0.002    0.987  
  count_reg[14]/CK  -      CK   R     DFFRX4         16  0.004   0.000    0.987  
#------------------------------------------------------------------------------
Path 28: MET (0.781 ns) Recovery Check with Pin count_reg[12]/CK->RN
               View: tt_v1.8_25C_Nominal_25_func
              Group: async_default
         Startpoint: (R) rst_n
              Clock:
           Endpoint: (R) count_reg[12]/RN
              Clock: (R) core_clock

                       Capture       Launch
         Clock Edge:+    1.000        0.000
        Src Latency:+   -0.015        0.000
        Net Latency:+    0.001 (P)    0.000 (I)
            Arrival:=    0.987        0.000

           Recovery:-   -0.101
        Uncertainty:-    0.250
        Cppr Adjust:+    0.000
      Required Time:=    0.837
       Launch Clock:=    0.000
          Data Path:+    0.056
              Slack:=    0.781
     Timing Path:

#--------------------------------------------------------------------------------
# Timing Point      Flags  Arc    Edge  Cell       Fanout  Trans   Delay  Arrival  
#                                                           (ns)    (ns)     (ns)  
#--------------------------------------------------------------------------------
  rst_n             -      rst_n  R     (arrival)      16  0.003   0.056    0.056  
  count_reg[12]/RN  -      RN     R     DFFRX4         16  0.111   0.000    0.056  
#--------------------------------------------------------------------------------
     Other End Path:

#------------------------------------------------------------------------------
# Timing Point      Flags  Arc  Edge  Cell       Fanout  Trans   Delay  Arrival  
#                                                         (ns)    (ns)     (ns)  
#------------------------------------------------------------------------------
  clk               -      clk  R     (arrival)      16  0.003   0.001    0.987  
  count_reg[12]/CK  -      CK   R     DFFRX4         16  0.004   0.000    0.987  
#------------------------------------------------------------------------------
Path 29: MET (0.783 ns) Recovery Check with Pin count_reg[10]/CK->RN
               View: tt_v1.8_25C_Nominal_25_func
              Group: async_default
         Startpoint: (R) rst_n
              Clock:
           Endpoint: (R) count_reg[10]/RN
              Clock: (R) core_clock

                       Capture       Launch
         Clock Edge:+    1.000        0.000
        Src Latency:+   -0.015        0.000
        Net Latency:+    0.002 (P)    0.000 (I)
            Arrival:=    0.987        0.000

           Recovery:-   -0.101
        Uncertainty:-    0.250
        Cppr Adjust:+    0.000
      Required Time:=    0.837
       Launch Clock:=    0.000
          Data Path:+    0.054
              Slack:=    0.783
     Timing Path:

#--------------------------------------------------------------------------------
# Timing Point      Flags  Arc    Edge  Cell       Fanout  Trans   Delay  Arrival  
#                                                           (ns)    (ns)     (ns)  
#--------------------------------------------------------------------------------
  rst_n             -      rst_n  R     (arrival)      16  0.003   0.054    0.054  
  count_reg[10]/RN  -      RN     R     DFFRX4         16  0.111   0.000    0.054  
#--------------------------------------------------------------------------------
     Other End Path:

#------------------------------------------------------------------------------
# Timing Point      Flags  Arc  Edge  Cell       Fanout  Trans   Delay  Arrival  
#                                                         (ns)    (ns)     (ns)  
#------------------------------------------------------------------------------
  clk               -      clk  R     (arrival)      16  0.003   0.002    0.987  
  count_reg[10]/CK  -      CK   R     DFFRX4         16  0.004   0.000    0.987  
#------------------------------------------------------------------------------
Path 30: MET (0.783 ns) Recovery Check with Pin count_reg[15]/CK->RN
               View: tt_v1.8_25C_Nominal_25_func
              Group: async_default
         Startpoint: (R) rst_n
              Clock:
           Endpoint: (R) count_reg[15]/RN
              Clock: (R) core_clock

                       Capture       Launch
         Clock Edge:+    1.000        0.000
        Src Latency:+   -0.015        0.000
        Net Latency:+    0.002 (P)    0.000 (I)
            Arrival:=    0.987        0.000

           Recovery:-   -0.101
        Uncertainty:-    0.250
        Cppr Adjust:+    0.000
      Required Time:=    0.837
       Launch Clock:=    0.000
          Data Path:+    0.054
              Slack:=    0.783
     Timing Path:

#--------------------------------------------------------------------------------
# Timing Point      Flags  Arc    Edge  Cell       Fanout  Trans   Delay  Arrival  
#                                                           (ns)    (ns)     (ns)  
#--------------------------------------------------------------------------------
  rst_n             -      rst_n  R     (arrival)      16  0.003   0.054    0.054  
  count_reg[15]/RN  -      RN     R     DFFRX4         16  0.111   0.000    0.054  
#--------------------------------------------------------------------------------
     Other End Path:

#------------------------------------------------------------------------------
# Timing Point      Flags  Arc  Edge  Cell       Fanout  Trans   Delay  Arrival  
#                                                         (ns)    (ns)     (ns)  
#------------------------------------------------------------------------------
  clk               -      clk  R     (arrival)      16  0.003   0.002    0.987  
  count_reg[15]/CK  -      CK   R     DFFRX4         16  0.004   0.000    0.987  
#------------------------------------------------------------------------------
Path 31: MET (0.784 ns) Recovery Check with Pin count_reg[8]/CK->RN
               View: tt_v1.8_25C_Nominal_25_func
              Group: async_default
         Startpoint: (R) rst_n
              Clock:
           Endpoint: (R) count_reg[8]/RN
              Clock: (R) core_clock

                       Capture       Launch
         Clock Edge:+    1.000        0.000
        Src Latency:+   -0.015        0.000
        Net Latency:+    0.001 (P)    0.000 (I)
            Arrival:=    0.987        0.000

           Recovery:-   -0.101
        Uncertainty:-    0.250
        Cppr Adjust:+    0.000
      Required Time:=    0.837
       Launch Clock:=    0.000
          Data Path:+    0.053
              Slack:=    0.784
     Timing Path:

#-------------------------------------------------------------------------------
# Timing Point     Flags  Arc    Edge  Cell       Fanout  Trans   Delay  Arrival  
#                                                          (ns)    (ns)     (ns)  
#-------------------------------------------------------------------------------
  rst_n            -      rst_n  R     (arrival)      16  0.003   0.053    0.053  
  count_reg[8]/RN  -      RN     R     DFFRX4         16  0.111   0.000    0.053  
#-------------------------------------------------------------------------------
     Other End Path:

#-----------------------------------------------------------------------------
# Timing Point     Flags  Arc  Edge  Cell       Fanout  Trans   Delay  Arrival  
#                                                        (ns)    (ns)     (ns)  
#-----------------------------------------------------------------------------
  clk              -      clk  R     (arrival)      16  0.003   0.001    0.987  
  count_reg[8]/CK  -      CK   R     DFFRX4         16  0.004   0.000    0.987  
#-----------------------------------------------------------------------------
Path 32: MET (0.785 ns) Recovery Check with Pin count_reg[11]/CK->RN
               View: tt_v1.8_25C_Nominal_25_func
              Group: async_default
         Startpoint: (R) rst_n
              Clock:
           Endpoint: (R) count_reg[11]/RN
              Clock: (R) core_clock

                       Capture       Launch
         Clock Edge:+    1.000        0.000
        Src Latency:+   -0.015        0.000
        Net Latency:+    0.002 (P)    0.000 (I)
            Arrival:=    0.987        0.000

           Recovery:-   -0.101
        Uncertainty:-    0.250
        Cppr Adjust:+    0.000
      Required Time:=    0.837
       Launch Clock:=    0.000
          Data Path:+    0.053
              Slack:=    0.785
     Timing Path:

#--------------------------------------------------------------------------------
# Timing Point      Flags  Arc    Edge  Cell       Fanout  Trans   Delay  Arrival  
#                                                           (ns)    (ns)     (ns)  
#--------------------------------------------------------------------------------
  rst_n             -      rst_n  R     (arrival)      16  0.003   0.053    0.053  
  count_reg[11]/RN  -      RN     R     DFFRX4         16  0.111   0.000    0.053  
#--------------------------------------------------------------------------------
     Other End Path:

#------------------------------------------------------------------------------
# Timing Point      Flags  Arc  Edge  Cell       Fanout  Trans   Delay  Arrival  
#                                                         (ns)    (ns)     (ns)  
#------------------------------------------------------------------------------
  clk               -      clk  R     (arrival)      16  0.003   0.002    0.987  
  count_reg[11]/CK  -      CK   R     DFFRX4         16  0.004   0.000    0.987  
#------------------------------------------------------------------------------

